    Checking olympus v13.0.0 (/home/tdy/Documentos/rocky)
error[E0433]: failed to resolve: use of unresolved module or unlinked crate `futures`
   --> src/actors/erinyes/recovery.rs:370:5
    |
370 | use futures::future::BoxFuture;
    |     ^^^^^^^ use of unresolved module or unlinked crate `futures`
    |
    = help: if you wanted to use a crate named `futures`, use `cargo add futures` to add it to your `Cargo.toml`

error[E0432]: unresolved import `super::HeartbeatConfig`
  --> src/actors/erinyes/heartbeat.rs:12:22
   |
12 | use super::{GodName, HeartbeatConfig};
   |                      ^^^^^^^^^^^^^^^
   |                      |
   |                      no `HeartbeatConfig` in `actors::erinyes`
   |                      help: a similar name exists in the module: `HeartbeatMonitor`

error: cannot find macro `json` in this scope
   --> src/actors/hermes/mod.rs:189:84
    |
189 | ...   if let Ok(god) = serde_json::from_value::<GodName>(json!(god...
    |                                                          ^^^^
    |
help: consider importing this macro
    |
  5 + use serde_json::json;
    |

error: cannot find macro `debug` in this scope
   --> src/actors/hades/audit.rs:194:21
    |
194 | ...   debug!("ðŸ“ Audit: {} by {} on {} - SUCCESS", action, actor, re...
    |       ^^^^^
    |
help: consider importing this macro
    |
  5 + use tracing::debug;
    |

error[E0407]: method `handle_command` is not a member of trait `OlympianActor`
   --> src/actors/erinyes/mod.rs:335:5
    |
335 | /     async fn handle_command(&mut self, cmd: CommandPayload) -> R...
336 | |         match cmd {
337 | |             CommandPayload::ConfigureHeartbeat { actor, interval...
338 | |                 self.heartbeat_monitor.set_interval(actor, inter...
...   |
369 | |     }
    | |_____^ not a member of trait `OlympianActor`

error[E0407]: method `handle_query` is not a member of trait `OlympianActor`
   --> src/actors/erinyes/mod.rs:371:5
    |
371 | /     async fn handle_query(&self, query: QueryPayload) -> Result<...
372 | |         match query {
373 | |             QueryPayload::GetStats => {
374 | |                 let heartbeat_stats = self.heartbeat_monitor.get...
...   |
459 | |     }
    | |_____^ not a member of trait `OlympianActor`

error[E0407]: method `handle_event` is not a member of trait `OlympianActor`
   --> src/actors/erinyes/mod.rs:461:5
    |
461 | /     async fn handle_event(&mut self, event: crate::traits::messa...
462 | |         match event {
463 | |             crate::traits::message::EventPayload::ActorPanicked ...
464 | |                 self.watchdog.report_panic(actor, error.clone(),...
...   |
501 | |     }
    | |_____^ not a member of trait `OlympianActor`

error[E0407]: method `persistent_state_async` is not a member of trait `OlympianActor`
   --> src/actors/erinyes/mod.rs:511:5
    |
511 |       async fn persistent_state_async(&self) -> serde_json::Value {
    |       ^        ---------------------- help: there is an associated function with a similar name: `persistent_state`
    |  _____|
    | |
512 | |         let monitored = self.heartbeat_monitor.monitored_count()...
513 | |         let dead_letters = self.dead_letter_queue.len().await;
514 | |         let alerts = self.alert_system.critical_count().await;
...   |
523 | |         })
524 | |     }
    | |_____^ not a member of trait `OlympianActor`

error[E0407]: method `handle_command` is not a member of trait `OlympianActor`
   --> src/actors/hermes/mod.rs:130:5
    |
130 | /     async fn handle_command(&mut self, cmd: CommandPayload) -> R...
131 | |         match cmd {
132 | |             CommandPayload::Custom(data) => {
...   |
148 | |     }
    | |_____^ not a member of trait `OlympianActor`

error[E0407]: method `handle_query` is not a member of trait `OlympianActor`
   --> src/actors/hermes/mod.rs:150:5
    |
150 | /     async fn handle_query(&self, query: QueryPayload) -> Result<...
151 | |         match query {
152 | |             QueryPayload::GetStats => {
153 | |                 let delivered = self.delivery_tracker.delivered_...
...   |
228 | |     }
    | |_____^ not a member of trait `OlympianActor`

error[E0407]: method `persistent_state_async` is not a member of trait `OlympianActor`
   --> src/actors/hermes/mod.rs:239:5
    |
239 |       async fn persistent_state_async(&self) -> serde_json::Value {
    |       ^        ---------------------- help: there is an associated function with a similar name: `persistent_state`
    |  _____|
    | |
240 | |         let delivered = self.delivery_tracker.delivered_count()....
241 | |         let failed = self.delivery_tracker.failed_count().await;
242 | |         let router = self.router.read().await;
...   |
250 | |         })
251 | |     }
    | |_____^ not a member of trait `OlympianActor`

error[E0407]: method `handle_command` is not a member of trait `OlympianActor`
   --> src/actors/hades/mod.rs:251:5
    |
251 | /     async fn handle_command(&mut self, cmd: CommandPayload) -> R...
252 | |         match cmd {
253 | |             CommandPayload::Custom(data) => {
254 | |                 if let Ok(hades_cmd) = serde_json::from_value::<...
...   |
268 | |     }
    | |_____^ not a member of trait `OlympianActor`

error[E0407]: method `handle_query` is not a member of trait `OlympianActor`
   --> src/actors/hades/mod.rs:270:5
    |
270 | /     async fn handle_query(&self, query: QueryPayload) -> Result<...
271 | |         match query {
272 | |             QueryPayload::GetStats => {
273 | |                 let encryption_stats = async {
...   |
343 | |     }
    | |_____^ not a member of trait `OlympianActor`

error[E0407]: method `handle_event` is not a member of trait `OlympianActor`
   --> src/actors/hades/mod.rs:345:5
    |
345 | /     async fn handle_event(&mut self, _event: crate::traits::mess...
346 | |         Ok(ResponsePayload::Ack { message_id: uuid::Uuid::new_v4...
347 | |     }
    | |_____^ not a member of trait `OlympianActor`

error[E0408]: variable `e` is not bound in all patterns
   --> src/actors/hestia/mod.rs:457:13
    |
457 |             Ok(_) | Err(e) => {
    |             ^^^^^       - variable not in all patterns
    |             |
    |             pattern doesn't bind `e`

error[E0433]: failed to resolve: use of unresolved module or unlinked crate `futures`
   --> src/actors/erinyes/recovery.rs:142:80
    |
142 | ...n: impl Fn(GodName) -> futures::future::BoxFuture<'static, Resu...
    |                           ^^^^^^^ use of unresolved module or unlinked crate `futures`
    |
    = help: if you wanted to use a crate named `futures`, use `cargo add futures` to add it to your `Cargo.toml`
help: consider importing this module
    |
  5 + use futures_util::future;
    |
help: if you import `future`, refer to it directly
    |
142 -     pub async fn start_recovery_worker(&self, recovery_fn: impl Fn(GodName) -> futures::future::BoxFuture<'static, Result<(), ActorError>> + Send + Sync + 'static) {
142 +     pub async fn start_recovery_worker(&self, recovery_fn: impl Fn(GodName) -> future::BoxFuture<'static, Result<(), ActorError>> + Send + Sync + 'static) {
    |

error[E0425]: cannot find value `circuit_breaker` in this scope
   --> src/actors/erinyes/recovery.rs:294:18
    |
294 |         let cb = circuit_breaker.read().await;
    |                  ^^^^^^^^^^^^^^^
    |
help: you might have meant to use the available field
    |
294 |         let cb = self.circuit_breaker.read().await;
    |                  +++++

error[E0425]: cannot find value `circuit_breaker` in this scope
   --> src/actors/erinyes/recovery.rs:299:22
    |
299 |         let mut cb = circuit_breaker.write().await;
    |                      ^^^^^^^^^^^^^^^
    |
help: you might have meant to use the available field
    |
299 |         let mut cb = self.circuit_breaker.write().await;
    |                      +++++

error[E0433]: failed to resolve: use of undeclared type `Duration`
   --> src/actors/hades/mod.rs:426:31
    |
426 |         auth.cleanup_sessions(Duration::from_secs(0)).await;
    |                               ^^^^^^^^ use of undeclared type `Duration`
    |
help: consider importing one of these items
    |
  5 + use std::time::Duration;
    |
  5 + use chrono::Duration;
    |
  5 + use ractor::concurrency::Duration;
    |
  5 + use surrealdb::sql::Duration;
    |
    = and 1 other candidate

error[E0433]: failed to resolve: use of undeclared type `Duration`
   --> src/actors/hades/mod.rs:553:50
    |
553 | ..._old_logs(Duration::from_secs(max_age_days * 24 * 60 * 60)).await;
    |              ^^^^^^^^ use of undeclared type `Duration`
    |
help: consider importing one of these items
    |
  5 + use std::time::Duration;
    |
  5 + use chrono::Duration;
    |
  5 + use ractor::concurrency::Duration;
    |
  5 + use surrealdb::sql::Duration;
    |
    = and 1 other candidate

error[E0425]: cannot find type `Arc` in this scope
  --> src/infrastructure/surreal.rs:53:13
   |
53 |     client: Arc<tokio::sync::RwLock<Option<surrealdb::Surreal<surre...
   |             ^^^ not found in this scope
   |
help: consider importing this struct
   |
 5 + use std::sync::Arc;
   |

error[E0433]: failed to resolve: use of undeclared type `Arc`
  --> src/infrastructure/surreal.rs:60:21
   |
60 |             client: Arc::new(tokio::sync::RwLock::new(None)),
   |                     ^^^ use of undeclared type `Arc`
   |
help: consider importing this struct
   |
 5 + use std::sync::Arc;
   |

error[E0425]: cannot find type `Arc` in this scope
   --> src/infrastructure/surreal.rs:161:31
    |
161 | pub type SharedSurrealStore = Arc<SurrealStore>;
    |                               ^^^ not found in this scope
    |
help: consider importing this struct
    |
  5 + use std::sync::Arc;
    |

error[E0603]: unresolved item import `HeartbeatConfig` is private
  --> src/actors/erinyes/mod.rs:25:71
   |
25 | ...atStats, HeartbeatConfig};
   |             ^^^^^^^^^^^^^^^ private unresolved item import
   |
note: the unresolved item import `HeartbeatConfig` is defined here
  --> src/actors/erinyes/heartbeat.rs:12:22
   |
12 | use super::{GodName, HeartbeatConfig};
   |                      ^^^^^^^^^^^^^^^

warning: unused import: `watch`
 --> src/actors/zeus/mod.rs:8:44
  |
8 | use tokio::sync::{RwLock, broadcast, mpsc, watch};
  |                                            ^^^^^
  |
  = note: `#[warn(unused_imports)]` (part of `#[warn(unused)]`) on by default

warning: unused import: `Instant`
 --> src/actors/zeus/mod.rs:9:39
  |
9 | use tokio::time::{interval, Duration, Instant};
  |                                       ^^^^^^^

warning: unused import: `debug`
  --> src/actors/zeus/mod.rs:10:34
   |
10 | use tracing::{info, warn, error, debug};
   |                                  ^^^^^

warning: unused import: `SystemStatus`
  --> src/actors/zeus/mod.rs:12:74
   |
12 | ...pusState, OlympusMetrics, SystemStatus};
   |                              ^^^^^^^^^^^^

warning: unused import: `std::sync::Arc`
 --> src/actors/zeus/thunder.rs:6:5
  |
6 | use std::sync::Arc;
  |     ^^^^^^^^^^^^^^

warning: unused import: `HashSet`
 --> src/actors/zeus/supervisor.rs:6:33
  |
6 | use std::collections::{HashMap, HashSet, VecDeque};
  |                                 ^^^^^^^

warning: unused import: `Instant`
 --> src/actors/zeus/supervisor.rs:9:39
  |
9 | use tokio::time::{interval, Duration, Instant};
  |                                       ^^^^^^^

warning: unused import: `error`
  --> src/actors/zeus/governance.rs:10:27
   |
10 | use tracing::{info, warn, error};
   |                           ^^^^^

warning: unused import: `std::path::Path`
 --> src/actors/zeus/config.rs:8:5
  |
8 | use std::path::Path;
  |     ^^^^^^^^^^^^^^^

warning: unused import: `error`
 --> src/actors/zeus/config.rs:9:27
  |
9 | use tracing::{info, warn, error};
  |                           ^^^^^

warning: unused import: `std::collections::HashMap`
 --> src/actors/erinyes/mod.rs:8:5
  |
8 | use std::collections::HashMap;
  |     ^^^^^^^^^^^^^^^^^^^^^^^^^

warning: unused import: `Instant`
  --> src/actors/erinyes/mod.rs:10:39
   |
10 | use tokio::time::{interval, Duration, Instant};
   |                                       ^^^^^^^

warning: unused imports: `debug` and `error`
  --> src/actors/erinyes/mod.rs:11:27
   |
11 | use tracing::{info, warn, error, debug};
   |                           ^^^^^  ^^^^^

warning: unused import: `Duration`
 --> src/actors/erinyes/heartbeat.rs:9:17
  |
9 | use std::time::{Duration, Instant};
  |                 ^^^^^^^^

warning: unused import: `error`
  --> src/actors/erinyes/heartbeat.rs:10:27
   |
10 | use tracing::{info, warn, error, debug};
   |                           ^^^^^

warning: unused import: `crate::traits::message::RecoveryStrategy`
  --> src/actors/erinyes/heartbeat.rs:13:5
   |
13 | use crate::traits::message::RecoveryStrategy;
   |     ^^^^^^^^^^^^^^^^^^^^^^^^^^^^^^^^^^^^^^^^

warning: unused imports: `Duration` and `sleep`
 --> src/actors/erinyes/recovery.rs:9:19
  |
9 | use tokio::time::{sleep, Duration, Instant};
  |                   ^^^^^  ^^^^^^^^

warning: unused imports: `debug` and `error`
  --> src/actors/erinyes/recovery.rs:10:27
   |
10 | use tracing::{info, warn, error, debug};
   |                           ^^^^^  ^^^^^

warning: unused import: `info`
  --> src/actors/erinyes/watchdog.rs:10:15
   |
10 | use tracing::{info, warn, error, debug};
   |               ^^^^

warning: unused import: `trace`
  --> src/actors/poseidon/mod.rs:13:35
   |
13 | use tracing::{debug, error, info, trace, warn};
   |                                   ^^^^^

warning: unused import: `TrendDirection`
 --> src/actors/athena/predictions.rs:5:46
  |
5 | use super::analysis::{PatientAnalysisResult, TrendDirection};
  |                                              ^^^^^^^^^^^^^^

warning: unused import: `ActorStatus`
 --> src/actors/apollo/mod.rs:9:61
  |
9 | ..., ActorState, ActorConfig, ActorStatus, GodHeartbeat, HealthStatus};
  |                               ^^^^^^^^^^^

warning: unused import: `MessagePayload`
  --> src/actors/apollo/mod.rs:10:44
   |
10 | use crate::traits::message::{ActorMessage, MessagePayload, Response...
   |                                            ^^^^^^^^^^^^^^

warning: unused imports: `Deserialize` and `Serialize`
  --> src/actors/apollo/mod.rs:50:13
   |
50 | use serde::{Deserialize, Serialize};
   |             ^^^^^^^^^^^  ^^^^^^^^^

warning: unused import: `ActorStatus`
 --> src/actors/artemis/mod.rs:9:61
  |
9 | ..., ActorState, ActorConfig, ActorStatus, GodHeartbeat, HealthStatus};
  |                               ^^^^^^^^^^^

warning: unused import: `MessagePayload`
  --> src/actors/artemis/mod.rs:10:44
   |
10 | use crate::traits::message::{ActorMessage, MessagePayload, Response...
   |                                            ^^^^^^^^^^^^^^

warning: unused import: `std::collections::HashMap`
 --> src/actors/hermes/mod.rs:8:5
  |
8 | use std::collections::HashMap;
  |     ^^^^^^^^^^^^^^^^^^^^^^^^^

warning: unused import: `mpsc`
 --> src/actors/hermes/mod.rs:9:27
  |
9 | use tokio::sync::{RwLock, mpsc};
  |                           ^^^^

warning: unused import: `sleep`
  --> src/actors/hermes/mod.rs:10:19
   |
10 | use tokio::time::{sleep, Duration};
   |                   ^^^^^

warning: unused import: `error`
  --> src/actors/hermes/mod.rs:11:27
   |
11 | use tracing::{info, warn, error, debug};
   |                           ^^^^^

warning: unused import: `MessagePayload`
  --> src/actors/hermes/mod.rs:15:44
   |
15 | use crate::traits::message::{ActorMessage, MessagePayload, CommandP...
   |                                            ^^^^^^^^^^^^^^

warning: unused import: `info`
  --> src/actors/hermes/mailbox.rs:10:15
   |
10 | use tracing::{info, warn, debug};
   |               ^^^^

warning: unused import: `std::sync::Arc`
 --> src/actors/hermes/broadcast.rs:6:5
  |
6 | use std::sync::Arc;
  |     ^^^^^^^^^^^^^^

warning: unused import: `std::collections::HashMap`
 --> src/actors/hermes/retry.rs:6:5
  |
6 | use std::collections::HashMap;
  |     ^^^^^^^^^^^^^^^^^^^^^^^^^

warning: unused import: `mpsc`
 --> src/actors/hermes/retry.rs:9:19
  |
9 | use tokio::sync::{mpsc, RwLock};
  |                   ^^^^

warning: unused import: `error`
  --> src/actors/hermes/retry.rs:11:27
   |
11 | use tracing::{info, warn, error};
   |                           ^^^^^

warning: unused import: `DeliveryStatus`
  --> src/actors/hermes/retry.rs:13:39
   |
13 | use super::{GodName, DeliveryTracker, DeliveryStatus};
   |                                       ^^^^^^^^^^^^^^

warning: unused imports: `error` and `warn`
 --> src/actors/hades/mod.rs:9:21
  |
9 | use tracing::{info, warn, error};
  |                     ^^^^  ^^^^^

warning: unused import: `Payload`
  --> src/actors/hades/encryption.rs:11:45
   |
11 | use chacha20poly1305::aead::{Aead, KeyInit, Payload};
   |                                             ^^^^^^^

warning: unused imports: `error` and `warn`
  --> src/actors/hades/encryption.rs:13:21
   |
13 | use tracing::{info, warn, error};
   |                     ^^^^  ^^^^^

warning: unused import: `KeyType`
  --> src/actors/hades/encryption.rs:15:46
   |
15 | use crate::actors::hades::keys::{KeyManager, KeyType};
   |                                              ^^^^^^^

warning: unused import: `errors::Error as JwtError`
  --> src/actors/hades/auth.rs:11:93
   |
11 | ...gKey, DecodingKey, errors::Error as JwtError};
   |                       ^^^^^^^^^^^^^^^^^^^^^^^^^

warning: unused import: `error`
  --> src/actors/hades/auth.rs:12:27
   |
12 | use tracing::{info, warn, error};
   |                           ^^^^^

warning: unused import: `crate::actors::GodName`
  --> src/actors/hades/auth.rs:14:5
   |
14 | use crate::actors::GodName;
   |     ^^^^^^^^^^^^^^^^^^^^^^

warning: unused import: `AuditEntry`
  --> src/actors/hades/auth.rs:15:48
   |
15 | use crate::actors::hades::audit::{AuditLogger, AuditEntry, AuditRes...
   |                                                ^^^^^^^^^^

warning: unused import: `error`
  --> src/actors/hades/keys.rs:11:27
   |
11 | use tracing::{info, warn, error};
   |                           ^^^^^

warning: unused import: `error`
  --> src/actors/hades/audit.rs:10:27
   |
10 | use tracing::{info, warn, error};
   |                           ^^^^^

warning: unused import: `crate::actors::GodName`
  --> src/actors/hades/audit.rs:13:5
   |
13 | use crate::actors::GodName;
   |     ^^^^^^^^^^^^^^^^^^^^^^

warning: unused import: `warn`
 --> src/actors/hera/mod.rs:9:21
  |
9 | use tracing::{info, warn};
  |                     ^^^^

warning: unused import: `ActorStatus`
 --> src/actors/ares/mod.rs:9:61
  |
9 | ..., ActorState, ActorConfig, ActorStatus, GodHeartbeat, HealthStatus};
  |                               ^^^^^^^^^^^

warning: unused import: `MessagePayload`
  --> src/actors/ares/mod.rs:10:44
   |
10 | use crate::traits::message::{ActorMessage, MessagePayload, Response...
   |                                            ^^^^^^^^^^^^^^

warning: unused import: `ActorStatus`
 --> src/actors/hefesto/mod.rs:9:61
  |
9 | ..., ActorState, ActorConfig, ActorStatus, GodHeartbeat, HealthStatus};
  |                               ^^^^^^^^^^^

warning: unused import: `MessagePayload`
  --> src/actors/hefesto/mod.rs:10:44
   |
10 | use crate::traits::message::{ActorMessage, MessagePayload, Response...
   |                                            ^^^^^^^^^^^^^^

warning: unused imports: `Deserialize` and `Serialize`
  --> src/actors/hefesto/mod.rs:50:13
   |
50 | use serde::{Deserialize, Serialize};
   |             ^^^^^^^^^^^  ^^^^^^^^^

warning: unused import: `ActorStatus`
 --> src/actors/chronos/mod.rs:9:61
  |
9 | ..., ActorState, ActorConfig, ActorStatus, GodHeartbeat, HealthStatus};
  |                               ^^^^^^^^^^^

warning: unused import: `MessagePayload`
  --> src/actors/chronos/mod.rs:10:44
   |
10 | use crate::traits::message::{ActorMessage, MessagePayload, Response...
   |                                            ^^^^^^^^^^^^^^

warning: unused import: `std::collections::HashMap`
  --> src/actors/chronos/mod.rs:68:5
   |
68 | use std::collections::HashMap;
   |     ^^^^^^^^^^^^^^^^^^^^^^^^^

warning: unused import: `ActorStatus`
 --> src/actors/moirai/mod.rs:9:61
  |
9 | ..., ActorState, ActorConfig, ActorStatus, GodHeartbeat, HealthStatus};
  |                               ^^^^^^^^^^^

warning: unused import: `MessagePayload`
  --> src/actors/moirai/mod.rs:10:44
   |
10 | use crate::traits::message::{ActorMessage, MessagePayload, Response...
   |                                            ^^^^^^^^^^^^^^

warning: unused import: `ActorStatus`
 --> src/actors/chaos/mod.rs:9:61
  |
9 | ..., ActorState, ActorConfig, ActorStatus, GodHeartbeat, HealthStatus};
  |                               ^^^^^^^^^^^

warning: unused import: `MessagePayload`
  --> src/actors/chaos/mod.rs:10:44
   |
10 | use crate::traits::message::{ActorMessage, MessagePayload, Response...
   |                                            ^^^^^^^^^^^^^^

warning: unused import: `ActorStatus`
 --> src/actors/aurora/mod.rs:9:61
  |
9 | ..., ActorState, ActorConfig, ActorStatus, GodHeartbeat, HealthStatus};
  |                               ^^^^^^^^^^^

warning: unused import: `MessagePayload`
  --> src/actors/aurora/mod.rs:10:44
   |
10 | use crate::traits::message::{ActorMessage, MessagePayload, Response...
   |                                            ^^^^^^^^^^^^^^

warning: unused import: `ActorStatus`
 --> src/actors/aphrodite/mod.rs:9:61
  |
9 | ..., ActorState, ActorConfig, ActorStatus, GodHeartbeat, HealthStatus};
  |                               ^^^^^^^^^^^

warning: unused import: `MessagePayload`
  --> src/actors/aphrodite/mod.rs:10:44
   |
10 | use crate::traits::message::{ActorMessage, MessagePayload, Response...
   |                                            ^^^^^^^^^^^^^^

warning: unused import: `ActorStatus`
 --> src/actors/iris/mod.rs:9:61
  |
9 | ..., ActorState, ActorConfig, ActorStatus, GodHeartbeat, HealthStatus};
  |                               ^^^^^^^^^^^

warning: unused import: `MessagePayload`
  --> src/actors/iris/mod.rs:10:44
   |
10 | use crate::traits::message::{ActorMessage, MessagePayload, Response...
   |                                            ^^^^^^^^^^^^^^

warning: unused import: `ActorStatus`
 --> src/actors/demeter/mod.rs:9:61
  |
9 | ..., ActorState, ActorConfig, ActorStatus, GodHeartbeat, HealthStatus};
  |                               ^^^^^^^^^^^

warning: unused import: `MessagePayload`
  --> src/actors/demeter/mod.rs:10:44
   |
10 | use crate::traits::message::{ActorMessage, MessagePayload, Response...
   |                                            ^^^^^^^^^^^^^^

warning: unused import: `ActorStatus`
 --> src/actors/dionysus/mod.rs:9:61
  |
9 | ..., ActorState, ActorConfig, ActorStatus, GodHeartbeat, HealthStatus};
  |                               ^^^^^^^^^^^

warning: unused import: `MessagePayload`
  --> src/actors/dionysus/mod.rs:10:44
   |
10 | use crate::traits::message::{ActorMessage, MessagePayload, Response...
   |                                            ^^^^^^^^^^^^^^

warning: unused import: `Mutex`
  --> src/actors/hestia/mod.rs:17:27
   |
17 | use tokio::sync::{RwLock, Mutex, mpsc};
   |                           ^^^^^

warning: unused imports: `SystemTime` and `UNIX_EPOCH`
 --> src/actors/hestia/memory_store.rs:7:17
  |
7 | use std::time::{SystemTime, UNIX_EPOCH};
  |                 ^^^^^^^^^^  ^^^^^^^^^^

warning: unused import: `Instant`
 --> src/actors/hestia/cache.rs:9:39
  |
9 | use tokio::time::{interval, Duration, Instant};
  |                                       ^^^^^^^

warning: unused import: `error`
  --> src/actors/hestia/cache.rs:10:34
   |
10 | use tracing::{debug, info, warn, error};
   |                                  ^^^^^

warning: unused imports: `SyncRecord` and `SyncStatus`
  --> src/actors/hestia/cache.rs:14:48
   |
14 | ...:sync::{SyncManager, SyncRecord, SyncStatus};
   |                         ^^^^^^^^^^  ^^^^^^^^^^

warning: unused import: `timeout`
  --> src/actors/hestia/async_buffer.rs:10:36
   |
10 | use tokio::time::{interval, sleep, timeout};
   |                                    ^^^^^^^

warning: unused import: `Mutex`
  --> src/actors/hestia/sync.rs:10:27
   |
10 | use tokio::sync::{RwLock, Mutex, mpsc};
   |                           ^^^^^

warning: unused import: `timeout`
  --> src/actors/hestia/sync.rs:11:36
   |
11 | use tokio::time::{interval, sleep, timeout};
   |                                    ^^^^^^^

warning: unused import: `async_trait::async_trait`
  --> src/actors/mod.rs:52:5
   |
52 | use async_trait::async_trait;
   |     ^^^^^^^^^^^^^^^^^^^^^^^^

warning: unused import: `std::collections::HashMap`
  --> src/actors/mod.rs:54:5
   |
54 | use std::collections::HashMap;
   |     ^^^^^^^^^^^^^^^^^^^^^^^^^

warning: unused import: `std::sync::Arc`
  --> src/actors/mod.rs:55:5
   |
55 | use std::sync::Arc;
   |     ^^^^^^^^^^^^^^

warning: unused import: `tokio::sync::RwLock`
  --> src/actors/mod.rs:56:5
   |
56 | use tokio::sync::RwLock;
   |     ^^^^^^^^^^^^^^^^^^^

warning: unused import: `crate::errors::OlympusError`
  --> src/traits/supervisor_trait.rs:10:5
   |
10 | use crate::errors::OlympusError;
   |     ^^^^^^^^^^^^^^^^^^^^^^^^^^^

warning: unused import: `std::time::Duration`
 --> src/infrastructure/valkey.rs:6:5
  |
6 | use std::time::Duration;
  |     ^^^^^^^^^^^^^^^^^^^

warning: unused import: `tokio::sync::RwLock`
 --> src/infrastructure/valkey.rs:8:5
  |
8 | use tokio::sync::RwLock;
  |     ^^^^^^^^^^^^^^^^^^^

error[E0728]: `await` is only allowed inside `async` functions and blocks
  --> src/actors/athena/mod.rs:74:54
   |
74 | ...ad().await.analysis_count(),
   |         ^^^^^ only allowed inside `async` functions and blocks

warning: use of deprecated function `base64::encode`: Use Engine::encode
   --> src/actors/hades/encryption.rs:283:20
    |
283 |         Ok(base64::encode(json))
    |                    ^^^^^^
    |
    = note: `#[warn(deprecated)]` on by default

warning: use of deprecated function `base64::decode`: Use Engine::decode
   --> src/actors/hades/encryption.rs:288:28
    |
288 |         let json = base64::decode(ciphertext)
    |                            ^^^^^^

error[E0053]: method `advance` has an incompatible type for trait
   --> src/actors/hades/encryption.rs:338:30
    |
338 |     fn advance(&mut self) -> Option<Nonce> {
    |                              ^^^^^^^^^^^^^ expected `Result<Nonce, ring::error::Unspecified>`, found `std::option::Option<Nonce>`
    |
    = note: expected signature `fn(&mut AesGcmNonceSequence) -> Result<Nonce, ring::error::Unspecified>`
               found signature `fn(&mut AesGcmNonceSequence) -> std::option::Option<Nonce>`
help: change the output type to match the trait
    |
338 -     fn advance(&mut self) -> Option<Nonce> {
338 +     fn advance(&mut self) -> Result<Nonce, ring::error::Unspecified> {
    |

error[E0382]: use of moved value: `actor`
   --> src/actors/zeus/supervisor.rs:138:23
    |
119 |         actor: GodName, 
    |         ----- move occurs because `actor` has type `GodName`, which does not implement the `Copy` trait
...
130 |             name: actor,
    |                   ----- value moved here
...
138 |         actors.insert(actor, supervised);
    |                       ^^^^^ value used here after move
    |
help: consider cloning the value if the performance cost is acceptable
    |
130 |             name: actor.clone(),
    |                        ++++++++

error[E0382]: use of moved value: `actor`
   --> src/actors/zeus/supervisor.rs:143:27
    |
119 |         actor: GodName, 
    |         ----- move occurs because `actor` has type `GodName`, which does not implement the `Copy` trait
...
138 |         actors.insert(actor, supervised);
    |                       ----- value moved here
...
143 |         strategies.insert(actor, strategy.clone());
    |                           ^^^^^ value used here after move
    |
help: consider cloning the value if the performance cost is acceptable
    |
138 |         actors.insert(actor.clone(), supervised);
    |                            ++++++++

error[E0382]: use of moved value: `actor`
   --> src/actors/zeus/supervisor.rs:149:67
    |
119 | ...   actor: GodName, 
    |       ----- move occurs because `actor` has type `GodName`, which does not implement the `Copy` trait
...
143 | ...   strategies.insert(actor, strategy.clone());
    |                         ----- value moved here
...
149 | ...       deps.entry(parent_name).or_insert_with(Vec::new).push(actor);
    |                                                                 ^^^^^ value used here after move
    |
help: consider cloning the value if the performance cost is acceptable
    |
143 |         strategies.insert(actor.clone(), strategy.clone());
    |                                ++++++++

error[E0382]: use of moved value: `actor`
   --> src/actors/zeus/supervisor.rs:153:29
    |
119 | ...   actor: GodName, 
    |       ----- move occurs because `actor` has type `GodName`, which does not implement the `Copy` trait
...
149 | ...       deps.entry(parent_name).or_insert_with(Vec::new).push(actor);
    |                                                                 ----- value moved here
...
153 | ...       rev_deps.insert(actor, parent_name);
    |                           ^^^^^ value used here after move
    |
help: consider cloning the value if the performance cost is acceptable
    |
149 |             deps.entry(parent_name).or_insert_with(Vec::new).push(actor.clone());
    |                                                                        ++++++++

error[E0382]: use of moved value: `parent_name`
   --> src/actors/zeus/supervisor.rs:153:36
    |
147 | ...   if let Some(parent_name) = parent {
    |                   ----------- move occurs because `parent_name` has type `GodName`, which does not implement the `Copy` trait
148 | ...       let mut deps = self.dependencies.write().await;
149 | ...       deps.entry(parent_name).or_insert_with(Vec::new).push(ac...
    |                      ----------- value moved here
...
153 | ...       rev_deps.insert(actor, parent_name);
    |                                  ^^^^^^^^^^^ value used here after move
    |
help: consider cloning the value if the performance cost is acceptable
    |
149 |             deps.entry(parent_name.clone()).or_insert_with(Vec::new).push(actor);
    |                                   ++++++++

error[E0382]: use of moved value: `actor`
   --> src/actors/zeus/supervisor.rs:159:24
    |
119 |         actor: GodName, 
    |         ----- move occurs because `actor` has type `GodName`, which does not implement the `Copy` trait
...
143 |         strategies.insert(actor, strategy.clone());
    |                           ----- value moved here
...
153 |             rev_deps.insert(actor, parent_name);
    |                             ----- value moved here
...
159 |         history.insert(actor, VecDeque::new());
    |                        ^^^^^ value used here after move
    |
help: consider cloning the value if the performance cost is acceptable
    |
143 |         strategies.insert(actor.clone(), strategy.clone());
    |                                ++++++++
help: consider cloning the value if the performance cost is acceptable
    |
153 |             rev_deps.insert(actor.clone(), parent_name);
    |                                  ++++++++

error[E0382]: use of moved value: `actor`
   --> src/actors/zeus/supervisor.rs:164:13
    |
119 |         actor: GodName, 
    |         ----- move occurs because `actor` has type `GodName`, which does not implement the `Copy` trait
...
159 |         history.insert(actor, VecDeque::new());
    |                        ----- value moved here
...
164 |             actor, 
    |             ^^^^^ value used here after move
    |
help: consider cloning the value if the performance cost is acceptable
    |
159 |         history.insert(actor.clone(), VecDeque::new());
    |                             ++++++++

error[E0382]: use of partially moved value: `parent`
   --> src/actors/zeus/supervisor.rs:165:13
    |
147 |         if let Some(parent_name) = parent {
    |                     ----------- value partially moved here
...
165 |             parent, 
    |             ^^^^^^ value used here after partial move
    |
    = note: partial move occurs because value has type `GodName`, which does not implement the `Copy` trait
help: borrow this binding in the pattern to avoid moving the value
    |
147 |         if let Some(ref parent_name) = parent {
    |                     +++

error[E0382]: borrow of moved value: `actor`
   --> src/actors/zeus/supervisor.rs:169:67
    |
119 | ...   actor: GodName, 
    |       ----- move occurs because `actor` has type `GodName`, which does not implement the `Copy` trait
...
164 | ...       actor, 
    |           ----- value moved here
...
169 | ...   info!("âš¡ Zeus: Actor {:?} registered with strategy {:?}", actor, st...
    |                                                                  ^^^^^ value borrowed here after move
    |
    = note: this error originates in the macro `$crate::__macro_support::format_args` which comes from the expansion of the macro `info` (in Nightly builds, run with -Z macro-backtrace for more info)
help: consider cloning the value if the performance cost is acceptable
    |
164 |             actor: actor.clone(), 
    |                  +++++++++++++++

error[E0382]: borrow of moved value: `strategy`
   --> src/actors/zeus/supervisor.rs:169:74
    |
121 | ...   strategy: RecoveryStrategy
    |       -------- move occurs because `strategy` has type `RecoveryStrategy`, which does not implement the `Copy` trait
...
166 | ...       strategy 
    |           -------- value moved here
...
169 | ...   info!("âš¡ Zeus: Actor {:?} registered with strategy {:?}", actor, strategy);
    |                                                                         ^^^^^^^^ value borrowed here after move
    |
    = note: this error originates in the macro `$crate::__macro_support::format_args` which comes from the expansion of the macro `info` (in Nightly builds, run with -Z macro-backtrace for more info)
help: consider cloning the value if the performance cost is acceptable
    |
166 |             strategy: strategy.clone() 
    |                     ++++++++++++++++++

error[E0382]: borrow of moved value: `actor`
   --> src/actors/zeus/supervisor.rs:214:41
    |
206 | ...ync fn restart_actor(&self, actor: GodName) -> Result<RestartRe...
    |                                ----- move occurs because `actor` has type `GodName`, which does not implement the `Copy` trait
207 | ... Verificar lÃ­mites de reinicio
208 | ... !self.can_restart(actor).await {
    |                       ----- value moved here
...
214 | ... let Some(a) = actors.get_mut(&actor) {
    |                                  ^^^^^^ value borrowed here after move
    |
note: consider changing this parameter type in method `can_restart` to borrow instead if owning the value isn't necessary
   --> src/actors/zeus/supervisor.rs:339:40
    |
339 |     async fn can_restart(&self, actor: GodName) -> bool {
    |              -----------               ^^^^^^^ this parameter takes ownership of the value
    |              |
    |              in this method
help: consider cloning the value if the performance cost is acceptable
    |
208 |         if !self.can_restart(actor.clone()).await {
    |                                   ++++++++

error[E0382]: use of moved value: `actor`
   --> src/actors/zeus/supervisor.rs:229:53
    |
206 | ...restart_actor(&self, actor: GodName) -> Result<RestartResult, A...
    |                         ----- move occurs because `actor` has type `GodName`, which does not implement the `Copy` trait
...
225 | ...record_restart(actor).await;
    |                   ----- value moved here
...
229 | ...ecoveryStrategy::OneForOne => vec![actor],
    |                                       ^^^^^ value used here after move
    |
note: consider changing this parameter type in method `record_restart` to borrow instead if owning the value isn't necessary
   --> src/actors/zeus/supervisor.rs:358:43
    |
358 |     async fn record_restart(&self, actor: GodName) {
    |              --------------               ^^^^^^^ this parameter takes ownership of the value
    |              |
    |              in this method
help: consider cloning the value if the performance cost is acceptable
    |
225 |             self.record_restart(actor.clone()).await;
    |                                      ++++++++

error[E0382]: use of moved value: `actor`
   --> src/actors/zeus/supervisor.rs:235:72
    |
206 | ...r(&self, actor: GodName) -> Result<RestartResult, ActorError> {
    |             ----- move occurs because `actor` has type `GodName`, which does not implement the `Copy` trait
...
229 | ...egy::OneForOne => vec![actor],
    |                           ----- value moved here
230 | ...egy::OneForAll => self.get_all_siblings(actor).await,
    |                                            ----- value moved here
231 | ...egy::RestForOne => self.get_rest_of_chain(actor).await,
    |                                              ----- value moved here
232 | ...egy::Escalate => vec![actor], // Se escala a Zeus
    |                          ----- value moved here
...
235 | ...cycle_tx.send(LifecycleEvent::Restarted { actor, attempt }).await;
    |                                              ^^^^^ value used here after move
    |
note: consider changing this parameter type in method `get_rest_of_chain` to borrow instead if owning the value isn't necessary
   --> src/actors/zeus/supervisor.rs:389:46
    |
389 | ...async fn get_rest_of_chain(&self, actor: GodName) -> Vec<GodNam...
    |             -----------------               ^^^^^^^ this parameter takes ownership of the value
    |             |
    |             in this method
note: consider changing this parameter type in method `get_all_siblings` to borrow instead if owning the value isn't necessary
   --> src/actors/zeus/supervisor.rs:372:45
    |
372 | ...async fn get_all_siblings(&self, actor: GodName) -> Vec<GodName> {
    |             ----------------               ^^^^^^^ this parameter takes ownership of the value
    |             |
    |             in this method
help: consider cloning the value if the performance cost is acceptable
    |
232 |                 RecoveryStrategy::Escalate => vec![actor.clone()], // Se escala a Zeus
    |                                                         ++++++++
help: consider cloning the value if the performance cost is acceptable
    |
231 |                 RecoveryStrategy::RestForOne => self.get_rest_of_chain(actor.clone()).await,
    |                                                                             ++++++++
help: consider cloning the value if the performance cost is acceptable
    |
230 |                 RecoveryStrategy::OneForAll => self.get_all_siblings(actor.clone()).await,
    |                                                                           ++++++++
help: consider cloning the value if the performance cost is acceptable
    |
229 |                 RecoveryStrategy::OneForOne => vec![actor.clone()],
    |                                                          ++++++++

error[E0382]: borrow of moved value: `actor`
   --> src/actors/zeus/supervisor.rs:238:17
    |
206 | ... fn restart_actor(&self, actor: GodName) -> Result<RestartResult, ...
    |                             ----- move occurs because `actor` has type `GodName`, which does not implement the `Copy` trait
...
235 | ...et _ = self.lifecycle_tx.send(LifecycleEvent::Restarted { actor, a...
    |                                                              ----- value moved here
...
238 | ...   actor, attempt, strategy);
    |       ^^^^^ value borrowed here after move
    |
    = note: this error originates in the macro `$crate::__macro_support::format_args` which comes from the expansion of the macro `info` (in Nightly builds, run with -Z macro-backtrace for more info)
help: consider cloning the value if the performance cost is acceptable
    |
235 |             let _ = self.lifecycle_tx.send(LifecycleEvent::Restarted { actor: actor.clone(), attempt }).await;
    |                                                                             +++++++++++++++

error[E0507]: cannot move out of a shared reference
   --> src/actors/zeus/supervisor.rs:258:30
    |
258 |             children.retain(|&c| c != actor);
    |                              ^-
    |                               |
    |                               data moved here
    |                               move occurs because `c` has type `GodName`, which does not implement the `Copy` trait
    |
help: consider removing the borrow
    |
258 -             children.retain(|&c| c != actor);
258 +             children.retain(|c| c != actor);
    |

error[E0382]: borrow of moved value: `actor`
   --> src/actors/zeus/supervisor.rs:279:50
    |
247 | ...tor(&self, actor: GodName) -> Result<(), ActorError> {
    |               ----- move occurs because `actor` has type `GodName`, which does not implement the `Copy` trait
...
277 | ..._tx.send(LifecycleEvent::Unregistered { actor }).await;
    |                                            ----- value moved here
278 | ...
279 | ...:?} unregistered", actor);
    |                       ^^^^^ value borrowed here after move
    |
    = note: this error originates in the macro `$crate::__macro_support::format_args` which comes from the expansion of the macro `info` (in Nightly builds, run with -Z macro-backtrace for more info)
help: consider cloning the value if the performance cost is acceptable
    |
277 |         let _ = self.lifecycle_tx.send(LifecycleEvent::Unregistered { actor: actor.clone() }).await;
    |                                                                            +++++++++++++++

error[E0382]: use of moved value: `actor`
   --> src/actors/zeus/supervisor.rs:303:13
    |
297 |     pub async fn mark_failed(&self, actor: GodName, error: String)...
    |                                     ----- move occurs because `actor` has type `GodName`, which does not implement the `Copy` trait
...
300 |         self.update_status(actor, ActorSupervisionStatus::Failed)....
    |                            ----- value moved here
...
303 |             actor, 
    |             ^^^^^ value used here after move
    |
note: consider changing this parameter type in method `update_status` to borrow instead if owning the value isn't necessary
   --> src/actors/zeus/supervisor.rs:284:46
    |
284 | ...b async fn update_status(&self, actor: GodName, status: ActorSu...
    |               -------------               ^^^^^^^ this parameter takes ownership of the value
    |               |
    |               in this method
help: consider cloning the value if the performance cost is acceptable
    |
300 |         self.update_status(actor.clone(), ActorSupervisionStatus::Failed).await;
    |                                 ++++++++

error[E0382]: borrow of moved value: `actor`
   --> src/actors/zeus/supervisor.rs:307:49
    |
297 |     pub async fn mark_failed(&self, actor: GodName, error: String)...
    |                                     ----- move occurs because `actor` has type `GodName`, which does not implement the `Copy` trait
...
303 |             actor, 
    |             ----- value moved here
...
307 |         error!("âš¡ Zeus: Actor {:?} failed: {}", actor, error);
    |                                                  ^^^^^ value borrowed here after move
    |
    = note: this error originates in the macro `$crate::__macro_support::format_args` which comes from the expansion of the macro `error` (in Nightly builds, run with -Z macro-backtrace for more info)
help: consider cloning the value if the performance cost is acceptable
    |
303 |             actor: actor.clone(), 
    |                  +++++++++++++++

error[E0382]: use of moved value: `actor`
   --> src/actors/zeus/supervisor.rs:320:40
    |
297 | ...mark_failed(&self, actor: GodName, error: String) -> Result<Rec...
    |                       ----- move occurs because `actor` has type `GodName`, which does not implement the `Copy` trait
...
310 | ...esult = self.restart_actor(actor).await?;
    |                               ----- value moved here
...
320 | ...   self.update_status(actor, ActorSupervisionStatus::Dead).await;
    |                          ^^^^^ value used here after move
    |
note: consider changing this parameter type in method `restart_actor` to borrow instead if owning the value isn't necessary
   --> src/actors/zeus/supervisor.rs:206:46
    |
206 | ...b async fn restart_actor(&self, actor: GodName) -> Result<Resta...
    |               -------------               ^^^^^^^ this parameter takes ownership of the value
    |               |
    |               in this method
help: consider cloning the value if the performance cost is acceptable
    |
310 |             let result = self.restart_actor(actor.clone()).await?;
    |                                                  ++++++++

error[E0382]: use of moved value: `actor`
   --> src/actors/zeus/supervisor.rs:334:68
    |
332 | ...k_recovered(&self, actor: GodName) {
    |                       ----- move occurs because `actor` has type `GodName`, which does not implement the `Copy` trait
333 | ...status(actor, ActorSupervisionStatus::Running).await;
    |           ----- value moved here
334 | ....lifecycle_tx.send(LifecycleEvent::Recovered { actor }).await;
    |                                                   ^^^^^ value used here after move
    |
note: consider changing this parameter type in method `update_status` to borrow instead if owning the value isn't necessary
   --> src/actors/zeus/supervisor.rs:284:46
    |
284 | ...b async fn update_status(&self, actor: GodName, status: ActorSu...
    |               -------------               ^^^^^^^ this parameter takes ownership of the value
    |               |
    |               in this method
help: consider cloning the value if the performance cost is acceptable
    |
333 |         self.update_status(actor.clone(), ActorSupervisionStatus::Running).await;
    |                                 ++++++++

error[E0382]: borrow of moved value: `actor`
   --> src/actors/zeus/supervisor.rs:335:47
    |
332 | ...red(&self, actor: GodName) {
    |               ----- move occurs because `actor` has type `GodName`, which does not implement the `Copy` trait
333 | ...ctor, ActorSupervisionStatus::Running).await;
334 | ...le_tx.send(LifecycleEvent::Recovered { actor }).await;
    |                                           ----- value moved here
335 | ... {:?} recovered", actor);
    |                      ^^^^^ value borrowed here after move
    |
    = note: this error originates in the macro `$crate::__macro_support::format_args` which comes from the expansion of the macro `info` (in Nightly builds, run with -Z macro-backtrace for more info)
help: consider cloning the value if the performance cost is acceptable
    |
334 |         let _ = self.lifecycle_tx.send(LifecycleEvent::Recovered { actor: actor.clone() }).await;
    |                                                                         +++++++++++++++

error[E0507]: cannot move out of `*parent` which is behind a shared reference
   --> src/actors/zeus/supervisor.rs:376:31
    |
376 |             let parent_name = *parent;
    |                               ^^^^^^^ move occurs because `*parent` has type `GodName`, which does not implement the `Copy` trait
    |
help: consider removing the dereference here
    |
376 -             let parent_name = *parent;
376 +             let parent_name = parent;
    |
help: consider cloning the value if the performance cost is acceptable
    |
376 -             let parent_name = *parent;
376 +             let parent_name = parent.clone();
    |

error[E0382]: use of moved value: `actor`
   --> src/actors/zeus/supervisor.rs:394:41
    |
389 | ...n get_rest_of_chain(&self, actor: GodName) -> Vec<GodName> {
    |                               ----- move occurs because `actor` has type `GodName`, which does not implement the `Copy` trait
390 | ... mut result = vec![actor];
    |                       ----- value moved here
...
394 | ...f.collect_descendants(&deps, actor, &mut result);
    |                                 ^^^^^ value used here after move
    |
help: consider cloning the value if the performance cost is acceptable
    |
390 |         let mut result = vec![actor.clone()];
    |                                    ++++++++

error[E0507]: cannot move out of `a.name` which is behind a shared reference
   --> src/actors/zeus/supervisor.rs:474:22
    |
474 |             .map(|a| a.name)
    |                      ^^^^^^ move occurs because `a.name` has type `GodName`, which does not implement the `Copy` trait
    |
help: consider cloning the value if the performance cost is acceptable
    |
474 |             .map(|a| a.name.clone())
    |                            ++++++++

error[E0507]: cannot move out of `*p` which is behind a shared reference
   --> src/actors/zeus/supervisor.rs:510:23
    |
510 |             current = *p;
    |                       ^^ move occurs because `*p` has type `GodName`, which does not implement the `Copy` trait
    |
help: consider cloning the value if the performance cost is acceptable
    |
510 -             current = *p;
510 +             current = p.clone();
    |

error[E0382]: borrow of moved value: `actor`
   --> src/actors/zeus/supervisor.rs:539:41
    |
527 | ...sync fn set_strategy(&self, actor: GodName, strategy: RecoveryS...
    |                                ----- move occurs because `actor` has type `GodName`, which does not implement the `Copy` trait
...
534 | ...trategies.insert(actor, strategy.clone());
    |                     ----- value moved here
...
539 | ...f let Some(a) = actors.get_mut(&actor) {
    |                                   ^^^^^^ value borrowed here after move
    |
help: consider cloning the value if the performance cost is acceptable
    |
534 |         strategies.insert(actor.clone(), strategy.clone());
    |                                ++++++++

error[E0382]: use of moved value: `actor`
   --> src/actors/zeus/supervisor.rs:551:49
    |
547 | ..._affected_actors(&self, actor: GodName) -> Vec<GodName> {
    |                            ----- move occurs because `actor` has type `GodName`, which does not implement the `Copy` trait
548 | ... = self.get_strategy(actor).await.unwrap_or(RecoveryStrategy::O...
    |                         ----- value moved here
...
551 | ...Strategy::OneForOne => vec![actor],
    |                                ^^^^^ value used here after move
    |
note: consider changing this parameter type in method `get_strategy` to borrow instead if owning the value isn't necessary
   --> src/actors/zeus/supervisor.rs:521:45
    |
521 | ...b async fn get_strategy(&self, actor: GodName) -> Option<Recove...
    |               ------------               ^^^^^^^ this parameter takes ownership of the value
    |               |
    |               in this method
help: consider cloning the value if the performance cost is acceptable
    |
548 |         let strategy = self.get_strategy(actor.clone()).await.unwrap_or(RecoveryStrategy::OneForOne);
    |                                               ++++++++

error[E0507]: cannot move out of `*name` which is behind a shared reference
   --> src/actors/zeus/supervisor.rs:578:44
    |
578 | ...).map(|(name, actor)| (*name, actor.status.clone())).collect()
    |                           ^^^^^ move occurs because `*name` has type `GodName`, which does not implement the `Copy` trait
    |
help: consider cloning the value if the performance cost is acceptable
    |
578 -         actors.iter().map(|(name, actor)| (*name, actor.status.clone())).collect()
578 +         actors.iter().map(|(name, actor)| (name.clone(), actor.status.clone())).collect()
    |

error[E0507]: cannot move out of `a.name` which is behind a shared reference
   --> src/actors/zeus/supervisor.rs:586:22
    |
586 |             .map(|a| a.name)
    |                      ^^^^^^ move occurs because `a.name` has type `GodName`, which does not implement the `Copy` trait
    |
help: consider cloning the value if the performance cost is acceptable
    |
586 |             .map(|a| a.name.clone())
    |                            ++++++++

error[E0382]: use of moved value: `actor`
   --> src/actors/zeus/metrics.rs:261:65
    |
258 | ...sync fn update_actor_metrics(&self, actor: GodName, update: Act...
    |                                        ----- move occurs because `actor` has type `GodName`, which does not implement the `Copy` trait
...
261 | ...et actor_metrics = metrics.entry(actor).or_insert_with(|| Actor...
    |                                     -----                 ^^ value used here after move
    |                                     |
    |                                     value moved here
262 | ...   actor,
    |       ----- use occurs due to use in closure
    |
help: consider cloning the value if the performance cost is acceptable
    |
261 |         let actor_metrics = metrics.entry(actor.clone()).or_insert_with(|| ActorMetrics {
    |                                                ++++++++

error[E0507]: cannot move out of `*actor` which is behind a shared reference
   --> src/actors/zeus/governance.rs:428:32
    |
428 |                         actor: *actor,
    |                                ^^^^^^ move occurs because `*actor` has type `GodName`, which does not implement the `Copy` trait
    |
help: consider cloning the value if the performance cost is acceptable
    |
428 -                         actor: *actor,
428 +                         actor: actor.clone(),
    |

error[E0507]: cannot move out of `*actor` which is behind a shared reference
   --> src/actors/zeus/governance.rs:467:32
    |
467 |                         actor: *actor,
    |                                ^^^^^^ move occurs because `*actor` has type `GodName`, which does not implement the `Copy` trait
    |
help: consider cloning the value if the performance cost is acceptable
    |
467 -                         actor: *actor,
467 +                         actor: actor.clone(),
    |

error[E0507]: cannot move out of `*actor` which is behind a shared reference
   --> src/actors/zeus/governance.rs:477:32
    |
477 |                         actor: *actor,
    |                                ^^^^^^ move occurs because `*actor` has type `GodName`, which does not implement the `Copy` trait
    |
help: consider cloning the value if the performance cost is acceptable
    |
477 -                         actor: *actor,
477 +                         actor: actor.clone(),
    |

error[E0382]: use of moved value: `actor`
   --> src/actors/zeus/governance.rs:793:33
    |
786 |         actor: GodName, 
    |         ----- move occurs because `actor` has type `GodName`, which does not implement the `Copy` trait
...
792 |             actor,
    |             ----- value moved here
793 |             ActorRateLimit::new(actor, requests_per_second, burst_...
    |                                 ^^^^^ value used here after move
    |
help: consider cloning the value if the performance cost is acceptable
    |
792 |             actor.clone(),
    |                  ++++++++

error[E0382]: borrow of moved value: `actor`
   --> src/actors/zeus/governance.rs:797:13
    |
786 |         actor: GodName, 
    |         ----- move occurs because `actor` has type `GodName`, which does not implement the `Copy` trait
...
793 |             ActorRateLimit::new(actor, requests_per_second, burst_...
    |                                 ----- value moved here
...
797 |             actor, requests_per_second, burst_size);
    |             ^^^^^ value borrowed here after move
    |
note: consider changing this parameter type in method `new` to borrow instead if owning the value isn't necessary
   --> src/actors/zeus/governance.rs:279:23
    |
279 |     pub fn new(actor: GodName, requests_per_second: u64, burst_siz...
    |            ---        ^^^^^^^ this parameter takes ownership of the value
    |            |
    |            in this method
    = note: this error originates in the macro `$crate::__macro_support::format_args` which comes from the expansion of the macro `info` (in Nightly builds, run with -Z macro-backtrace for more info)
help: consider cloning the value if the performance cost is acceptable
    |
793 |             ActorRateLimit::new(actor.clone(), requests_per_second, burst_size)
    |                                      ++++++++

error[E0382]: borrow of moved value: `policy`
   --> src/actors/zeus/governance.rs:868:53
    |
860 | ...ss_policy(&self, policy: AccessPolicy) -> Result<(), String> {
    |                     ------ move occurs because `policy` has type `AccessPolicy`, which does not implement the `Copy` trait
...
867 | ...sert(policy.name.clone(), policy);
    |                              ------ value moved here
868 | ...s policy '{}' created", policy.name);
    |                            ^^^^^^^^^^^ value borrowed here after move
    |
    = note: this error originates in the macro `$crate::__macro_support::format_args` which comes from the expansion of the macro `info` (in Nightly builds, run with -Z macro-backtrace for more info)
help: consider cloning the value if the performance cost is acceptable
    |
867 |         policies.policies.insert(policy.name.clone(), policy.clone());
    |                                                             ++++++++

error[E0433]: failed to resolve: use of unresolved module or unlinked crate `serde_yaml`
   --> src/actors/zeus/config.rs:288:34
    |
288 |         let config: ZeusConfig = serde_yaml::from_str(&content)
    |                                  ^^^^^^^^^^ use of unresolved module or unlinked crate `serde_yaml`
    |
    = help: if you wanted to use a crate named `serde_yaml`, use `cargo add serde_yaml` to add it to your `Cargo.toml`

error[E0282]: type annotations needed
   --> src/actors/zeus/config.rs:290:23
    |
290 |             .map_err(|e| ConfigError::ParseError { 
    |                       ^
291 |                 path: path.to_string(), 
292 |                 error: e.to_string() 
    |                        - type must be known at this point
    |
help: consider giving this closure parameter an explicit type
    |
290 |             .map_err(|e: /* Type */| ConfigError::ParseError { 
    |                        ++++++++++++

error[E0433]: failed to resolve: use of unresolved module or unlinked crate `serde_yaml`
   --> src/actors/zeus/config.rs:303:23
    |
303 |         let content = serde_yaml::to_string(self)
    |                       ^^^^^^^^^^ use of unresolved module or unlinked crate `serde_yaml`
    |
    = help: if you wanted to use a crate named `serde_yaml`, use `cargo add serde_yaml` to add it to your `Cargo.toml`

error[E0282]: type annotations needed
   --> src/actors/zeus/config.rs:304:23
    |
304 | ...   .map_err(|e| ConfigError::SerializeError(e.to_string()))?;
    |                 ^                              - type must be known at this point
    |
help: consider giving this closure parameter an explicit type
    |
304 |             .map_err(|e: /* Type */| ConfigError::SerializeError(e.to_string()))?;
    |                        ++++++++++++

error[E0282]: type annotations needed
   --> src/actors/zeus/config.rs:306:9
    |
306 |         tokio::fs::write(path, content).await
    |         ^^^^^^^^^^^^^^^^^^^^^^^^^^^^^^^^^^^^^ cannot infer type

error[E0282]: type annotations needed
   --> src/actors/zeus/config.rs:307:23
    |
307 |             .map_err(|e| ConfigError::FileError { 
    |                       ^
308 |                 path: path.to_string(), 
309 |                 error: e.to_string() 
    |                        - type must be known at this point
    |
help: consider giving this closure parameter an explicit type
    |
307 |             .map_err(|e: /* Type */| ConfigError::FileError { 
    |                        ++++++++++++

error[E0308]: mismatched types
   --> src/actors/zeus/mod.rs:229:13
    |
229 |             event_tx,
    |             ^^^^^^^^ expected `Sender<ZeusEvent>`, found `Sender<ThunderEvent>`
    |
    = note: expected struct `tokio::sync::broadcast::Sender<ZeusEvent>`
               found struct `tokio::sync::broadcast::Sender<ThunderEvent>`

error[E0599]: no variant named `ActorStarted` found for enum `LifecycleEvent`
   --> src/actors/zeus/mod.rs:492:37
    |
492 |                     LifecycleEvent::ActorStarted { actor } => {
    |                                     ^^^^^^^^^^^^ variant not found in `LifecycleEvent`
    |
   ::: src/actors/zeus/supervisor.rs:41:1
    |
 41 | pub enum LifecycleEvent {
    | ----------------------- variant `ActorStarted` not found here

error[E0599]: no variant named `ActorStopped` found for enum `LifecycleEvent`
   --> src/actors/zeus/mod.rs:498:37
    |
498 | ...vent::ActorStopped { actor, reason } => {
    |          ^^^^^^^^^^^^ variant not found in `LifecycleEvent`
    |
   ::: src/actors/zeus/supervisor.rs:41:1
    |
 41 | pub enum LifecycleEvent {
    | ----------------------- variant `ActorStopped` not found here

error[E0599]: no variant named `ActorRecovered` found for enum `LifecycleEvent`
   --> src/actors/zeus/mod.rs:505:37
    |
505 | ...ent::ActorRecovered { actor, attempt } => {
    |         ^^^^^^^^^^^^^^ variant not found in `LifecycleEvent`
    |
   ::: src/actors/zeus/supervisor.rs:41:1
    |
 41 | pub enum LifecycleEvent {
    | ----------------------- variant `ActorRecovered` not found here

error[E0599]: no variant or associated item named `Custom` found for enum `CommandPayload` in the current scope
   --> src/actors/zeus/mod.rs:772:29
    |
772 |             CommandPayload::Custom(data) => {
    |                             ^^^^^^ variant or associated item not found in `CommandPayload`
    |
   ::: src/traits/message.rs:84:1
    |
 84 | pub enum CommandPayload {
    | ----------------------- variant or associated item `Custom` not found for this enum

error[E0599]: no variant named `InvalidConfig` found for enum `ActorError`
   --> src/actors/zeus/mod.rs:755:46
    |
755 |                     .map_err(|e| ActorError::InvalidConfig { 
    |                                              ^^^^^^^^^^^^^ variant not found in `ActorError`
    |
   ::: src/errors/actor_error.rs:10:1
    |
 10 | pub enum ActorError {
    | ------------------- variant `InvalidConfig` not found here

error[E0599]: no variant named `InvalidConfig` found for enum `ActorError`
   --> src/actors/zeus/mod.rs:760:46
    |
760 |                     .map_err(|e| ActorError::InvalidConfig { 
    |                                              ^^^^^^^^^^^^^ variant not found in `ActorError`
    |
   ::: src/errors/actor_error.rs:10:1
    |
 10 | pub enum ActorError {
    | ------------------- variant `InvalidConfig` not found here

error[E0382]: borrow of moved value: `flag`
   --> src/actors/zeus/mod.rs:860:67
    |
853 | ...eFeatureFlag { flag, modified_by } => {
    |                   ---- move occurs because `flag` has type `std::string::String`, which does not implement the `Copy` trait
...
857 | ...rike(ZeusEvent::FeatureFlagChanged { flag, enabled: true });
    |                                         ---- value moved here
...
860 | ...ormat!("Feature flag '{}' enabled", flag) 
    |                                        ^^^^ value borrowed here after move
    |
    = note: this error originates in the macro `$crate::__export::format_args` which comes from the expansion of the macro `format` (in Nightly builds, run with -Z macro-backtrace for more info)
help: consider cloning the value if the performance cost is acceptable
    |
857 |                 self.thunderstrike(ZeusEvent::FeatureFlagChanged { flag: flag.clone(), enabled: true });
    |                                                                        ++++++++++++++

error[E0382]: borrow of moved value: `flag`
   --> src/actors/zeus/mod.rs:871:68
    |
864 | ...eFeatureFlag { flag, modified_by } => {
    |                   ---- move occurs because `flag` has type `std::string::String`, which does not implement the `Copy` trait
...
868 | ...ike(ZeusEvent::FeatureFlagChanged { flag, enabled: false });
    |                                        ---- value moved here
...
871 | ...rmat!("Feature flag '{}' disabled", flag) 
    |                                        ^^^^ value borrowed here after move
    |
    = note: this error originates in the macro `$crate::__export::format_args` which comes from the expansion of the macro `format` (in Nightly builds, run with -Z macro-backtrace for more info)
help: consider cloning the value if the performance cost is acceptable
    |
868 |                 self.thunderstrike(ZeusEvent::FeatureFlagChanged { flag: flag.clone(), enabled: false });
    |                                                                        ++++++++++++++

error[E0599]: no variant or associated item named `Custom` found for enum `QueryPayload` in the current scope
   --> src/actors/zeus/mod.rs:971:27
    |
971 |             QueryPayload::Custom(data) => {
    |                           ^^^^^^ variant or associated item not found in `QueryPayload`
    |
   ::: src/traits/message.rs:137:1
    |
137 | pub enum QueryPayload {
    | --------------------- variant or associated item `Custom` not found for this enum

error[E0282]: type annotations needed
   --> src/actors/zeus/mod.rs:975:83
    |
975 | ...").and_then(|v| v.as_str()) {
    |                 ^  - type must be known at this point
    |
help: consider giving this closure parameter an explicit type
    |
975 |                 } else if let Some(query_type) = data.get("query_type").and_then(|v: /* Type */| v.as_str()) {
    |                                                                                    ++++++++++++

error[E0277]: the trait bound `TrinityState: serde::Serialize` is not satisfied
   --> src/actors/zeus/mod.rs:980:60
    |
980 | ...       data: serde_json::to_value(trinity).unwrap_or_default() 
    |                 -------------------- ^^^^^^^ unsatisfied trait bound
    |                 |
    |                 required by a bound introduced by this call
    |
help: the trait `actors::_::_serde::Serialize` is not implemented for `TrinityState`
   --> src/actors/zeus/mod.rs:143:1
    |
143 | pub struct TrinityState {
    | ^^^^^^^^^^^^^^^^^^^^^^^
    = note: for local types consider adding `#[derive(serde::Serialize)]` to your `TrinityState` type
    = note: for types from other crates check whether the crate offers a `serde` feature flag
    = help: the following other types implement trait `actors::_::_serde::Serialize`:
              &'a T
              &'a mut T
              ()
              (T,)
              (T0, T1)
              (T0, T1, T2)
              (T0, T1, T2, T3)
              (T0, T1, T2, T3, T4)
            and 920 others
note: required by a bound in `serde_json::to_value`
   --> /home/tdy/.cargo/registry/src/index.crates.io-1949cf8c6b5b557f/serde_json-1.0.148/src/value/mod.rs:997:8
    |
995 | pub fn to_value<T>(value: T) -> Result<Value, Error>
    |        -------- required by a bound in this function
996 | where
997 |     T: Serialize,
    |        ^^^^^^^^^ required by this bound in `to_value`
    = note: the full name for the type has been written to '/home/tdy/Documentos/rocky/target/debug/deps/olympus-0109394e87a9debd.long-type-17847805925918550907.txt'
    = note: consider using `--verbose` to print the full type name to the console

error[E0282]: type annotations needed
    --> src/actors/zeus/mod.rs:1002:69
     |
1002 | ...).and_then(|v| v.as_u64()).unwrap_or(100) as usize;
     |                ^  - type must be known at this point
     |
help: consider giving this closure parameter an explicit type
     |
1002 |                             let limit = data.get("limit").and_then(|v: /* Type */| v.as_u64()).unwrap_or(100) as usize;
     |                                                                      ++++++++++++

error[E0277]: the trait bound `TrinityState: serde::Serialize` is not satisfied
    --> src/actors/zeus/mod.rs:1048:27
     |
1048 |                       data: serde_json::json!({
     |  ___________________________^
1049 | |                         "state": trinity,
1050 | |                         "metrics": trinity_metrics,
1051 | |                     })
     | |                      ^
     | |                      |
     | |______________________unsatisfied trait bound
     |                        required by a bound introduced by this call
     |
help: the trait `actors::_::_serde::Serialize` is not implemented for `TrinityState`
    --> src/actors/zeus/mod.rs:143:1
     |
 143 | pub struct TrinityState {
     | ^^^^^^^^^^^^^^^^^^^^^^^
     = note: for local types consider adding `#[derive(serde::Serialize)]` to your `TrinityState` type
     = note: for types from other crates check whether the crate offers a `serde` feature flag
     = help: the following other types implement trait `actors::_::_serde::Serialize`:
               &'a T
               &'a mut T
               ()
               (T,)
               (T0, T1)
               (T0, T1, T2)
               (T0, T1, T2, T3)
               (T0, T1, T2, T3, T4)
             and 920 others
     = note: required for `&TrinityState` to implement `actors::_::_serde::Serialize`
note: required by a bound in `serde_json::to_value`
    --> /home/tdy/.cargo/registry/src/index.crates.io-1949cf8c6b5b557f/serde_json-1.0.148/src/value/mod.rs:997:8
     |
 995 | pub fn to_value<T>(value: T) -> Result<Value, Error>
     |        -------- required by a bound in this function
 996 | where
 997 |     T: Serialize,
     |        ^^^^^^^^^ required by this bound in `to_value`
     = note: the full name for the type has been written to '/home/tdy/Documentos/rocky/target/debug/deps/olympus-0109394e87a9debd.long-type-17847805925918550907.txt'
     = note: consider using `--verbose` to print the full type name to the console
     = note: this error originates in the macro `$crate::json_internal` which comes from the expansion of the macro `serde_json::json` (in Nightly builds, run with -Z macro-backtrace for more info)

error[E0559]: variant `ActorError::NotFound` has no field named `message`
    --> src/actors/zeus/mod.rs:1085:25
     |
1085 | ...   message: "Actor not found in supervision tree".to_string() 
     |       ^^^^^^^ `ActorError::NotFound` does not have this field
     |
     = note: all struct fields are already assigned

error[E0559]: variant `ActorError::NotFound` has no field named `message`
    --> src/actors/zeus/mod.rs:1121:25
     |
1121 | ...   message: "No metrics found for actor".to_string() 
     |       ^^^^^^^ `ActorError::NotFound` does not have this field
     |
     = note: all struct fields are already assigned

error[E0382]: use of moved value: `actor`
    --> src/actors/zeus/mod.rs:1190:21
     |
1185 | ...Payload::ActorRecovered { actor, attempt } => {
     |                              ----- move occurs because `actor` has type `GodName`, which does not implement the `Copy` trait
1186 | ...elf.metrics.read().await.increment_recoveries();
1187 | ...elf.supervision_manager.read().await.mark_recovered(actor).await;
     |                                                        ----- value moved here
...
1190 | ...   actor, 
     |       ^^^^^ value used here after move
     |
note: consider changing this parameter type in method `mark_recovered` to borrow instead if owning the value isn't necessary
    --> src/actors/zeus/supervisor.rs:332:47
     |
 332 |     pub async fn mark_recovered(&self, actor: GodName) {
     |                  --------------               ^^^^^^^ this parameter takes ownership of the value
     |                  |
     |                  in this method
help: consider cloning the value if the performance cost is acceptable
     |
1187 |                 self.supervision_manager.read().await.mark_recovered(actor.clone()).await;
     |                                                                           ++++++++

error[E0382]: use of moved value: `actor`
    --> src/actors/zeus/mod.rs:1196:29
     |
1185 | ...     EventPayload::ActorRecovered { actor, attempt } => {
     |                                        ----- move occurs because `actor` has type `GodName`, which does not implement the `Copy` trait
...
1190 | ...             actor, 
     |                 ----- value moved here
...
1196 | ...         if matches!(actor, GodName::Zeus | GodName::Hades | G...
     |                         ^^^^^ value used here after move
     |
help: consider cloning the value if the performance cost is acceptable
     |
1190 |                     actor: actor.clone(), 
     |                          +++++++++++++++

error[E0599]: no variant or associated item named `Critical` found for enum `ActorStatus` in the current scope
   --> src/actors/erinyes/heartbeat.rs:225:55
    |
225 | ...atus == ActorStatus::Critical && previous_status != ActorStatus...
    |                         ^^^^^^^^ variant or associated item not found in `ActorStatus`
    |
   ::: src/traits/actor_trait.rs:28:1
    |
 28 | pub enum ActorStatus {
    | -------------------- variant or associated item `Critical` not found for this enum

error[E0599]: no variant or associated item named `Critical` found for enum `ActorStatus` in the current scope
   --> src/actors/erinyes/heartbeat.rs:225:99
    |
225 | ...atus != ActorStatus::Critical {
    |                         ^^^^^^^^ variant or associated item not found in `ActorStatus`
    |
   ::: src/traits/actor_trait.rs:28:1
    |
 28 | pub enum ActorStatus {
    | -------------------- variant or associated item `Critical` not found for this enum

error[E0599]: no variant or associated item named `Critical` found for enum `ActorStatus` in the current scope
   --> src/actors/erinyes/heartbeat.rs:288:30
    |
288 |                 ActorStatus::Critical => critical += 1,
    |                              ^^^^^^^^ variant or associated item not found in `ActorStatus`
    |
   ::: src/traits/actor_trait.rs:28:1
    |
 28 | pub enum ActorStatus {
    | -------------------- variant or associated item `Critical` not found for this enum

error[E0282]: type annotations needed
   --> src/actors/erinyes/recovery.rs:189:41
    |
189 |                         let error_msg = e.to_string();
    |                                         ^ cannot infer type

error[E0382]: borrow of moved value: `actor`
   --> src/actors/erinyes/recovery.rs:243:50
    |
237 | ...ync fn request_recovery(&self, actor: GodName, strategy: Recove...
    |                                   ----- move occurs because `actor` has type `GodName`, which does not implement the `Copy` trait
...
241 | ...      god: actor,
    |               ----- value moved here
242 | ...      message: "Max restarts exceeded, escalation required".to_...
243 | ...      attempts: self.get_restart_count(&actor).await,
    |                                           ^^^^^^ value borrowed here after move
    |
help: consider cloning the value if the performance cost is acceptable
    |
241 |                 god: actor.clone(),
    |                           ++++++++

error[E0282]: type annotations needed
   --> src/actors/erinyes/recovery.rs:294:13
    |
294 |         let cb = circuit_breaker.read().await;
    |             ^^
295 |         cb.get(actor).copied().unwrap_or(false)
    |         -- type must be known at this point
    |
help: consider giving `cb` an explicit type
    |
294 |         let cb: /* Type */ = circuit_breaker.read().await;
    |               ++++++++++++

error[E0282]: type annotations needed
   --> src/actors/erinyes/recovery.rs:299:13
    |
299 |         let mut cb = circuit_breaker.write().await;
    |             ^^^^^^
300 |         cb.insert(actor.clone(), false);
    |         -- type must be known at this point
    |
help: consider giving `cb` an explicit type
    |
299 |         let mut cb: /* Type */ = circuit_breaker.write().await;
    |                   ++++++++++++

error[E0599]: the method `get` exists for struct `RwLockReadGuard<'_, ...>`, but its trait bounds were not satisfied
   --> src/actors/erinyes/watchdog.rs:128:47
    |
 26 | pub enum WatchdogEventType {
    | -------------------------- doesn't satisfy `WatchdogEventType: std::cmp::Eq` or `WatchdogEventType: std::hash::Hash`
...
128 |         if let Some(handlers_list) = handlers.get(&event_type) {
    |                                               ^^^ method cannot be called on `RwLockReadGuard<'_, ...>` due to unsatisfied trait bounds
    |
    = note: the following trait bounds were not satisfied:
            `WatchdogEventType: std::cmp::Eq`
            `WatchdogEventType: std::hash::Hash`
    = note: the full name for the type has been written to '/home/tdy/Documentos/rocky/target/debug/deps/olympus-0109394e87a9debd.long-type-785969466867711385.txt'
    = note: consider using `--verbose` to print the full type name to the console
help: consider annotating `WatchdogEventType` with `#[derive(Eq, Hash, PartialEq)]`
    |
 26 + #[derive(Eq, Hash, PartialEq)]
 27 | pub enum WatchdogEventType {
    |

error[E0599]: the method `entry` exists for struct `RwLockWriteGuard<'_, ...>`, but its trait bounds were not satisfied
   --> src/actors/erinyes/watchdog.rs:358:14
    |
 26 |   pub enum WatchdogEventType {
    |   -------------------------- doesn't satisfy `WatchdogEventType: std::cmp::Eq` or `WatchdogEventType: std::hash::Hash`
...
357 | /         handlers
358 | |             .entry(event_type)
    | |             -^^^^^ method cannot be called on `RwLockWriteGuard<'_, ...>` due to unsatisfied trait bounds
    | |_____________|
    |
    |
    = note: the following trait bounds were not satisfied:
            `WatchdogEventType: std::cmp::Eq`
            `WatchdogEventType: std::hash::Hash`
    = note: the full name for the type has been written to '/home/tdy/Documentos/rocky/target/debug/deps/olympus-0109394e87a9debd.long-type-15992731299767501894.txt'
    = note: consider using `--verbose` to print the full type name to the console
help: consider annotating `WatchdogEventType` with `#[derive(Eq, Hash, PartialEq)]`
    |
 26 + #[derive(Eq, Hash, PartialEq)]
 27 | pub enum WatchdogEventType {
    |

error[E0277]: `WatchdogSeverity` doesn't implement `std::fmt::Display`
   --> src/actors/erinyes/watchdog.rs:380:25
    |
374 |                         "{},{},{:?},{:?},{},{}\n",
    |                                             -- required by this formatting parameter
...
380 |                         event.severity
    |                         ^^^^^^^^^^^^^^ `WatchdogSeverity` cannot be formatted with the default formatter
    |
help: the trait `std::fmt::Display` is not implemented for `WatchdogSeverity`
   --> src/actors/erinyes/watchdog.rs:44:1
    |
 44 | pub enum WatchdogSeverity {
    | ^^^^^^^^^^^^^^^^^^^^^^^^^
    = note: in format strings you may be able to use `{:?}` (or {:#?} for pretty-print) instead
    = note: this error originates in the macro `$crate::__export::format_args` which comes from the expansion of the macro `format` (in Nightly builds, run with -Z macro-backtrace for more info)

warning: variable does not need to be mutable
   --> src/actors/erinyes/mod.rs:114:13
    |
114 |         let mut erinyes = Self {
    |             ----^^^^^^^
    |             |
    |             help: remove this `mut`
    |
    = note: `#[warn(unused_mut)]` (part of `#[warn(unused)]`) on by default

warning: variable does not need to be mutable
   --> src/actors/erinyes/mod.rs:157:13
    |
157 |         let mut erinyes = Self {
    |             ----^^^^^^^
    |             |
    |             help: remove this `mut`

error[E0277]: the trait bound `SystemHealth: serde::Serialize` is not satisfied
   --> src/actors/erinyes/mod.rs:664:48
    |
664 | ...         data: serde_json::to_value(health).unwrap_or_default() 
    |                   -------------------- ^^^^^^ unsatisfied trait bound
    |                   |
    |                   required by a bound introduced by this call
    |
help: the trait `actors::_::_serde::Serialize` is not implemented for `SystemHealth`
   --> src/actors/erinyes/watchdog.rs:390:1
    |
390 | pub struct SystemHealth {
    | ^^^^^^^^^^^^^^^^^^^^^^^
    = note: for local types consider adding `#[derive(serde::Serialize)]` to your `SystemHealth` type
    = note: for types from other crates check whether the crate offers a `serde` feature flag
    = help: the following other types implement trait `actors::_::_serde::Serialize`:
              &'a T
              &'a mut T
              ()
              (T,)
              (T0, T1)
              (T0, T1, T2)
              (T0, T1, T2, T3)
              (T0, T1, T2, T3, T4)
            and 920 others
note: required by a bound in `serde_json::to_value`
   --> /home/tdy/.cargo/registry/src/index.crates.io-1949cf8c6b5b557f/serde_json-1.0.148/src/value/mod.rs:997:8
    |
995 | pub fn to_value<T>(value: T) -> Result<Value, Error>
    |        -------- required by a bound in this function
996 | where
997 |     T: Serialize,
    |        ^^^^^^^^^ required by this bound in `to_value`
    = note: the full name for the type has been written to '/home/tdy/Documentos/rocky/target/debug/deps/olympus-0109394e87a9debd.long-type-17847805925918550907.txt'
    = note: consider using `--verbose` to print the full type name to the console

error[E0382]: borrow of moved value: `actor`
   --> src/actors/erinyes/mod.rs:739:61
    |
730 | ... set_trinity_priority(&self, actor: GodName, is_trinity: bool) {
    |                                 ----- move occurs because `actor` has type `GodName`, which does not implement the `Copy` trait
...
734 | ...ity.push(actor);
    |             ----- value moved here
...
739 | ...ï¸ Trinity membership updated for {:?}: {}", actor, is_trinity);
    |                                               ^^^^^ value borrowed here after move
    |
    = note: this error originates in the macro `$crate::__macro_support::format_args` which comes from the expansion of the macro `info` (in Nightly builds, run with -Z macro-backtrace for more info)
help: consider cloning the value if the performance cost is acceptable
    |
734 |             trinity.push(actor.clone());
    |                               ++++++++

error[E0282]: type annotations needed
  --> src/infrastructure/surreal.rs:87:13
   |
87 |         let client = self.client.read().await;
   |             ^^^^^^
...
91 |         let result: Result<serde_json::Value, _> = client.as_ref()
   |                                                    ------ type must be known at this point
   |
help: consider giving `client` an explicit type
   |
87 |         let client: /* Type */ = self.client.read().await;
   |                   ++++++++++++

error[E0282]: type annotations needed
  --> src/infrastructure/surreal.rs:91:52
   |
91 |   ...   let result: Result<serde_json::Value, _> = client.as_ref()
   |  __________________________________________________^
92 | | ...       .ok_or_else(|| SurrealError::ConnectionFailed("Not conn...
93 | | ...       .query(format!("CREATE {} CONTENT {}", table, data))
94 | | ...       .await
   | |________________^ cannot infer type

error[E0282]: type annotations needed
  --> src/infrastructure/surreal.rs:95:23
   |
95 |             .map_err(|e| SurrealError::QueryFailed(e.to_string()))?;
   |                       ^                            - type must be known at this point
   |
help: consider giving this closure parameter an explicit type
   |
95 |             .map_err(|e: /* Type */| SurrealError::QueryFailed(e.to_string()))?;
   |                        ++++++++++++

error[E0382]: use of moved value: `domain`
   --> src/actors/poseidon/mod.rs:514:86
    |
511 | ...et domain = DivineDomain::DataFlow;
    |       ------ move occurs because `domain` has type `DivineDomain`, which does not implement the `Copy` trait
512 | ...atch self.connect(&url, domain).await {
    |                            ------ value moved here
513 | ...   Ok(id) => {
514 | ...       let _ = self.command_tx.send(PoseidonCommand::Connect { url, domain })...
    |                                                                        ^^^^^^ value used here after move
    |
note: consider changing this parameter type in method `connect` to borrow instead if owning the value isn't necessary
   --> src/actors/poseidon/mod.rs:196:52
    |
196 | ...ync fn connect(&self, url: &str, domain: DivineDomain) -> Resul...
    |           ------- in this method            ^^^^^^^^^^^^ this parameter takes ownership of the value
help: consider cloning the value if the performance cost is acceptable
    |
512 |                 match self.connect(&url, domain.clone()).await {
    |                                                ++++++++

error[E0507]: cannot move out of `route.handler` which is behind a shared reference
  --> src/actors/hermes/router.rs:62:25
   |
62 |             return Some(route.handler);
   |                         ^^^^^^^^^^^^^ move occurs because `route.handler` has type `GodName`, which does not implement the `Copy` trait
   |
help: consider cloning the value if the performance cost is acceptable
   |
62 |             return Some(route.handler.clone());
   |                                      ++++++++

error[E0507]: cannot move out of `wildcard.handler` which is behind a shared reference
  --> src/actors/hermes/router.rs:68:29
   |
68 |                 return Some(wildcard.handler);
   |                             ^^^^^^^^^^^^^^^^ move occurs because `wildcard.handler` has type `GodName`, which does not implement the `Copy` trait
   |
help: consider cloning the value if the performance cost is acceptable
   |
68 |                 return Some(wildcard.handler.clone());
   |                                             ++++++++

error[E0382]: borrow of moved value: `to`
  --> src/actors/hermes/retry.rs:79:9
   |
67 |       pub async fn enqueue(&self, message: ActorMessage, to: GodNam...
   |                                                          -- move occurs because `to` has type `GodName`, which does not implement the `Copy` trait
...
70 |               to,
   |               -- value moved here
...
79 | /         info!(
80 | |             message_id = %message.id,
81 | |             to = %to,
82 | |             "Message queued for retry"
83 | |         );
   | |_________^ value borrowed here after move
   |
   = note: this error originates in the macro `$crate::valueset_all` which comes from the expansion of the macro `info` (in Nightly builds, run with -Z macro-backtrace for more info)
help: consider cloning the value if the performance cost is acceptable
   |
70 |             to: to.clone(),
   |               ++++++++++++

error[E0507]: cannot move out of `retryable.to` which is behind a mutable reference
   --> src/actors/hermes/retry.rs:114:61
    |
114 | ...ble.message.clone(), retryable.to).await {
    |                         ^^^^^^^^^^^^ move occurs because `retryable.to` has type `GodName`, which does not implement the `Copy` trait
    |
help: consider cloning the value if the performance cost is acceptable
    |
114 |                 match deliver_fn(retryable.message.clone(), retryable.to.clone()).await {
    |                                                                         ++++++++

error[E0382]: use of moved value: `msg.id`
   --> src/actors/hermes/mod.rs:382:66
    |
337 | ...age(&self, msg: ActorMessage) -> Result<ResponsePayload, ActorE...
    |               --- move occurs because `msg` has type `ActorMessage`, which does not implement the `Copy` trait
...
380 | ...try_queue.enqueue(msg, to, "Mailbox full".to_string()).await;
    |                      --- value moved here
381 | ...
382 | ...onsePayload::RetryScheduled { message_id: msg.id })
    |                                              ^^^^^^ value used here after move

error[E0061]: this method takes 1 argument but 2 arguments were supplied
   --> src/actors/hermes/mod.rs:465:38
    |
465 | ...lbox_manager.create_mailbox(god.clone(), size).await;
    |                 ^^^^^^^^^^^^^^              ---- unexpected argument #2 of type `usize`
    |
note: method defined here
   --> src/actors/hermes/mailbox.rs:184:18
    |
184 |     pub async fn create_mailbox(&self, god: GodName) -> mpsc::Send...
    |                  ^^^^^^^^^^^^^^
help: remove the extra argument
    |
465 -                 self.mailbox_manager.create_mailbox(god.clone(), size).await;
465 +                 self.mailbox_manager.create_mailbox(god.clone()).await;
    |

error[E0599]: the function or associated item `new` exists for struct `ring::aead::SealingKey<_>`, but its trait bounds were not satisfied
   --> src/actors/hades/encryption.rs:150:43
    |
150 | ...ling_key = SealingKey::new(unbound_key, AesGcmNonceSequence::ne...
    |                           ^^^ function or associated item cannot be called on `ring::aead::SealingKey<_>` due to unsatisfied trait bounds
    |
   ::: /home/tdy/.cargo/registry/src/index.crates.io-1949cf8c6b5b557f/ring-0.17.14/src/aead/sealing_key.rs:32:1
    |
 32 | pub struct SealingKey<N: NonceSequence> {
    | --------------------------------------- doesn't satisfy `_: InnerInit`, `_: InnerUser` or `ring::aead::SealingKey<_>: KeyInit`
    |
    = note: the following trait bounds were not satisfied:
            `ring::aead::SealingKey<_>: crypto_common::InnerInit`
            which is required by `ring::aead::SealingKey<_>: KeyInit`
            `ring::aead::SealingKey<_>: crypto_common::InnerUser`
            which is required by `ring::aead::SealingKey<_>: KeyInit`
            `&ring::aead::SealingKey<_>: crypto_common::InnerInit`
            which is required by `&ring::aead::SealingKey<_>: KeyInit`
            `&ring::aead::SealingKey<_>: crypto_common::InnerUser`
            which is required by `&ring::aead::SealingKey<_>: KeyInit`
            `&mut ring::aead::SealingKey<_>: crypto_common::InnerInit`
            which is required by `&mut ring::aead::SealingKey<_>: KeyInit`
            `&mut ring::aead::SealingKey<_>: crypto_common::InnerUser`
            which is required by `&mut ring::aead::SealingKey<_>: KeyInit`
    = help: items from traits can only be used if the trait is in scope
help: the following traits which provide `new` are implemented but not in scope; perhaps you want to import one of them
    |
  5 + use ring::aead::BoundKey;
    |
  5 + use yansi::Paint;
    |

error[E0599]: the function or associated item `new` exists for struct `ring::aead::OpeningKey<_>`, but its trait bounds were not satisfied
   --> src/actors/hades/encryption.rs:196:43
    |
196 | ...ning_key = OpeningKey::new(unbound_key, AesGcmNonceSequence::ne...
    |                           ^^^ function or associated item cannot be called on `ring::aead::OpeningKey<_>` due to unsatisfied trait bounds
    |
   ::: /home/tdy/.cargo/registry/src/index.crates.io-1949cf8c6b5b557f/ring-0.17.14/src/aead/opening_key.rs:33:1
    |
 33 | pub struct OpeningKey<N: NonceSequence> {
    | --------------------------------------- doesn't satisfy `_: InnerInit`, `_: InnerUser` or `ring::aead::OpeningKey<_>: KeyInit`
    |
    = note: the following trait bounds were not satisfied:
            `ring::aead::OpeningKey<_>: crypto_common::InnerInit`
            which is required by `ring::aead::OpeningKey<_>: KeyInit`
            `ring::aead::OpeningKey<_>: crypto_common::InnerUser`
            which is required by `ring::aead::OpeningKey<_>: KeyInit`
            `&ring::aead::OpeningKey<_>: crypto_common::InnerInit`
            which is required by `&ring::aead::OpeningKey<_>: KeyInit`
            `&ring::aead::OpeningKey<_>: crypto_common::InnerUser`
            which is required by `&ring::aead::OpeningKey<_>: KeyInit`
            `&mut ring::aead::OpeningKey<_>: crypto_common::InnerInit`
            which is required by `&mut ring::aead::OpeningKey<_>: KeyInit`
            `&mut ring::aead::OpeningKey<_>: crypto_common::InnerUser`
            which is required by `&mut ring::aead::OpeningKey<_>: KeyInit`
    = help: items from traits can only be used if the trait is in scope
help: the following traits which provide `new` are implemented but not in scope; perhaps you want to import one of them
    |
  5 + use ring::aead::BoundKey;
    |
  5 + use yansi::Paint;
    |

warning: variable does not need to be mutable
   --> src/actors/hades/encryption.rs:306:13
    |
306 |         let mut key_manager = self.key_manager.write().await;
    |             ----^^^^^^^^^^^
    |             |
    |             help: remove this `mut`

error[E0277]: the trait bound `hades::auth::Permission: std::cmp::Ord` is not satisfied
   --> src/actors/hades/auth.rs:237:25
    |
237 |         all_permissions.sort();
    |                         ^^^^ the trait `std::cmp::Ord` is not implemented for `hades::auth::Permission`
    |
note: required by a bound in `std::slice::<impl [T]>::sort`
   --> /rustc/254b59607d4417e9dffbc307138ae5c86280fe4c/library/alloc/src/slice.rs:131:5
help: consider annotating `hades::auth::Permission` with `#[derive(Ord)]`
    |
103 + #[derive(Ord)]
104 | pub enum Permission {
    |

error[E0277]: `DataSensitivity` doesn't implement `std::fmt::Display`
   --> src/actors/hades/audit.rs:372:25
    |
364 |                         "{},{},{},{},{},{:?},{},{}\n",
    |                                                 -- required by this formatting parameter
...
372 |                         entry.sensitivity
    |                         ^^^^^^^^^^^^^^^^^ `DataSensitivity` cannot be formatted with the default formatter
    |
help: the trait `std::fmt::Display` is not implemented for `DataSensitivity`
   --> src/actors/hades/audit.rs:41:1
    |
 41 | pub enum DataSensitivity {
    | ^^^^^^^^^^^^^^^^^^^^^^^^
    = note: in format strings you may be able to use `{:?}` (or {:#?} for pretty-print) instead
    = note: this error originates in the macro `$crate::__export::format_args` which comes from the expansion of the macro `format` (in Nightly builds, run with -Z macro-backtrace for more info)

error[E0308]: mismatched types
   --> src/actors/hades/audit.rs:437:41
    |
437 | ...ction: "Consider locking account or requiring CAPTCHA",
    |           ^^^^^^^^^^^^^^^^^^^^^^^^^^^^^^^^^^^^^^^^^^^^^^^ expected `String`, found `&str`
    |
help: try using a conversion method
    |
437 |                     recommended_action: "Consider locking account or requiring CAPTCHA".to_string(),
    |                                                                                        ++++++++++++

error[E0599]: no method named `hour` found for struct `chrono::DateTime<Tz>` in the current scope
   --> src/actors/hades/audit.rs:444:36
    |
444 |             let hour = e.timestamp.hour();
    |                                    ^^^^
    |
   ::: /home/tdy/.cargo/registry/src/index.crates.io-1949cf8c6b5b557f/chrono-0.4.42/src/traits.rs:285:8
    |
285 |     fn hour(&self) -> u32;
    |        ---- the method is available for `chrono::DateTime<Utc>` here
    |
    = help: items from traits can only be used if the trait is in scope
help: trait `Timelike` which provides `hour` is implemented but not in scope; perhaps you want to import it
    |
  5 + use chrono::Timelike;
    |
help: there is a method `hour12` with a similar name
    |
444 |             let hour = e.timestamp.hour12();
    |                                        ++

error[E0308]: mismatched types
   --> src/actors/hades/audit.rs:453:37
    |
453 | ...ed_action: "Review if access was authorized",
    |               ^^^^^^^^^^^^^^^^^^^^^^^^^^^^^^^^^ expected `String`, found `&str`
    |
help: try using a conversion method
    |
453 |                 recommended_action: "Review if access was authorized".to_string(),
    |                                                                      ++++++++++++

error[E0308]: mismatched types
   --> src/actors/hades/mod.rs:85:67
    |
 85 | ...ock::new(AuthenticationService::new(audit.clone()))),
    |             -------------------------- ^^^^^^^^^^^^^ expected `Arc<AuditLogger>`, found `Arc<RwLock<AuditLogger>>`
    |             |
    |             arguments to this function are incorrect
    |
    = note: expected struct `Arc<AuditLogger>`
               found struct `Arc<tokio::sync::RwLock<AuditLogger>>`
note: associated function defined here
   --> src/actors/hades/auth.rs:158:12
    |
158 |     pub fn new(audit_logger: Arc<AuditLogger>) -> Self {
    |            ^^^ ------------------------------

error[E0308]: mismatched types
   --> src/actors/hades/mod.rs:103:67
    |
103 | ...ock::new(AuthenticationService::new(audit.clone()))),
    |             -------------------------- ^^^^^^^^^^^^^ expected `Arc<AuditLogger>`, found `Arc<RwLock<AuditLogger>>`
    |             |
    |             arguments to this function are incorrect
    |
    = note: expected struct `Arc<AuditLogger>`
               found struct `Arc<tokio::sync::RwLock<AuditLogger>>`
note: associated function defined here
   --> src/actors/hades/auth.rs:158:12
    |
158 |     pub fn new(audit_logger: Arc<AuditLogger>) -> Self {
    |            ^^^ ------------------------------

error[E0502]: cannot borrow `history` as immutable because it is also borrowed as mutable
  --> src/actors/hera/mod.rs:97:30
   |
97 |             history.drain(0..history.len() - 1000);
   |             ------- -----    ^^^^^^^ immutable borrow occurs here
   |             |       |
   |             |       mutable borrow later used by call
   |             mutable borrow occurs here

error[E0282]: type annotations needed
   --> src/infrastructure/surreal.rs:101:13
    |
101 |         let client = self.client.read().await;
    |             ^^^^^^
102 |         
103 |         let result: Result<Option<T>, _> = client.as_ref()
    |                                            ------ type must be known at this point
    |
help: consider giving `client` an explicit type
    |
101 |         let client: /* Type */ = self.client.read().await;
    |                   ++++++++++++

error[E0282]: type annotations needed
   --> src/infrastructure/surreal.rs:103:44
    |
103 |   ...   let result: Result<Option<T>, _> = client.as_ref()
    |  __________________________________________^
104 | | ...       .ok_or_else(|| SurrealError::ConnectionFailed("Not con...
105 | | ...       .query(format!("SELECT * FROM {} WHERE id = $id", table))
106 | | ...       .bind(("id", id))
107 | | ...       .await
    | |________________^ cannot infer type

error[E0282]: type annotations needed
   --> src/infrastructure/surreal.rs:108:23
    |
108 |             .map_err(|e| SurrealError::QueryFailed(e.to_string()))?;
    |                       ^                            - type must be known at this point
    |
help: consider giving this closure parameter an explicit type
    |
108 |             .map_err(|e: /* Type */| SurrealError::QueryFailed(e.to_string()))?;
    |                        ++++++++++++

error[E0282]: type annotations needed
   --> src/infrastructure/surreal.rs:114:13
    |
114 |         let client = self.client.read().await;
    |             ^^^^^^
...
118 |         let result: Result<serde_json::Value, _> = client.as_ref()
    |                                                    ------ type must be known at this point
    |
help: consider giving `client` an explicit type
    |
114 |         let client: /* Type */ = self.client.read().await;
    |                   ++++++++++++

error[E0282]: type annotations needed
   --> src/infrastructure/surreal.rs:118:52
    |
118 |   ...   let result: Result<serde_json::Value, _> = client.as_ref()
    |  __________________________________________________^
119 | | ...       .ok_or_else(|| SurrealError::ConnectionFailed("Not con...
120 | | ...       .query(format!("UPDATE {} CONTENT {}", id, data))
121 | | ...       .await
    | |________________^ cannot infer type

error[E0282]: type annotations needed
   --> src/infrastructure/surreal.rs:122:23
    |
122 |             .map_err(|e| SurrealError::QueryFailed(e.to_string()))?;
    |                       ^                            - type must be known at this point
    |
help: consider giving this closure parameter an explicit type
    |
122 |             .map_err(|e: /* Type */| SurrealError::QueryFailed(e.to_string()))?;
    |                        ++++++++++++

error[E0282]: type annotations needed
   --> src/infrastructure/surreal.rs:128:13
    |
128 |         let client = self.client.read().await;
    |             ^^^^^^
129 |         
130 |         client.as_ref()
    |         ------ type must be known at this point
    |
help: consider giving `client` an explicit type
    |
128 |         let client: /* Type */ = self.client.read().await;
    |                   ++++++++++++

error[E0282]: type annotations needed
   --> src/infrastructure/surreal.rs:130:9
    |
130 | / ...   client.as_ref()
131 | | ...       .ok_or_else(|| SurrealError::ConnectionFailed("Not con...
132 | | ...       .query(format!("DELETE {}", id))
133 | | ...       .await
    | |________________^ cannot infer type

error[E0282]: type annotations needed
   --> src/infrastructure/surreal.rs:134:23
    |
134 |             .map_err(|e| SurrealError::QueryFailed(e.to_string()))?;
    |                       ^                            - type must be known at this point
    |
help: consider giving this closure parameter an explicit type
    |
134 |             .map_err(|e: /* Type */| SurrealError::QueryFailed(e.to_string()))?;
    |                        ++++++++++++

error[E0381]: used binding `e` is possibly-uninitialized
   --> src/actors/hestia/mod.rs:459:56
    |
457 |             Ok(_) | Err(e) => {
    |                         -
    |                         |
    |                         binding initialized here in some conditions
    |                         binding declared here but left uninitialized
458 |                 status = ActorStatus::Degraded;
459 |                 errors.push(format!("SurrealDB: {:?}", e));
    |                                                        ^ `e` used here but it is possibly-uninitialized
    |
    = note: this error originates in the macro `$crate::__export::format_args` which comes from the expansion of the macro `format` (in Nightly builds, run with -Z macro-backtrace for more info)

error[E0596]: cannot borrow `*self` as mutable, as it is behind a `&` reference
   --> src/actors/hestia/mod.rs:697:17
    |
697 |                 self.shutdown().await?;
    |                 ^^^^ `self` is a `&` reference, so it cannot be borrowed as mutable
    |
help: consider changing this to be a mutable reference
    |
684 |     async fn handle_command(&mut self, cmd: CommandPayload) -> Result<ResponsePayload, ActorError> {
    |                              +++

error[E0282]: type annotations needed
  --> src/infrastructure/surreal.rs:77:13
   |
77 |             c.use_ns(&config.namespace).await
   |             ^ cannot infer type

error[E0282]: type annotations needed
  --> src/infrastructure/surreal.rs:77:13
   |
77 |             c.use_ns(&config.namespace).await
   |             ^^^^^^^^^^^^^^^^^^^^^^^^^^^^^^^^^ cannot infer type

error[E0282]: type annotations needed
  --> src/infrastructure/surreal.rs:78:27
   |
78 | ... .map_err(|e| SurrealError::ConnectionFailed(e.to_string()))?;
   |               ^                                 - type must be known at this point
   |
help: consider giving this closure parameter an explicit type
   |
78 |                 .map_err(|e: /* Type */| SurrealError::ConnectionFailed(e.to_string()))?;
   |                            ++++++++++++

error[E0282]: type annotations needed
  --> src/infrastructure/surreal.rs:79:13
   |
79 |             c.use_db(&config.database).await
   |             ^^^^^^^^^^^^^^^^^^^^^^^^^^^^^^^^ cannot infer type

error[E0282]: type annotations needed
  --> src/infrastructure/surreal.rs:80:27
   |
80 | ... .map_err(|e| SurrealError::ConnectionFailed(e.to_string()))?;
   |               ^                                 - type must be known at this point
   |
help: consider giving this closure parameter an explicit type
   |
80 |                 .map_err(|e: /* Type */| SurrealError::ConnectionFailed(e.to_string()))?;
   |                            ++++++++++++

error[E0282]: type annotations needed
   --> src/infrastructure/surreal.rs:140:13
    |
140 |         let client = self.client.read().await;
    |             ^^^^^^
141 |         
142 |         let result: Result<Vec<T>, _> = client.as_ref()
    |                                         ------ type must be known at this point
    |
help: consider giving `client` an explicit type
    |
140 |         let client: /* Type */ = self.client.read().await;
    |                   ++++++++++++

error[E0282]: type annotations needed
   --> src/infrastructure/surreal.rs:142:41
    |
142 |   ...   let result: Result<Vec<T>, _> = client.as_ref()
    |  _______________________________________^
143 | | ...       .ok_or_else(|| SurrealError::ConnectionFailed("Not con...
144 | | ...       .query(query)
145 | | ...       .await
    | |________________^ cannot infer type

error[E0282]: type annotations needed
   --> src/infrastructure/surreal.rs:146:23
    |
146 |             .map_err(|e| SurrealError::QueryFailed(e.to_string()))?;
    |                       ^                            - type must be known at this point
    |
help: consider giving this closure parameter an explicit type
    |
146 |             .map_err(|e: /* Type */| SurrealError::QueryFailed(e.to_string()))?;
    |                        ++++++++++++

error[E0282]: type annotations needed
   --> src/infrastructure/surreal.rs:154:16
    |
154 |             Ok(c.health().await.is_ok())
    |                ^ cannot infer type

error[E0282]: type annotations needed
   --> src/infrastructure/surreal.rs:154:16
    |
154 |             Ok(c.health().await.is_ok())
    |                ^^^^^^^^^^^^^^^^ cannot infer type

error[E0277]: the trait bound `GodName: std::default::Default` is not satisfied
  --> src/actors/zeus/metrics.rs:55:5
   |
53 | #[derive(Debug, Clone, Default, Serialize, Deserialize)]
   |                        ------- in this derive macro expansion
54 | pub struct ActorMetrics {
55 |     pub actor: GodName,
   |     ^^^^^^^^^^^^^^^^^^ unsatisfied trait bound
   |
help: the trait `std::default::Default` is not implemented for `GodName`
  --> src/actors/mod.rs:60:1
   |
60 | pub enum GodName {
   | ^^^^^^^^^^^^^^^^

error[E0277]: the trait bound `tokio::sync::RwLock<TrinityState>: serde::Serialize` is not satisfied
   --> src/actors/zeus/mod.rs:594:9
    |
594 | / ...   serde_json::json!({
595 | | ...       "name": "Zeus",
596 | | ...       "uptime_seconds": (chrono::Utc::now() - self.state.sta...
597 | | ...       "trinity_state": self.trinity_state.clone(),
598 | | ...       "olympus_state": self.olympus_state.clone(),
599 | | ...   })
    | |        ^
    | |        |
    | |________unsatisfied trait bound
    |          required by a bound introduced by this call
    |
    = help: the trait `actors::_::_serde::Serialize` is not implemented for `tokio::sync::RwLock<TrinityState>`
    = note: for local types consider adding `#[derive(serde::Serialize)]` to your `tokio::sync::RwLock<TrinityState>` type
    = note: for types from other crates check whether the crate offers a `serde` feature flag
    = help: the following other types implement trait `actors::_::_serde::Serialize`:
              &'a T
              &'a mut T
              ()
              (T,)
              (T0, T1)
              (T0, T1, T2)
              (T0, T1, T2, T3)
              (T0, T1, T2, T3, T4)
            and 920 others
    = note: required for `Arc<tokio::sync::RwLock<TrinityState>>` to implement `actors::_::_serde::Serialize`
    = note: 1 redundant requirement hidden
    = note: required for `&Arc<tokio::sync::RwLock<TrinityState>>` to implement `actors::_::_serde::Serialize`
note: required by a bound in `serde_json::to_value`
   --> /home/tdy/.cargo/registry/src/index.crates.io-1949cf8c6b5b557f/serde_json-1.0.148/src/value/mod.rs:997:8
    |
995 | pub fn to_value<T>(value: T) -> Result<Value, Error>
    |        -------- required by a bound in this function
996 | where
997 |     T: Serialize,
    |        ^^^^^^^^^ required by this bound in `to_value`
    = note: the full name for the type has been written to '/home/tdy/Documentos/rocky/target/debug/deps/olympus-0109394e87a9debd.long-type-17847805925918550907.txt'
    = note: consider using `--verbose` to print the full type name to the console
    = note: this error originates in the macro `$crate::json_internal` which comes from the expansion of the macro `serde_json::json` (in Nightly builds, run with -Z macro-backtrace for more info)

error[E0277]: the trait bound `tokio::sync::RwLock<OlympusState>: serde::Serialize` is not satisfied
   --> src/actors/zeus/mod.rs:594:9
    |
594 | / ...   serde_json::json!({
595 | | ...       "name": "Zeus",
596 | | ...       "uptime_seconds": (chrono::Utc::now() - self.state.sta...
597 | | ...       "trinity_state": self.trinity_state.clone(),
598 | | ...       "olympus_state": self.olympus_state.clone(),
599 | | ...   })
    | |        ^
    | |        |
    | |________unsatisfied trait bound
    |          required by a bound introduced by this call
    |
    = help: the trait `actors::_::_serde::Serialize` is not implemented for `tokio::sync::RwLock<OlympusState>`
    = note: for local types consider adding `#[derive(serde::Serialize)]` to your `tokio::sync::RwLock<OlympusState>` type
    = note: for types from other crates check whether the crate offers a `serde` feature flag
    = help: the following other types implement trait `actors::_::_serde::Serialize`:
              &'a T
              &'a mut T
              ()
              (T,)
              (T0, T1)
              (T0, T1, T2)
              (T0, T1, T2, T3)
              (T0, T1, T2, T3, T4)
            and 920 others
    = note: required for `Arc<tokio::sync::RwLock<OlympusState>>` to implement `actors::_::_serde::Serialize`
    = note: 1 redundant requirement hidden
    = note: required for `&Arc<tokio::sync::RwLock<OlympusState>>` to implement `actors::_::_serde::Serialize`
note: required by a bound in `serde_json::to_value`
   --> /home/tdy/.cargo/registry/src/index.crates.io-1949cf8c6b5b557f/serde_json-1.0.148/src/value/mod.rs:997:8
    |
995 | pub fn to_value<T>(value: T) -> Result<Value, Error>
    |        -------- required by a bound in this function
996 | where
997 |     T: Serialize,
    |        ^^^^^^^^^ required by this bound in `to_value`
    = note: the full name for the type has been written to '/home/tdy/Documentos/rocky/target/debug/deps/olympus-0109394e87a9debd.long-type-17847805925918550907.txt'
    = note: consider using `--verbose` to print the full type name to the console
    = note: this error originates in the macro `$crate::json_internal` which comes from the expansion of the macro `serde_json::json` (in Nightly builds, run with -Z macro-backtrace for more info)

error[E0599]: no variant or associated item named `Critical` found for enum `ActorStatus` in the current scope
   --> src/actors/zeus/mod.rs:624:26
    |
624 |             ActorStatus::Critical
    |                          ^^^^^^^^ variant or associated item not found in `ActorStatus`
    |
   ::: src/traits/actor_trait.rs:28:1
    |
 28 | pub enum ActorStatus {
    | -------------------- variant or associated item `Critical` not found for this enum

error[E0609]: no field `last_error` on type `ActorState`
   --> src/actors/zeus/mod.rs:637:36
    |
637 | ...   last_error: self.state.last_error.as_ref().map(|e| e.to_stri...
    |                              ^^^^^^^^^^ unknown field
    |
    = note: available fields are: `god`, `status`, `message_count`, `error_count`, `start_time`, `last_message_time`

error[E0282]: type annotations needed
   --> src/actors/zeus/mod.rs:637:61
    |
637 | ...s_ref().map(|e| e.to_string()),
    |                 ^  - type must be known at this point
    |
help: consider giving this closure parameter an explicit type
    |
637 |             last_error: self.state.last_error.as_ref().map(|e: /* Type */| e.to_string()),
    |                                                              ++++++++++++

error[E0277]: the trait bound `std::time::Instant: serde::Serialize` is not satisfied
    --> src/actors/erinyes/heartbeat.rs:17:24
     |
  17 | #[derive(Debug, Clone, Serialize, Deserialize)]
     |                        ^^^^^^^^^ unsatisfied trait bound
...
  20 |     pub last_seen: Instant,
     |     --- required by a bound introduced by this call
     |
     = help: the trait `actors::_::_serde::Serialize` is not implemented for `std::time::Instant`
     = note: for local types consider adding `#[derive(serde::Serialize)]` to your `std::time::Instant` type
     = note: for types from other crates check whether the crate offers a `serde` feature flag
     = help: the following other types implement trait `actors::_::_serde::Serialize`:
               &'a T
               &'a mut T
               ()
               (T,)
               (T0, T1)
               (T0, T1, T2)
               (T0, T1, T2, T3)
               (T0, T1, T2, T3, T4)
             and 920 others
note: required by a bound in `actors::_::_serde::ser::SerializeStruct::serialize_field`
    --> /home/tdy/.cargo/registry/src/index.crates.io-1949cf8c6b5b557f/serde_core-1.0.228/src/ser/mod.rs:1917:21
     |
1915 |     fn serialize_field<T>(&mut self, key: &'static str, value: &T...
     |        --------------- required by a bound in this associated function
1916 |     where
1917 |         T: ?Sized + Serialize;
     |                     ^^^^^^^^^ required by this bound in `SerializeStruct::serialize_field`
     = note: the full name for the type has been written to '/home/tdy/Documentos/rocky/target/debug/deps/olympus-0109394e87a9debd.long-type-17847805925918550907.txt'
     = note: consider using `--verbose` to print the full type name to the console
     = note: this error originates in the derive macro `Serialize` (in Nightly builds, run with -Z macro-backtrace for more info)

error[E0277]: the trait bound `std::time::Instant: serde::Deserialize<'de>` is not satisfied
    --> src/actors/erinyes/heartbeat.rs:20:20
     |
  20 |     pub last_seen: Instant,
     |                    ^^^^^^^ unsatisfied trait bound
     |
     = help: the trait `actors::_::_serde::Deserialize<'_>` is not implemented for `std::time::Instant`
     = note: for local types consider adding `#[derive(serde::Deserialize)]` to your `std::time::Instant` type
     = note: for types from other crates check whether the crate offers a `serde` feature flag
     = help: the following other types implement trait `actors::_::_serde::Deserialize<'de>`:
               `&'a [u8]` implements `actors::_::_serde::Deserialize<'de>`
               `&'a serde_json::value::RawValue` implements `actors::_::_serde::Deserialize<'de>`
               `&'a str` implements `actors::_::_serde::Deserialize<'de>`
               `()` implements `actors::_::_serde::Deserialize<'de>`
               `(T,)` implements `actors::_::_serde::Deserialize<'de>`
               `(T0, T1)` implements `actors::_::_serde::Deserialize<'de>`
               `(T0, T1, T2)` implements `actors::_::_serde::Deserialize<'de>`
               `(T0, T1, T2, T3)` implements `actors::_::_serde::Deserialize<'de>`
             and 898 others
note: required by a bound in `next_element`
    --> /home/tdy/.cargo/registry/src/index.crates.io-1949cf8c6b5b557f/serde_core-1.0.228/src/de/mod.rs:1771:12
     |
1769 |     fn next_element<T>(&mut self) -> Result<Option<T>, Self::Error>
     |        ------------ required by a bound in this associated function
1770 |     where
1771 |         T: Deserialize<'de>,
     |            ^^^^^^^^^^^^^^^^ required by this bound in `SeqAccess::next_element`
     = note: the full name for the type has been written to '/home/tdy/Documentos/rocky/target/debug/deps/olympus-0109394e87a9debd.long-type-17641251081328997572.txt'
     = note: consider using `--verbose` to print the full type name to the console

error[E0277]: the trait bound `std::time::Instant: serde::Deserialize<'de>` is not satisfied
    --> src/actors/erinyes/heartbeat.rs:20:20
     |
  20 |     pub last_seen: Instant,
     |                    ^^^^^^^ unsatisfied trait bound
     |
     = help: the trait `actors::_::_serde::Deserialize<'_>` is not implemented for `std::time::Instant`
     = note: for local types consider adding `#[derive(serde::Deserialize)]` to your `std::time::Instant` type
     = note: for types from other crates check whether the crate offers a `serde` feature flag
     = help: the following other types implement trait `actors::_::_serde::Deserialize<'de>`:
               `&'a [u8]` implements `actors::_::_serde::Deserialize<'de>`
               `&'a serde_json::value::RawValue` implements `actors::_::_serde::Deserialize<'de>`
               `&'a str` implements `actors::_::_serde::Deserialize<'de>`
               `()` implements `actors::_::_serde::Deserialize<'de>`
               `(T,)` implements `actors::_::_serde::Deserialize<'de>`
               `(T0, T1)` implements `actors::_::_serde::Deserialize<'de>`
               `(T0, T1, T2)` implements `actors::_::_serde::Deserialize<'de>`
               `(T0, T1, T2, T3)` implements `actors::_::_serde::Deserialize<'de>`
             and 898 others
note: required by a bound in `next_value`
    --> /home/tdy/.cargo/registry/src/index.crates.io-1949cf8c6b5b557f/serde_core-1.0.228/src/de/mod.rs:1916:12
     |
1914 |     fn next_value<V>(&mut self) -> Result<V, Self::Error>
     |        ---------- required by a bound in this associated function
1915 |     where
1916 |         V: Deserialize<'de>,
     |            ^^^^^^^^^^^^^^^^ required by this bound in `MapAccess::next_value`
     = note: the full name for the type has been written to '/home/tdy/Documentos/rocky/target/debug/deps/olympus-0109394e87a9debd.long-type-17641251081328997572.txt'
     = note: consider using `--verbose` to print the full type name to the console

error[E0277]: the trait bound `std::time::Instant: serde::Deserialize<'de>` is not satisfied
  --> src/actors/erinyes/heartbeat.rs:17:35
   |
17 | #[derive(Debug, Clone, Serialize, Deserialize)]
   |                                   ^^^^^^^^^^^ unsatisfied trait bound
   |
   = help: the trait `actors::_::_serde::Deserialize<'_>` is not implemented for `std::time::Instant`
   = note: for local types consider adding `#[derive(serde::Deserialize)]` to your `std::time::Instant` type
   = note: for types from other crates check whether the crate offers a `serde` feature flag
   = help: the following other types implement trait `actors::_::_serde::Deserialize<'de>`:
             `&'a [u8]` implements `actors::_::_serde::Deserialize<'de>`
             `&'a serde_json::value::RawValue` implements `actors::_::_serde::Deserialize<'de>`
             `&'a str` implements `actors::_::_serde::Deserialize<'de>`
             `()` implements `actors::_::_serde::Deserialize<'de>`
             `(T,)` implements `actors::_::_serde::Deserialize<'de>`
             `(T0, T1)` implements `actors::_::_serde::Deserialize<'de>`
             `(T0, T1, T2)` implements `actors::_::_serde::Deserialize<'de>`
             `(T0, T1, T2, T3)` implements `actors::_::_serde::Deserialize<'de>`
           and 898 others
note: required by a bound in `actors::_::_serde::__private228::de::missing_field`
  --> /home/tdy/.cargo/registry/src/index.crates.io-1949cf8c6b5b557f/serde-1.0.228/src/private/de.rs:26:8
   |
24 | pub fn missing_field<'de, V, E>(field: &'static str) -> Result<V, E>
   |        ------------- required by a bound in this function
25 | where
26 |     V: Deserialize<'de>,
   |        ^^^^^^^^^^^^^^^^ required by this bound in `missing_field`
   = note: the full name for the type has been written to '/home/tdy/Documentos/rocky/target/debug/deps/olympus-0109394e87a9debd.long-type-17641251081328997572.txt'
   = note: consider using `--verbose` to print the full type name to the console
   = note: this error originates in the derive macro `Deserialize` (in Nightly builds, run with -Z macro-backtrace for more info)

error[E0277]: the trait bound `std::time::Instant: serde::Serialize` is not satisfied
    --> src/actors/erinyes/heartbeat.rs:30:24
     |
  30 | #[derive(Debug, Clone, Serialize, Deserialize)]
     |                        ^^^^^^^^^ unsatisfied trait bound
  31 | pub struct HeartbeatRecord {
  32 |     pub timestamp: Instant,
     |     --- required by a bound introduced by this call
     |
     = help: the trait `actors::_::_serde::Serialize` is not implemented for `std::time::Instant`
     = note: for local types consider adding `#[derive(serde::Serialize)]` to your `std::time::Instant` type
     = note: for types from other crates check whether the crate offers a `serde` feature flag
     = help: the following other types implement trait `actors::_::_serde::Serialize`:
               &'a T
               &'a mut T
               ()
               (T,)
               (T0, T1)
               (T0, T1, T2)
               (T0, T1, T2, T3)
               (T0, T1, T2, T3, T4)
             and 920 others
note: required by a bound in `actors::_::_serde::ser::SerializeStruct::serialize_field`
    --> /home/tdy/.cargo/registry/src/index.crates.io-1949cf8c6b5b557f/serde_core-1.0.228/src/ser/mod.rs:1917:21
     |
1915 |     fn serialize_field<T>(&mut self, key: &'static str, value: &T...
     |        --------------- required by a bound in this associated function
1916 |     where
1917 |         T: ?Sized + Serialize;
     |                     ^^^^^^^^^ required by this bound in `SerializeStruct::serialize_field`
     = note: the full name for the type has been written to '/home/tdy/Documentos/rocky/target/debug/deps/olympus-0109394e87a9debd.long-type-17847805925918550907.txt'
     = note: consider using `--verbose` to print the full type name to the console
     = note: this error originates in the derive macro `Serialize` (in Nightly builds, run with -Z macro-backtrace for more info)

error[E0277]: the trait bound `std::time::Instant: serde::Deserialize<'de>` is not satisfied
    --> src/actors/erinyes/heartbeat.rs:32:20
     |
  32 |     pub timestamp: Instant,
     |                    ^^^^^^^ unsatisfied trait bound
     |
     = help: the trait `actors::_::_serde::Deserialize<'_>` is not implemented for `std::time::Instant`
     = note: for local types consider adding `#[derive(serde::Deserialize)]` to your `std::time::Instant` type
     = note: for types from other crates check whether the crate offers a `serde` feature flag
     = help: the following other types implement trait `actors::_::_serde::Deserialize<'de>`:
               `&'a [u8]` implements `actors::_::_serde::Deserialize<'de>`
               `&'a serde_json::value::RawValue` implements `actors::_::_serde::Deserialize<'de>`
               `&'a str` implements `actors::_::_serde::Deserialize<'de>`
               `()` implements `actors::_::_serde::Deserialize<'de>`
               `(T,)` implements `actors::_::_serde::Deserialize<'de>`
               `(T0, T1)` implements `actors::_::_serde::Deserialize<'de>`
               `(T0, T1, T2)` implements `actors::_::_serde::Deserialize<'de>`
               `(T0, T1, T2, T3)` implements `actors::_::_serde::Deserialize<'de>`
             and 898 others
note: required by a bound in `next_element`
    --> /home/tdy/.cargo/registry/src/index.crates.io-1949cf8c6b5b557f/serde_core-1.0.228/src/de/mod.rs:1771:12
     |
1769 |     fn next_element<T>(&mut self) -> Result<Option<T>, Self::Error>
     |        ------------ required by a bound in this associated function
1770 |     where
1771 |         T: Deserialize<'de>,
     |            ^^^^^^^^^^^^^^^^ required by this bound in `SeqAccess::next_element`
     = note: the full name for the type has been written to '/home/tdy/Documentos/rocky/target/debug/deps/olympus-0109394e87a9debd.long-type-17641251081328997572.txt'
     = note: consider using `--verbose` to print the full type name to the console

error[E0277]: the trait bound `std::time::Instant: serde::Deserialize<'de>` is not satisfied
    --> src/actors/erinyes/heartbeat.rs:32:20
     |
  32 |     pub timestamp: Instant,
     |                    ^^^^^^^ unsatisfied trait bound
     |
     = help: the trait `actors::_::_serde::Deserialize<'_>` is not implemented for `std::time::Instant`
     = note: for local types consider adding `#[derive(serde::Deserialize)]` to your `std::time::Instant` type
     = note: for types from other crates check whether the crate offers a `serde` feature flag
     = help: the following other types implement trait `actors::_::_serde::Deserialize<'de>`:
               `&'a [u8]` implements `actors::_::_serde::Deserialize<'de>`
               `&'a serde_json::value::RawValue` implements `actors::_::_serde::Deserialize<'de>`
               `&'a str` implements `actors::_::_serde::Deserialize<'de>`
               `()` implements `actors::_::_serde::Deserialize<'de>`
               `(T,)` implements `actors::_::_serde::Deserialize<'de>`
               `(T0, T1)` implements `actors::_::_serde::Deserialize<'de>`
               `(T0, T1, T2)` implements `actors::_::_serde::Deserialize<'de>`
               `(T0, T1, T2, T3)` implements `actors::_::_serde::Deserialize<'de>`
             and 898 others
note: required by a bound in `next_value`
    --> /home/tdy/.cargo/registry/src/index.crates.io-1949cf8c6b5b557f/serde_core-1.0.228/src/de/mod.rs:1916:12
     |
1914 |     fn next_value<V>(&mut self) -> Result<V, Self::Error>
     |        ---------- required by a bound in this associated function
1915 |     where
1916 |         V: Deserialize<'de>,
     |            ^^^^^^^^^^^^^^^^ required by this bound in `MapAccess::next_value`
     = note: the full name for the type has been written to '/home/tdy/Documentos/rocky/target/debug/deps/olympus-0109394e87a9debd.long-type-17641251081328997572.txt'
     = note: consider using `--verbose` to print the full type name to the console

error[E0277]: the trait bound `std::time::Instant: serde::Deserialize<'de>` is not satisfied
  --> src/actors/erinyes/heartbeat.rs:30:35
   |
30 | #[derive(Debug, Clone, Serialize, Deserialize)]
   |                                   ^^^^^^^^^^^ unsatisfied trait bound
   |
   = help: the trait `actors::_::_serde::Deserialize<'_>` is not implemented for `std::time::Instant`
   = note: for local types consider adding `#[derive(serde::Deserialize)]` to your `std::time::Instant` type
   = note: for types from other crates check whether the crate offers a `serde` feature flag
   = help: the following other types implement trait `actors::_::_serde::Deserialize<'de>`:
             `&'a [u8]` implements `actors::_::_serde::Deserialize<'de>`
             `&'a serde_json::value::RawValue` implements `actors::_::_serde::Deserialize<'de>`
             `&'a str` implements `actors::_::_serde::Deserialize<'de>`
             `()` implements `actors::_::_serde::Deserialize<'de>`
             `(T,)` implements `actors::_::_serde::Deserialize<'de>`
             `(T0, T1)` implements `actors::_::_serde::Deserialize<'de>`
             `(T0, T1, T2)` implements `actors::_::_serde::Deserialize<'de>`
             `(T0, T1, T2, T3)` implements `actors::_::_serde::Deserialize<'de>`
           and 898 others
note: required by a bound in `actors::_::_serde::__private228::de::missing_field`
  --> /home/tdy/.cargo/registry/src/index.crates.io-1949cf8c6b5b557f/serde-1.0.228/src/private/de.rs:26:8
   |
24 | pub fn missing_field<'de, V, E>(field: &'static str) -> Result<V, E>
   |        ------------- required by a bound in this function
25 | where
26 |     V: Deserialize<'de>,
   |        ^^^^^^^^^^^^^^^^ required by this bound in `missing_field`
   = note: the full name for the type has been written to '/home/tdy/Documentos/rocky/target/debug/deps/olympus-0109394e87a9debd.long-type-17641251081328997572.txt'
   = note: consider using `--verbose` to print the full type name to the console
   = note: this error originates in the derive macro `Deserialize` (in Nightly builds, run with -Z macro-backtrace for more info)

error[E0599]: no variant or associated item named `Critical` found for enum `ActorStatus` in the current scope
  --> src/actors/erinyes/heartbeat.rs:74:40
   |
74 |             self.status = ActorStatus::Critical;
   |                                        ^^^^^^^^ variant or associated item not found in `ActorStatus`
   |
  ::: src/traits/actor_trait.rs:28:1
   |
28 | pub enum ActorStatus {
   | -------------------- variant or associated item `Critical` not found for this enum

error[E0277]: the trait bound `std::time::Instant: serde::Serialize` is not satisfied
    --> src/actors/erinyes/dead_letter.rs:14:24
     |
  14 | #[derive(Debug, Clone, Serialize, Deserialize)]
     |                        ^^^^^^^^^ unsatisfied trait bound
...
  19 |     pub failed_at: Instant,
     |     --- required by a bound introduced by this call
     |
     = help: the trait `actors::_::_serde::Serialize` is not implemented for `std::time::Instant`
     = note: for local types consider adding `#[derive(serde::Serialize)]` to your `std::time::Instant` type
     = note: for types from other crates check whether the crate offers a `serde` feature flag
     = help: the following other types implement trait `actors::_::_serde::Serialize`:
               &'a T
               &'a mut T
               ()
               (T,)
               (T0, T1)
               (T0, T1, T2)
               (T0, T1, T2, T3)
               (T0, T1, T2, T3, T4)
             and 920 others
note: required by a bound in `actors::_::_serde::ser::SerializeStruct::serialize_field`
    --> /home/tdy/.cargo/registry/src/index.crates.io-1949cf8c6b5b557f/serde_core-1.0.228/src/ser/mod.rs:1917:21
     |
1915 |     fn serialize_field<T>(&mut self, key: &'static str, value: &T...
     |        --------------- required by a bound in this associated function
1916 |     where
1917 |         T: ?Sized + Serialize;
     |                     ^^^^^^^^^ required by this bound in `SerializeStruct::serialize_field`
     = note: the full name for the type has been written to '/home/tdy/Documentos/rocky/target/debug/deps/olympus-0109394e87a9debd.long-type-17847805925918550907.txt'
     = note: consider using `--verbose` to print the full type name to the console
     = note: this error originates in the derive macro `Serialize` (in Nightly builds, run with -Z macro-backtrace for more info)

error[E0277]: the trait bound `std::time::Instant: serde::Deserialize<'de>` is not satisfied
    --> src/actors/erinyes/dead_letter.rs:19:20
     |
  19 |     pub failed_at: Instant,
     |                    ^^^^^^^ unsatisfied trait bound
     |
     = help: the trait `actors::_::_serde::Deserialize<'_>` is not implemented for `std::time::Instant`
     = note: for local types consider adding `#[derive(serde::Deserialize)]` to your `std::time::Instant` type
     = note: for types from other crates check whether the crate offers a `serde` feature flag
     = help: the following other types implement trait `actors::_::_serde::Deserialize<'de>`:
               `&'a [u8]` implements `actors::_::_serde::Deserialize<'de>`
               `&'a serde_json::value::RawValue` implements `actors::_::_serde::Deserialize<'de>`
               `&'a str` implements `actors::_::_serde::Deserialize<'de>`
               `()` implements `actors::_::_serde::Deserialize<'de>`
               `(T,)` implements `actors::_::_serde::Deserialize<'de>`
               `(T0, T1)` implements `actors::_::_serde::Deserialize<'de>`
               `(T0, T1, T2)` implements `actors::_::_serde::Deserialize<'de>`
               `(T0, T1, T2, T3)` implements `actors::_::_serde::Deserialize<'de>`
             and 897 others
note: required by a bound in `next_element`
    --> /home/tdy/.cargo/registry/src/index.crates.io-1949cf8c6b5b557f/serde_core-1.0.228/src/de/mod.rs:1771:12
     |
1769 |     fn next_element<T>(&mut self) -> Result<Option<T>, Self::Error>
     |        ------------ required by a bound in this associated function
1770 |     where
1771 |         T: Deserialize<'de>,
     |            ^^^^^^^^^^^^^^^^ required by this bound in `SeqAccess::next_element`
     = note: the full name for the type has been written to '/home/tdy/Documentos/rocky/target/debug/deps/olympus-0109394e87a9debd.long-type-17641251081328997572.txt'
     = note: consider using `--verbose` to print the full type name to the console

error[E0277]: the trait bound `std::time::Instant: serde::Deserialize<'de>` is not satisfied
    --> src/actors/erinyes/dead_letter.rs:19:20
     |
  19 |     pub failed_at: Instant,
     |                    ^^^^^^^ unsatisfied trait bound
     |
     = help: the trait `actors::_::_serde::Deserialize<'_>` is not implemented for `std::time::Instant`
     = note: for local types consider adding `#[derive(serde::Deserialize)]` to your `std::time::Instant` type
     = note: for types from other crates check whether the crate offers a `serde` feature flag
     = help: the following other types implement trait `actors::_::_serde::Deserialize<'de>`:
               `&'a [u8]` implements `actors::_::_serde::Deserialize<'de>`
               `&'a serde_json::value::RawValue` implements `actors::_::_serde::Deserialize<'de>`
               `&'a str` implements `actors::_::_serde::Deserialize<'de>`
               `()` implements `actors::_::_serde::Deserialize<'de>`
               `(T,)` implements `actors::_::_serde::Deserialize<'de>`
               `(T0, T1)` implements `actors::_::_serde::Deserialize<'de>`
               `(T0, T1, T2)` implements `actors::_::_serde::Deserialize<'de>`
               `(T0, T1, T2, T3)` implements `actors::_::_serde::Deserialize<'de>`
             and 897 others
note: required by a bound in `next_value`
    --> /home/tdy/.cargo/registry/src/index.crates.io-1949cf8c6b5b557f/serde_core-1.0.228/src/de/mod.rs:1916:12
     |
1914 |     fn next_value<V>(&mut self) -> Result<V, Self::Error>
     |        ---------- required by a bound in this associated function
1915 |     where
1916 |         V: Deserialize<'de>,
     |            ^^^^^^^^^^^^^^^^ required by this bound in `MapAccess::next_value`
     = note: the full name for the type has been written to '/home/tdy/Documentos/rocky/target/debug/deps/olympus-0109394e87a9debd.long-type-17641251081328997572.txt'
     = note: consider using `--verbose` to print the full type name to the console

error[E0277]: the trait bound `std::time::Instant: serde::Deserialize<'de>` is not satisfied
  --> src/actors/erinyes/dead_letter.rs:14:35
   |
14 | #[derive(Debug, Clone, Serialize, Deserialize)]
   |                                   ^^^^^^^^^^^ unsatisfied trait bound
   |
   = help: the trait `actors::_::_serde::Deserialize<'_>` is not implemented for `std::time::Instant`
   = note: for local types consider adding `#[derive(serde::Deserialize)]` to your `std::time::Instant` type
   = note: for types from other crates check whether the crate offers a `serde` feature flag
   = help: the following other types implement trait `actors::_::_serde::Deserialize<'de>`:
             `&'a [u8]` implements `actors::_::_serde::Deserialize<'de>`
             `&'a serde_json::value::RawValue` implements `actors::_::_serde::Deserialize<'de>`
             `&'a str` implements `actors::_::_serde::Deserialize<'de>`
             `()` implements `actors::_::_serde::Deserialize<'de>`
             `(T,)` implements `actors::_::_serde::Deserialize<'de>`
             `(T0, T1)` implements `actors::_::_serde::Deserialize<'de>`
             `(T0, T1, T2)` implements `actors::_::_serde::Deserialize<'de>`
             `(T0, T1, T2, T3)` implements `actors::_::_serde::Deserialize<'de>`
           and 897 others
note: required by a bound in `actors::_::_serde::__private228::de::missing_field`
  --> /home/tdy/.cargo/registry/src/index.crates.io-1949cf8c6b5b557f/serde-1.0.228/src/private/de.rs:26:8
   |
24 | pub fn missing_field<'de, V, E>(field: &'static str) -> Result<V, E>
   |        ------------- required by a bound in this function
25 | where
26 |     V: Deserialize<'de>,
   |        ^^^^^^^^^^^^^^^^ required by this bound in `missing_field`
   = note: the full name for the type has been written to '/home/tdy/Documentos/rocky/target/debug/deps/olympus-0109394e87a9debd.long-type-17641251081328997572.txt'
   = note: consider using `--verbose` to print the full type name to the console
   = note: this error originates in the derive macro `Deserialize` (in Nightly builds, run with -Z macro-backtrace for more info)

error[E0277]: the trait bound `std::time::Instant: serde::Serialize` is not satisfied
    --> src/actors/erinyes/watchdog.rs:51:24
     |
  51 | #[derive(Debug, Clone, Serialize, Deserialize)]
     |                        ^^^^^^^^^ unsatisfied trait bound
...
  54 |     pub timestamp: Instant,
     |     --- required by a bound introduced by this call
     |
     = help: the trait `actors::_::_serde::Serialize` is not implemented for `std::time::Instant`
     = note: for local types consider adding `#[derive(serde::Serialize)]` to your `std::time::Instant` type
     = note: for types from other crates check whether the crate offers a `serde` feature flag
     = help: the following other types implement trait `actors::_::_serde::Serialize`:
               &'a T
               &'a mut T
               ()
               (T,)
               (T0, T1)
               (T0, T1, T2)
               (T0, T1, T2, T3)
               (T0, T1, T2, T3, T4)
             and 920 others
note: required by a bound in `actors::_::_serde::ser::SerializeStruct::serialize_field`
    --> /home/tdy/.cargo/registry/src/index.crates.io-1949cf8c6b5b557f/serde_core-1.0.228/src/ser/mod.rs:1917:21
     |
1915 |     fn serialize_field<T>(&mut self, key: &'static str, value: &T...
     |        --------------- required by a bound in this associated function
1916 |     where
1917 |         T: ?Sized + Serialize;
     |                     ^^^^^^^^^ required by this bound in `SerializeStruct::serialize_field`
     = note: the full name for the type has been written to '/home/tdy/Documentos/rocky/target/debug/deps/olympus-0109394e87a9debd.long-type-17847805925918550907.txt'
     = note: consider using `--verbose` to print the full type name to the console
     = note: this error originates in the derive macro `Serialize` (in Nightly builds, run with -Z macro-backtrace for more info)

error[E0277]: the trait bound `std::time::Instant: serde::Deserialize<'de>` is not satisfied
    --> src/actors/erinyes/watchdog.rs:54:20
     |
  54 |     pub timestamp: Instant,
     |                    ^^^^^^^ unsatisfied trait bound
     |
     = help: the trait `actors::_::_serde::Deserialize<'_>` is not implemented for `std::time::Instant`
     = note: for local types consider adding `#[derive(serde::Deserialize)]` to your `std::time::Instant` type
     = note: for types from other crates check whether the crate offers a `serde` feature flag
     = help: the following other types implement trait `actors::_::_serde::Deserialize<'de>`:
               `&'a [u8]` implements `actors::_::_serde::Deserialize<'de>`
               `&'a serde_json::value::RawValue` implements `actors::_::_serde::Deserialize<'de>`
               `&'a str` implements `actors::_::_serde::Deserialize<'de>`
               `()` implements `actors::_::_serde::Deserialize<'de>`
               `(T,)` implements `actors::_::_serde::Deserialize<'de>`
               `(T0, T1)` implements `actors::_::_serde::Deserialize<'de>`
               `(T0, T1, T2)` implements `actors::_::_serde::Deserialize<'de>`
               `(T0, T1, T2, T3)` implements `actors::_::_serde::Deserialize<'de>`
             and 900 others
note: required by a bound in `next_element`
    --> /home/tdy/.cargo/registry/src/index.crates.io-1949cf8c6b5b557f/serde_core-1.0.228/src/de/mod.rs:1771:12
     |
1769 |     fn next_element<T>(&mut self) -> Result<Option<T>, Self::Error>
     |        ------------ required by a bound in this associated function
1770 |     where
1771 |         T: Deserialize<'de>,
     |            ^^^^^^^^^^^^^^^^ required by this bound in `SeqAccess::next_element`
     = note: the full name for the type has been written to '/home/tdy/Documentos/rocky/target/debug/deps/olympus-0109394e87a9debd.long-type-17641251081328997572.txt'
     = note: consider using `--verbose` to print the full type name to the console

error[E0277]: the trait bound `std::time::Instant: serde::Deserialize<'de>` is not satisfied
    --> src/actors/erinyes/watchdog.rs:54:20
     |
  54 |     pub timestamp: Instant,
     |                    ^^^^^^^ unsatisfied trait bound
     |
     = help: the trait `actors::_::_serde::Deserialize<'_>` is not implemented for `std::time::Instant`
     = note: for local types consider adding `#[derive(serde::Deserialize)]` to your `std::time::Instant` type
     = note: for types from other crates check whether the crate offers a `serde` feature flag
     = help: the following other types implement trait `actors::_::_serde::Deserialize<'de>`:
               `&'a [u8]` implements `actors::_::_serde::Deserialize<'de>`
               `&'a serde_json::value::RawValue` implements `actors::_::_serde::Deserialize<'de>`
               `&'a str` implements `actors::_::_serde::Deserialize<'de>`
               `()` implements `actors::_::_serde::Deserialize<'de>`
               `(T,)` implements `actors::_::_serde::Deserialize<'de>`
               `(T0, T1)` implements `actors::_::_serde::Deserialize<'de>`
               `(T0, T1, T2)` implements `actors::_::_serde::Deserialize<'de>`
               `(T0, T1, T2, T3)` implements `actors::_::_serde::Deserialize<'de>`
             and 900 others
note: required by a bound in `next_value`
    --> /home/tdy/.cargo/registry/src/index.crates.io-1949cf8c6b5b557f/serde_core-1.0.228/src/de/mod.rs:1916:12
     |
1914 |     fn next_value<V>(&mut self) -> Result<V, Self::Error>
     |        ---------- required by a bound in this associated function
1915 |     where
1916 |         V: Deserialize<'de>,
     |            ^^^^^^^^^^^^^^^^ required by this bound in `MapAccess::next_value`
     = note: the full name for the type has been written to '/home/tdy/Documentos/rocky/target/debug/deps/olympus-0109394e87a9debd.long-type-17641251081328997572.txt'
     = note: consider using `--verbose` to print the full type name to the console

error[E0277]: the trait bound `std::time::Instant: serde::Deserialize<'de>` is not satisfied
  --> src/actors/erinyes/watchdog.rs:51:35
   |
51 | #[derive(Debug, Clone, Serialize, Deserialize)]
   |                                   ^^^^^^^^^^^ unsatisfied trait bound
   |
   = help: the trait `actors::_::_serde::Deserialize<'_>` is not implemented for `std::time::Instant`
   = note: for local types consider adding `#[derive(serde::Deserialize)]` to your `std::time::Instant` type
   = note: for types from other crates check whether the crate offers a `serde` feature flag
   = help: the following other types implement trait `actors::_::_serde::Deserialize<'de>`:
             `&'a [u8]` implements `actors::_::_serde::Deserialize<'de>`
             `&'a serde_json::value::RawValue` implements `actors::_::_serde::Deserialize<'de>`
             `&'a str` implements `actors::_::_serde::Deserialize<'de>`
             `()` implements `actors::_::_serde::Deserialize<'de>`
             `(T,)` implements `actors::_::_serde::Deserialize<'de>`
             `(T0, T1)` implements `actors::_::_serde::Deserialize<'de>`
             `(T0, T1, T2)` implements `actors::_::_serde::Deserialize<'de>`
             `(T0, T1, T2, T3)` implements `actors::_::_serde::Deserialize<'de>`
           and 900 others
note: required by a bound in `actors::_::_serde::__private228::de::missing_field`
  --> /home/tdy/.cargo/registry/src/index.crates.io-1949cf8c6b5b557f/serde-1.0.228/src/private/de.rs:26:8
   |
24 | pub fn missing_field<'de, V, E>(field: &'static str) -> Result<V, E>
   |        ------------- required by a bound in this function
25 | where
26 |     V: Deserialize<'de>,
   |        ^^^^^^^^^^^^^^^^ required by this bound in `missing_field`
   = note: the full name for the type has been written to '/home/tdy/Documentos/rocky/target/debug/deps/olympus-0109394e87a9debd.long-type-17641251081328997572.txt'
   = note: consider using `--verbose` to print the full type name to the console
   = note: this error originates in the derive macro `Deserialize` (in Nightly builds, run with -Z macro-backtrace for more info)

error[E0277]: `dyn Fn(&WatchdogEvent) + Send + Sync` doesn't implement `std::fmt::Debug`
  --> src/actors/erinyes/watchdog.rs:75:5
   |
70 | #[derive(Debug, Clone)]
   |          ----- in this derive macro expansion
...
75 |     custom_handlers: Arc<RwLock<HashMap<WatchdogEventType, Vec<Box<dyn Fn(&WatchdogEvent) + Send + Sync>>>>>,
   |     ^^^^^^^^^^^^^^^^^^^^^^^^^^^^^^^^^^^^^^^^^^^^^^^^^^^^^^^^^^^^^^^^^^^^^^^^^^^^^^^^^^^^^^^^^^^^^^^^^^^^^^^^ unsatisfied trait bound
   |
   = help: the trait `std::fmt::Debug` is not implemented for `dyn Fn(&WatchdogEvent) + Send + Sync`
   = note: the full name for the type has been written to '/home/tdy/Documentos/rocky/target/debug/deps/olympus-0109394e87a9debd.long-type-14220680691684115538.txt'
   = note: consider using `--verbose` to print the full type name to the console

error[E0599]: no method named `handle_command` found for mutable reference `&mut Erinyes` in the current scope
   --> src/actors/erinyes/mod.rs:328:50
    |
328 | ...> self.handle_command(cmd).await,
    |           ^^^^^^^^^^^^^^ method not found in `&mut Erinyes`

error[E0599]: no method named `handle_query` found for mutable reference `&mut Erinyes` in the current scope
   --> src/actors/erinyes/mod.rs:329:50
    |
329 | ...=> self.handle_query(query).await,
    |            ^^^^^^^^^^^^ method not found in `&mut Erinyes`

error[E0599]: no method named `handle_event` found for mutable reference `&mut Erinyes` in the current scope
   --> src/actors/erinyes/mod.rs:330:50
    |
330 | ...=> self.handle_event(event).await,
    |            ^^^^^^^^^^^^ method not found in `&mut Erinyes`

error[E0599]: no variant or associated item named `Custom` found for enum `CommandPayload` in the current scope
   --> src/actors/erinyes/mod.rs:354:29
    |
354 |             CommandPayload::Custom(data) => {
    |                             ^^^^^^ variant or associated item not found in `CommandPayload`
    |
   ::: src/traits/message.rs:84:1
    |
 84 | pub enum CommandPayload {
    | ----------------------- variant or associated item `Custom` not found for this enum

error[E0599]: no variant or associated item named `GetStats` found for enum `QueryPayload` in the current scope
   --> src/actors/erinyes/mod.rs:373:27
    |
373 |             QueryPayload::GetStats => {
    |                           ^^^^^^^^ variant or associated item not found in `QueryPayload`
    |
   ::: src/traits/message.rs:137:1
    |
137 | pub enum QueryPayload {
    | --------------------- variant or associated item `GetStats` not found for this enum

error[E0599]: no variant or associated item named `Custom` found for enum `QueryPayload` in the current scope
   --> src/actors/erinyes/mod.rs:391:27
    |
391 |             QueryPayload::Custom(data) => {
    |                           ^^^^^^ variant or associated item not found in `QueryPayload`
    |
   ::: src/traits/message.rs:137:1
    |
137 | pub enum QueryPayload {
    | --------------------- variant or associated item `Custom` not found for this enum

error[E0277]: the trait bound `SystemHealth: serde::Serialize` is not satisfied
   --> src/actors/erinyes/mod.rs:381:27
    |
381 |   ...   data: serde_json::json!({
    |  _____________^
382 | | ...       "heartbeat": heartbeat_stats,
383 | | ...       "recovery": recovery_stats,
384 | | ...       "alerts": alert_stats,
...   |
387 | | ...       "trinity_status": self.get_trinity_status().await,
388 | | ...   }),
    | |        ^
    | |        |
    | |________unsatisfied trait bound
    |          required by a bound introduced by this call
    |
help: the trait `actors::_::_serde::Serialize` is not implemented for `SystemHealth`
   --> src/actors/erinyes/watchdog.rs:390:1
    |
390 | pub struct SystemHealth {
    | ^^^^^^^^^^^^^^^^^^^^^^^
    = note: for local types consider adding `#[derive(serde::Serialize)]` to your `SystemHealth` type
    = note: for types from other crates check whether the crate offers a `serde` feature flag
    = help: the following other types implement trait `actors::_::_serde::Serialize`:
              &'a T
              &'a mut T
              ()
              (T,)
              (T0, T1)
              (T0, T1, T2)
              (T0, T1, T2, T3)
              (T0, T1, T2, T3, T4)
            and 920 others
    = note: required for `&SystemHealth` to implement `actors::_::_serde::Serialize`
note: required by a bound in `serde_json::to_value`
   --> /home/tdy/.cargo/registry/src/index.crates.io-1949cf8c6b5b557f/serde_json-1.0.148/src/value/mod.rs:997:8
    |
995 | pub fn to_value<T>(value: T) -> Result<Value, Error>
    |        -------- required by a bound in this function
996 | where
997 |     T: Serialize,
    |        ^^^^^^^^^ required by this bound in `to_value`
    = note: the full name for the type has been written to '/home/tdy/Documentos/rocky/target/debug/deps/olympus-0109394e87a9debd.long-type-17847805925918550907.txt'
    = note: consider using `--verbose` to print the full type name to the console
    = note: this error originates in the macro `$crate::json_internal` which comes from the expansion of the macro `serde_json::json` (in Nightly builds, run with -Z macro-backtrace for more info)

error[E0282]: type annotations needed
   --> src/actors/erinyes/mod.rs:392:76
    |
392 | ...").and_then(|v| v.as_str()) {
    |                 ^  - type must be known at this point
    |
help: consider giving this closure parameter an explicit type
    |
392 |                 if let Some(query_type) = data.get("query_type").and_then(|v: /* Type */| v.as_str()) {
    |                                                                             ++++++++++++

error[E0282]: type annotations needed
   --> src/actors/erinyes/mod.rs:395:83
    |
395 | ...").and_then(|v| v.as_str()) {
    |                 ^  - type must be known at this point
    |
help: consider giving this closure parameter an explicit type
    |
395 |                             if let Some(actor_name) = data.get("actor").and_then(|v: /* Type */| v.as_str()) {
    |                                                                                    ++++++++++++

error[E0277]: the trait bound `SystemHealth: serde::Serialize` is not satisfied
   --> src/actors/erinyes/mod.rs:419:60
    |
419 | ...         data: serde_json::to_value(health).unwrap_or_default() 
    |                   -------------------- ^^^^^^ unsatisfied trait bound
    |                   |
    |                   required by a bound introduced by this call
    |
help: the trait `actors::_::_serde::Serialize` is not implemented for `SystemHealth`
   --> src/actors/erinyes/watchdog.rs:390:1
    |
390 | pub struct SystemHealth {
    | ^^^^^^^^^^^^^^^^^^^^^^^
    = note: for local types consider adding `#[derive(serde::Serialize)]` to your `SystemHealth` type
    = note: for types from other crates check whether the crate offers a `serde` feature flag
    = help: the following other types implement trait `actors::_::_serde::Serialize`:
              &'a T
              &'a mut T
              ()
              (T,)
              (T0, T1)
              (T0, T1, T2)
              (T0, T1, T2, T3)
              (T0, T1, T2, T3, T4)
            and 920 others
note: required by a bound in `serde_json::to_value`
   --> /home/tdy/.cargo/registry/src/index.crates.io-1949cf8c6b5b557f/serde_json-1.0.148/src/value/mod.rs:997:8
    |
995 | pub fn to_value<T>(value: T) -> Result<Value, Error>
    |        -------- required by a bound in this function
996 | where
997 |     T: Serialize,
    |        ^^^^^^^^^ required by this bound in `to_value`
    = note: the full name for the type has been written to '/home/tdy/Documentos/rocky/target/debug/deps/olympus-0109394e87a9debd.long-type-17847805925918550907.txt'
    = note: consider using `--verbose` to print the full type name to the console

error[E0282]: type annotations needed
   --> src/actors/erinyes/mod.rs:429:69
    |
429 | ...").and_then(|v| v.as_str())
    |                 ^  - type must be known at this point
    |
help: consider giving this closure parameter an explicit type
    |
429 |                             let actor = data.get("actor").and_then(|v: /* Type */| v.as_str())
    |                                                                      ++++++++++++

error[E0282]: type annotations needed
   --> src/actors/erinyes/mod.rs:435:69
    |
435 | ...").and_then(|v| v.as_u64()).unwrap_or(100) as usize;
    |                 ^  - type must be known at this point
    |
help: consider giving this closure parameter an explicit type
    |
435 |                             let limit = data.get("limit").and_then(|v: /* Type */| v.as_u64()).unwrap_or(100) as usize;
    |                                                                      ++++++++++++

error[E0599]: no variant named `ActorPanicked` found for enum `EventPayload`
   --> src/actors/erinyes/mod.rs:463:51
    |
463 | ...yload::ActorPanicked { actor, error } => {
    |           ^^^^^^^^^^^^^ variant not found in `EventPayload`
    |
   ::: src/traits/message.rs:155:1
    |
155 | pub enum EventPayload {
    | --------------------- variant `ActorPanicked` not found here

error[E0599]: no variant or associated item named `Critical` found for enum `ActorStatus` in the current scope
   --> src/actors/erinyes/mod.rs:546:26
    |
546 |             ActorStatus::Critical
    |                          ^^^^^^^^ variant or associated item not found in `ActorStatus`
    |
   ::: src/traits/actor_trait.rs:28:1
    |
 28 | pub enum ActorStatus {
    | -------------------- variant or associated item `Critical` not found for this enum

error[E0609]: no field `last_error` on type `ActorState`
   --> src/actors/erinyes/mod.rs:559:36
    |
559 | ...   last_error: self.state.last_error.as_ref().map(|e| e.to_stri...
    |                              ^^^^^^^^^^ unknown field
    |
    = note: available fields are: `god`, `status`, `message_count`, `error_count`, `start_time`, `last_message_time`

error[E0282]: type annotations needed
   --> src/actors/erinyes/mod.rs:559:61
    |
559 | ...s_ref().map(|e| e.to_string()),
    |                 ^  - type must be known at this point
    |
help: consider giving this closure parameter an explicit type
    |
559 |             last_error: self.state.last_error.as_ref().map(|e: /* Type */| e.to_string()),
    |                                                              ++++++++++++

error[E0609]: no field `last_error` on type `ActorState`
   --> src/actors/poseidon/mod.rs:467:36
    |
467 | ...   last_error: self.state.last_error.as_ref().map(|e| e.to_stri...
    |                              ^^^^^^^^^^ unknown field
    |
    = note: available fields are: `god`, `status`, `message_count`, `error_count`, `start_time`, `last_message_time`

error[E0282]: type annotations needed
   --> src/actors/poseidon/mod.rs:467:61
    |
467 | ...s_ref().map(|e| e.to_string()),
    |                 ^  - type must be known at this point
    |
help: consider giving this closure parameter an explicit type
    |
467 |             last_error: self.state.last_error.as_ref().map(|e: /* Type */| e.to_string()),
    |                                                              ++++++++++++

error[E0277]: the trait bound `std::time::Instant: serde::Serialize` is not satisfied
    --> src/actors/hermes/mailbox.rs:161:24
     |
 161 | #[derive(Debug, Clone, Serialize, Deserialize)]
     |                        ^^^^^^^^^ unsatisfied trait bound
...
 167 |     pub last_delivery: Option<Instant>,
     |     --- required by a bound introduced by this call
     |
     = help: the trait `actors::_::_serde::Serialize` is not implemented for `std::time::Instant`
     = note: for local types consider adding `#[derive(serde::Serialize)]` to your `std::time::Instant` type
     = note: for types from other crates check whether the crate offers a `serde` feature flag
     = help: the following other types implement trait `actors::_::_serde::Serialize`:
               &'a T
               &'a mut T
               ()
               (T,)
               (T0, T1)
               (T0, T1, T2)
               (T0, T1, T2, T3)
               (T0, T1, T2, T3, T4)
             and 920 others
     = note: required for `std::option::Option<std::time::Instant>` to implement `actors::_::_serde::Serialize`
note: required by a bound in `actors::_::_serde::ser::SerializeStruct::serialize_field`
    --> /home/tdy/.cargo/registry/src/index.crates.io-1949cf8c6b5b557f/serde_core-1.0.228/src/ser/mod.rs:1917:21
     |
1915 |     fn serialize_field<T>(&mut self, key: &'static str, value: &T...
     |        --------------- required by a bound in this associated function
1916 |     where
1917 |         T: ?Sized + Serialize;
     |                     ^^^^^^^^^ required by this bound in `SerializeStruct::serialize_field`
     = note: the full name for the type has been written to '/home/tdy/Documentos/rocky/target/debug/deps/olympus-0109394e87a9debd.long-type-17847805925918550907.txt'
     = note: consider using `--verbose` to print the full type name to the console
     = note: this error originates in the derive macro `Serialize` (in Nightly builds, run with -Z macro-backtrace for more info)

error[E0277]: the trait bound `std::time::Instant: serde::Deserialize<'de>` is not satisfied
    --> src/actors/hermes/mailbox.rs:167:24
     |
 167 |     pub last_delivery: Option<Instant>,
     |                        ^^^^^^^^^^^^^^^ unsatisfied trait bound
     |
     = help: the trait `actors::_::_serde::Deserialize<'_>` is not implemented for `std::time::Instant`
     = note: for local types consider adding `#[derive(serde::Deserialize)]` to your `std::time::Instant` type
     = note: for types from other crates check whether the crate offers a `serde` feature flag
     = help: the following other types implement trait `actors::_::_serde::Deserialize<'de>`:
               `&'a [u8]` implements `actors::_::_serde::Deserialize<'de>`
               `&'a serde_json::value::RawValue` implements `actors::_::_serde::Deserialize<'de>`
               `&'a str` implements `actors::_::_serde::Deserialize<'de>`
               `()` implements `actors::_::_serde::Deserialize<'de>`
               `(T,)` implements `actors::_::_serde::Deserialize<'de>`
               `(T0, T1)` implements `actors::_::_serde::Deserialize<'de>`
               `(T0, T1, T2)` implements `actors::_::_serde::Deserialize<'de>`
               `(T0, T1, T2, T3)` implements `actors::_::_serde::Deserialize<'de>`
             and 891 others
     = note: required for `std::option::Option<std::time::Instant>` to implement `actors::_::_serde::Deserialize<'_>`
note: required by a bound in `next_element`
    --> /home/tdy/.cargo/registry/src/index.crates.io-1949cf8c6b5b557f/serde_core-1.0.228/src/de/mod.rs:1771:12
     |
1769 |     fn next_element<T>(&mut self) -> Result<Option<T>, Self::Error>
     |        ------------ required by a bound in this associated function
1770 |     where
1771 |         T: Deserialize<'de>,
     |            ^^^^^^^^^^^^^^^^ required by this bound in `SeqAccess::next_element`
     = note: the full name for the type has been written to '/home/tdy/Documentos/rocky/target/debug/deps/olympus-0109394e87a9debd.long-type-17641251081328997572.txt'
     = note: consider using `--verbose` to print the full type name to the console

error[E0277]: the trait bound `std::time::Instant: serde::Deserialize<'de>` is not satisfied
    --> src/actors/hermes/mailbox.rs:167:24
     |
 167 |     pub last_delivery: Option<Instant>,
     |                        ^^^^^^^^^^^^^^^ unsatisfied trait bound
     |
     = help: the trait `actors::_::_serde::Deserialize<'_>` is not implemented for `std::time::Instant`
     = note: for local types consider adding `#[derive(serde::Deserialize)]` to your `std::time::Instant` type
     = note: for types from other crates check whether the crate offers a `serde` feature flag
     = help: the following other types implement trait `actors::_::_serde::Deserialize<'de>`:
               `&'a [u8]` implements `actors::_::_serde::Deserialize<'de>`
               `&'a serde_json::value::RawValue` implements `actors::_::_serde::Deserialize<'de>`
               `&'a str` implements `actors::_::_serde::Deserialize<'de>`
               `()` implements `actors::_::_serde::Deserialize<'de>`
               `(T,)` implements `actors::_::_serde::Deserialize<'de>`
               `(T0, T1)` implements `actors::_::_serde::Deserialize<'de>`
               `(T0, T1, T2)` implements `actors::_::_serde::Deserialize<'de>`
               `(T0, T1, T2, T3)` implements `actors::_::_serde::Deserialize<'de>`
             and 891 others
     = note: required for `std::option::Option<std::time::Instant>` to implement `actors::_::_serde::Deserialize<'_>`
note: required by a bound in `next_value`
    --> /home/tdy/.cargo/registry/src/index.crates.io-1949cf8c6b5b557f/serde_core-1.0.228/src/de/mod.rs:1916:12
     |
1914 |     fn next_value<V>(&mut self) -> Result<V, Self::Error>
     |        ---------- required by a bound in this associated function
1915 |     where
1916 |         V: Deserialize<'de>,
     |            ^^^^^^^^^^^^^^^^ required by this bound in `MapAccess::next_value`
     = note: the full name for the type has been written to '/home/tdy/Documentos/rocky/target/debug/deps/olympus-0109394e87a9debd.long-type-17641251081328997572.txt'
     = note: consider using `--verbose` to print the full type name to the console

error[E0277]: the trait bound `std::time::Instant: serde::Deserialize<'de>` is not satisfied
   --> src/actors/hermes/mailbox.rs:161:35
    |
161 | #[derive(Debug, Clone, Serialize, Deserialize)]
    |                                   ^^^^^^^^^^^ unsatisfied trait bound
    |
    = help: the trait `actors::_::_serde::Deserialize<'_>` is not implemented for `std::time::Instant`
    = note: for local types consider adding `#[derive(serde::Deserialize)]` to your `std::time::Instant` type
    = note: for types from other crates check whether the crate offers a `serde` feature flag
    = help: the following other types implement trait `actors::_::_serde::Deserialize<'de>`:
              `&'a [u8]` implements `actors::_::_serde::Deserialize<'de>`
              `&'a serde_json::value::RawValue` implements `actors::_::_serde::Deserialize<'de>`
              `&'a str` implements `actors::_::_serde::Deserialize<'de>`
              `()` implements `actors::_::_serde::Deserialize<'de>`
              `(T,)` implements `actors::_::_serde::Deserialize<'de>`
              `(T0, T1)` implements `actors::_::_serde::Deserialize<'de>`
              `(T0, T1, T2)` implements `actors::_::_serde::Deserialize<'de>`
              `(T0, T1, T2, T3)` implements `actors::_::_serde::Deserialize<'de>`
            and 891 others
    = note: required for `std::option::Option<std::time::Instant>` to implement `actors::_::_serde::Deserialize<'_>`
note: required by a bound in `actors::_::_serde::__private228::de::missing_field`
   --> /home/tdy/.cargo/registry/src/index.crates.io-1949cf8c6b5b557f/serde-1.0.228/src/private/de.rs:26:8
    |
 24 | pub fn missing_field<'de, V, E>(field: &'static str) -> Result<V, E>
    |        ------------- required by a bound in this function
 25 | where
 26 |     V: Deserialize<'de>,
    |        ^^^^^^^^^^^^^^^^ required by this bound in `missing_field`
    = note: the full name for the type has been written to '/home/tdy/Documentos/rocky/target/debug/deps/olympus-0109394e87a9debd.long-type-17641251081328997572.txt'
    = note: consider using `--verbose` to print the full type name to the console
    = note: this error originates in the derive macro `Deserialize` (in Nightly builds, run with -Z macro-backtrace for more info)

error[E0277]: the trait bound `std::time::Instant: serde::Serialize` is not satisfied
    --> src/actors/hermes/delivery.rs:13:24
     |
  13 | #[derive(Debug, Clone, Serialize, Deserialize)]
     |                        ^^^^^^^^^ unsatisfied trait bound
...
  18 |     pub started_at: Instant,
     |     --- required by a bound introduced by this call
     |
     = help: the trait `actors::_::_serde::Serialize` is not implemented for `std::time::Instant`
     = note: for local types consider adding `#[derive(serde::Serialize)]` to your `std::time::Instant` type
     = note: for types from other crates check whether the crate offers a `serde` feature flag
     = help: the following other types implement trait `actors::_::_serde::Serialize`:
               &'a T
               &'a mut T
               ()
               (T,)
               (T0, T1)
               (T0, T1, T2)
               (T0, T1, T2, T3)
               (T0, T1, T2, T3, T4)
             and 920 others
note: required by a bound in `actors::_::_serde::ser::SerializeStruct::serialize_field`
    --> /home/tdy/.cargo/registry/src/index.crates.io-1949cf8c6b5b557f/serde_core-1.0.228/src/ser/mod.rs:1917:21
     |
1915 |     fn serialize_field<T>(&mut self, key: &'static str, value: &T...
     |        --------------- required by a bound in this associated function
1916 |     where
1917 |         T: ?Sized + Serialize;
     |                     ^^^^^^^^^ required by this bound in `SerializeStruct::serialize_field`
     = note: the full name for the type has been written to '/home/tdy/Documentos/rocky/target/debug/deps/olympus-0109394e87a9debd.long-type-17847805925918550907.txt'
     = note: consider using `--verbose` to print the full type name to the console
     = note: this error originates in the derive macro `Serialize` (in Nightly builds, run with -Z macro-backtrace for more info)

error[E0277]: the trait bound `std::time::Instant: serde::Deserialize<'de>` is not satisfied
    --> src/actors/hermes/delivery.rs:18:21
     |
  18 |     pub started_at: Instant,
     |                     ^^^^^^^ unsatisfied trait bound
     |
     = help: the trait `actors::_::_serde::Deserialize<'_>` is not implemented for `std::time::Instant`
     = note: for local types consider adding `#[derive(serde::Deserialize)]` to your `std::time::Instant` type
     = note: for types from other crates check whether the crate offers a `serde` feature flag
     = help: the following other types implement trait `actors::_::_serde::Deserialize<'de>`:
               `&'a [u8]` implements `actors::_::_serde::Deserialize<'de>`
               `&'a serde_json::value::RawValue` implements `actors::_::_serde::Deserialize<'de>`
               `&'a str` implements `actors::_::_serde::Deserialize<'de>`
               `()` implements `actors::_::_serde::Deserialize<'de>`
               `(T,)` implements `actors::_::_serde::Deserialize<'de>`
               `(T0, T1)` implements `actors::_::_serde::Deserialize<'de>`
               `(T0, T1, T2)` implements `actors::_::_serde::Deserialize<'de>`
               `(T0, T1, T2, T3)` implements `actors::_::_serde::Deserialize<'de>`
             and 892 others
note: required by a bound in `next_element`
    --> /home/tdy/.cargo/registry/src/index.crates.io-1949cf8c6b5b557f/serde_core-1.0.228/src/de/mod.rs:1771:12
     |
1769 |     fn next_element<T>(&mut self) -> Result<Option<T>, Self::Error>
     |        ------------ required by a bound in this associated function
1770 |     where
1771 |         T: Deserialize<'de>,
     |            ^^^^^^^^^^^^^^^^ required by this bound in `SeqAccess::next_element`
     = note: the full name for the type has been written to '/home/tdy/Documentos/rocky/target/debug/deps/olympus-0109394e87a9debd.long-type-17641251081328997572.txt'
     = note: consider using `--verbose` to print the full type name to the console

error[E0277]: the trait bound `std::time::Instant: serde::Deserialize<'de>` is not satisfied
    --> src/actors/hermes/delivery.rs:19:23
     |
  19 |     pub delivered_at: Option<Instant>,
     |                       ^^^^^^^^^^^^^^^ unsatisfied trait bound
     |
     = help: the trait `actors::_::_serde::Deserialize<'_>` is not implemented for `std::time::Instant`
     = note: for local types consider adding `#[derive(serde::Deserialize)]` to your `std::time::Instant` type
     = note: for types from other crates check whether the crate offers a `serde` feature flag
     = help: the following other types implement trait `actors::_::_serde::Deserialize<'de>`:
               `&'a [u8]` implements `actors::_::_serde::Deserialize<'de>`
               `&'a serde_json::value::RawValue` implements `actors::_::_serde::Deserialize<'de>`
               `&'a str` implements `actors::_::_serde::Deserialize<'de>`
               `()` implements `actors::_::_serde::Deserialize<'de>`
               `(T,)` implements `actors::_::_serde::Deserialize<'de>`
               `(T0, T1)` implements `actors::_::_serde::Deserialize<'de>`
               `(T0, T1, T2)` implements `actors::_::_serde::Deserialize<'de>`
               `(T0, T1, T2, T3)` implements `actors::_::_serde::Deserialize<'de>`
             and 892 others
     = note: required for `std::option::Option<std::time::Instant>` to implement `actors::_::_serde::Deserialize<'_>`
note: required by a bound in `next_element`
    --> /home/tdy/.cargo/registry/src/index.crates.io-1949cf8c6b5b557f/serde_core-1.0.228/src/de/mod.rs:1771:12
     |
1769 |     fn next_element<T>(&mut self) -> Result<Option<T>, Self::Error>
     |        ------------ required by a bound in this associated function
1770 |     where
1771 |         T: Deserialize<'de>,
     |            ^^^^^^^^^^^^^^^^ required by this bound in `SeqAccess::next_element`
     = note: the full name for the type has been written to '/home/tdy/Documentos/rocky/target/debug/deps/olympus-0109394e87a9debd.long-type-17641251081328997572.txt'
     = note: consider using `--verbose` to print the full type name to the console

error[E0277]: the trait bound `std::time::Instant: serde::Deserialize<'de>` is not satisfied
    --> src/actors/hermes/delivery.rs:18:21
     |
  18 |     pub started_at: Instant,
     |                     ^^^^^^^ unsatisfied trait bound
     |
     = help: the trait `actors::_::_serde::Deserialize<'_>` is not implemented for `std::time::Instant`
     = note: for local types consider adding `#[derive(serde::Deserialize)]` to your `std::time::Instant` type
     = note: for types from other crates check whether the crate offers a `serde` feature flag
     = help: the following other types implement trait `actors::_::_serde::Deserialize<'de>`:
               `&'a [u8]` implements `actors::_::_serde::Deserialize<'de>`
               `&'a serde_json::value::RawValue` implements `actors::_::_serde::Deserialize<'de>`
               `&'a str` implements `actors::_::_serde::Deserialize<'de>`
               `()` implements `actors::_::_serde::Deserialize<'de>`
               `(T,)` implements `actors::_::_serde::Deserialize<'de>`
               `(T0, T1)` implements `actors::_::_serde::Deserialize<'de>`
               `(T0, T1, T2)` implements `actors::_::_serde::Deserialize<'de>`
               `(T0, T1, T2, T3)` implements `actors::_::_serde::Deserialize<'de>`
             and 892 others
note: required by a bound in `next_value`
    --> /home/tdy/.cargo/registry/src/index.crates.io-1949cf8c6b5b557f/serde_core-1.0.228/src/de/mod.rs:1916:12
     |
1914 |     fn next_value<V>(&mut self) -> Result<V, Self::Error>
     |        ---------- required by a bound in this associated function
1915 |     where
1916 |         V: Deserialize<'de>,
     |            ^^^^^^^^^^^^^^^^ required by this bound in `MapAccess::next_value`
     = note: the full name for the type has been written to '/home/tdy/Documentos/rocky/target/debug/deps/olympus-0109394e87a9debd.long-type-17641251081328997572.txt'
     = note: consider using `--verbose` to print the full type name to the console

error[E0277]: the trait bound `std::time::Instant: serde::Deserialize<'de>` is not satisfied
    --> src/actors/hermes/delivery.rs:19:23
     |
  19 |     pub delivered_at: Option<Instant>,
     |                       ^^^^^^^^^^^^^^^ unsatisfied trait bound
     |
     = help: the trait `actors::_::_serde::Deserialize<'_>` is not implemented for `std::time::Instant`
     = note: for local types consider adding `#[derive(serde::Deserialize)]` to your `std::time::Instant` type
     = note: for types from other crates check whether the crate offers a `serde` feature flag
     = help: the following other types implement trait `actors::_::_serde::Deserialize<'de>`:
               `&'a [u8]` implements `actors::_::_serde::Deserialize<'de>`
               `&'a serde_json::value::RawValue` implements `actors::_::_serde::Deserialize<'de>`
               `&'a str` implements `actors::_::_serde::Deserialize<'de>`
               `()` implements `actors::_::_serde::Deserialize<'de>`
               `(T,)` implements `actors::_::_serde::Deserialize<'de>`
               `(T0, T1)` implements `actors::_::_serde::Deserialize<'de>`
               `(T0, T1, T2)` implements `actors::_::_serde::Deserialize<'de>`
               `(T0, T1, T2, T3)` implements `actors::_::_serde::Deserialize<'de>`
             and 892 others
     = note: required for `std::option::Option<std::time::Instant>` to implement `actors::_::_serde::Deserialize<'_>`
note: required by a bound in `next_value`
    --> /home/tdy/.cargo/registry/src/index.crates.io-1949cf8c6b5b557f/serde_core-1.0.228/src/de/mod.rs:1916:12
     |
1914 |     fn next_value<V>(&mut self) -> Result<V, Self::Error>
     |        ---------- required by a bound in this associated function
1915 |     where
1916 |         V: Deserialize<'de>,
     |            ^^^^^^^^^^^^^^^^ required by this bound in `MapAccess::next_value`
     = note: the full name for the type has been written to '/home/tdy/Documentos/rocky/target/debug/deps/olympus-0109394e87a9debd.long-type-17641251081328997572.txt'
     = note: consider using `--verbose` to print the full type name to the console

error[E0277]: the trait bound `std::time::Instant: serde::Deserialize<'de>` is not satisfied
  --> src/actors/hermes/delivery.rs:13:35
   |
13 | #[derive(Debug, Clone, Serialize, Deserialize)]
   |                                   ^^^^^^^^^^^ unsatisfied trait bound
   |
   = help: the trait `actors::_::_serde::Deserialize<'_>` is not implemented for `std::time::Instant`
   = note: for local types consider adding `#[derive(serde::Deserialize)]` to your `std::time::Instant` type
   = note: for types from other crates check whether the crate offers a `serde` feature flag
   = help: the following other types implement trait `actors::_::_serde::Deserialize<'de>`:
             `&'a [u8]` implements `actors::_::_serde::Deserialize<'de>`
             `&'a serde_json::value::RawValue` implements `actors::_::_serde::Deserialize<'de>`
             `&'a str` implements `actors::_::_serde::Deserialize<'de>`
             `()` implements `actors::_::_serde::Deserialize<'de>`
             `(T,)` implements `actors::_::_serde::Deserialize<'de>`
             `(T0, T1)` implements `actors::_::_serde::Deserialize<'de>`
             `(T0, T1, T2)` implements `actors::_::_serde::Deserialize<'de>`
             `(T0, T1, T2, T3)` implements `actors::_::_serde::Deserialize<'de>`
           and 892 others
note: required by a bound in `actors::_::_serde::__private228::de::missing_field`
  --> /home/tdy/.cargo/registry/src/index.crates.io-1949cf8c6b5b557f/serde-1.0.228/src/private/de.rs:26:8
   |
24 | pub fn missing_field<'de, V, E>(field: &'static str) -> Result<V, E>
   |        ------------- required by a bound in this function
25 | where
26 |     V: Deserialize<'de>,
   |        ^^^^^^^^^^^^^^^^ required by this bound in `missing_field`
   = note: the full name for the type has been written to '/home/tdy/Documentos/rocky/target/debug/deps/olympus-0109394e87a9debd.long-type-17641251081328997572.txt'
   = note: consider using `--verbose` to print the full type name to the console
   = note: this error originates in the derive macro `Deserialize` (in Nightly builds, run with -Z macro-backtrace for more info)

error[E0277]: `MailboxManager` doesn't implement `std::fmt::Debug`
  --> src/actors/hermes/mod.rs:38:5
   |
30 | #[derive(Debug)]
   |          ----- in this derive macro expansion
...
38 |     mailbox_manager: Arc<MailboxManager>,
   |     ^^^^^^^^^^^^^^^^^^^^^^^^^^^^^^^^^^^^ the trait `std::fmt::Debug` is not implemented for `MailboxManager`
   |
   = note: add `#[derive(Debug)]` to `MailboxManager` or manually `impl std::fmt::Debug for MailboxManager`
help: the trait `std::fmt::Debug` is implemented for `Arc<T, A>`
  --> /rustc/254b59607d4417e9dffbc307138ae5c86280fe4c/library/alloc/src/sync.rs:3700:1
help: consider annotating `MailboxManager` with `#[derive(Debug)]`
  --> src/actors/hermes/mailbox.rs:171:1
   |
171+ #[derive(Debug)]
172| pub struct MailboxManager {
   |

error[E0277]: `RetryWorker` doesn't implement `std::fmt::Debug`
  --> src/actors/hermes/mod.rs:42:5
   |
30 | #[derive(Debug)]
   |          ----- in this derive macro expansion
...
42 |     retry_worker: Option<RetryWorker>,
   |     ^^^^^^^^^^^^^^^^^^^^^^^^^^^^^^^^^ the trait `std::fmt::Debug` is not implemented for `RetryWorker`
   |
   = note: add `#[derive(Debug)]` to `RetryWorker` or manually `impl std::fmt::Debug for RetryWorker`
help: the trait `std::fmt::Debug` is implemented for `std::option::Option<T>`
  --> /rustc/254b59607d4417e9dffbc307138ae5c86280fe4c/library/core/src/option.rs:594:16
help: consider annotating `RetryWorker` with `#[derive(Debug)]`
  --> src/actors/hermes/retry.rs:182:1
   |
182+ #[derive(Debug)]
183| pub struct RetryWorker {
   |

error[E0599]: no variant or associated item named `Custom` found for enum `CommandPayload` in the current scope
   --> src/actors/hermes/mod.rs:132:29
    |
132 |             CommandPayload::Custom(data) => {
    |                             ^^^^^^ variant or associated item not found in `CommandPayload`
    |
   ::: src/traits/message.rs:84:1
    |
 84 | pub enum CommandPayload {
    | ----------------------- variant or associated item `Custom` not found for this enum

error[E0599]: no variant or associated item named `GetStats` found for enum `QueryPayload` in the current scope
   --> src/actors/hermes/mod.rs:152:27
    |
152 |             QueryPayload::GetStats => {
    |                           ^^^^^^^^ variant or associated item not found in `QueryPayload`
    |
   ::: src/traits/message.rs:137:1
    |
137 | pub enum QueryPayload {
    | --------------------- variant or associated item `GetStats` not found for this enum

error[E0599]: no variant or associated item named `Custom` found for enum `QueryPayload` in the current scope
   --> src/actors/hermes/mod.rs:169:27
    |
169 |             QueryPayload::Custom(data) => {
    |                           ^^^^^^ variant or associated item not found in `QueryPayload`
    |
   ::: src/traits/message.rs:137:1
    |
137 | pub enum QueryPayload {
    | --------------------- variant or associated item `Custom` not found for this enum

error[E0282]: type annotations needed
   --> src/actors/hermes/mod.rs:171:76
    |
171 | ...").and_then(|v| v.as_str()) {
    |                 ^  - type must be known at this point
    |
help: consider giving this closure parameter an explicit type
    |
171 |                 if let Some(query_type) = data.get("query_type").and_then(|v: /* Type */| v.as_str()) {
    |                                                                             ++++++++++++

error[E0282]: type annotations needed
   --> src/actors/hermes/mod.rs:174:84
    |
174 | ...").and_then(|v| v.as_str()) {
    |                 ^  - type must be known at this point
    |
help: consider giving this closure parameter an explicit type
    |
174 |                             if let Some(msg_id) = data.get("message_id").and_then(|v: /* Type */| v.as_str()) {
    |                                                                                     ++++++++++++

error[E0282]: type annotations needed
   --> src/actors/hermes/mod.rs:187:79
    |
187 | ...").and_then(|v| v.as_str()) {
    |                 ^  - type must be known at this point
    |
help: consider giving this closure parameter an explicit type
    |
187 |                             if let Some(god_name) = data.get("god").and_then(|v: /* Type */| v.as_str()) {
    |                                                                                ++++++++++++

error[E0599]: no variant or associated item named `Critical` found for enum `ActorStatus` in the current scope
   --> src/actors/hermes/mod.rs:277:26
    |
277 |             ActorStatus::Critical
    |                          ^^^^^^^^ variant or associated item not found in `ActorStatus`
    |
   ::: src/traits/actor_trait.rs:28:1
    |
 28 | pub enum ActorStatus {
    | -------------------- variant or associated item `Critical` not found for this enum

error[E0609]: no field `last_error` on type `ActorState`
   --> src/actors/hermes/mod.rs:286:36
    |
286 | ...   last_error: self.state.last_error.as_ref().map(|e| e.to_stri...
    |                              ^^^^^^^^^^ unknown field
    |
    = note: available fields are: `god`, `status`, `message_count`, `error_count`, `start_time`, `last_message_time`

error[E0282]: type annotations needed
   --> src/actors/hermes/mod.rs:286:61
    |
286 | ...s_ref().map(|e| e.to_string()),
    |                 ^  - type must be known at this point
    |
help: consider giving this closure parameter an explicit type
    |
286 |             last_error: self.state.last_error.as_ref().map(|e: /* Type */| e.to_string()),
    |                                                              ++++++++++++

error[E0599]: the method `zeroize` exists for mutable reference `&mut EncryptionAlgorithm`, but its trait bounds were not satisfied
   --> src/actors/hades/encryption.rs:38:24
    |
 27 | pub enum EncryptionAlgorithm {
    | ---------------------------- doesn't satisfy `EncryptionAlgorithm: DefaultIsZeroes` or `EncryptionAlgorithm: Zeroize`
...
 38 | #[derive(Debug, Clone, Zeroize, ZeroizeOnDrop)]
    |                        ^^^^^^^ method cannot be called on `&mut EncryptionAlgorithm` due to unsatisfied trait bounds
    |
    = note: the following trait bounds were not satisfied:
            `EncryptionAlgorithm: DefaultIsZeroes`
            which is required by `EncryptionAlgorithm: Zeroize`
            `&mut EncryptionAlgorithm: DefaultIsZeroes`
            which is required by `&mut EncryptionAlgorithm: Zeroize`
note: the trait `DefaultIsZeroes` must be implemented
   --> /home/tdy/.cargo/registry/src/index.crates.io-1949cf8c6b5b557f/zeroize-1.8.2/src/lib.rs:282:1
    |
282 | pub trait DefaultIsZeroes: Copy + Default + Sized {}
    | ^^^^^^^^^^^^^^^^^^^^^^^^^^^^^^^^^^^^^^^^^^^^^^^^^
    = help: items from traits can only be used if the trait is implemented and in scope
    = note: the following trait defines an item `zeroize`, perhaps you need to implement it:
            candidate #1: `Zeroize`
    = note: this error originates in the derive macro `Zeroize` (in Nightly builds, run with -Z macro-backtrace for more info)

error[E0599]: the method `zeroize_or_on_drop` exists for mutable reference `&mut EncryptionAlgorithm`, but its trait bounds were not satisfied
   --> src/actors/hades/encryption.rs:38:33
    |
 27 | pub enum EncryptionAlgorithm {
    | ---------------------------- doesn't satisfy `EncryptionAlgorithm: AssertZeroize`, `EncryptionAlgorithm: ZeroizeOnDrop` or `EncryptionAlgorithm: Zeroize`
...
 38 | #[derive(Debug, Clone, Zeroize, ZeroizeOnDrop)]
    |                                 ^^^^^^^^^^^^^ method cannot be called on `&mut EncryptionAlgorithm` due to unsatisfied trait bounds
    |
    = note: the following trait bounds were not satisfied:
            `EncryptionAlgorithm: Zeroize`
            which is required by `EncryptionAlgorithm: AssertZeroize`
            `EncryptionAlgorithm: ZeroizeOnDrop`
            which is required by `&&mut EncryptionAlgorithm: AssertZeroizeOnDrop`
            `&mut EncryptionAlgorithm: Zeroize`
            which is required by `&mut EncryptionAlgorithm: AssertZeroize`
note: the traits `Zeroize` and `ZeroizeOnDrop` must be implemented
   --> /home/tdy/.cargo/registry/src/index.crates.io-1949cf8c6b5b557f/zeroize-1.8.2/src/lib.rs:272:1
    |
272 | pub trait Zeroize {
    | ^^^^^^^^^^^^^^^^^
...
279 | pub trait ZeroizeOnDrop {}
    | ^^^^^^^^^^^^^^^^^^^^^^^
    = help: items from traits can only be used if the trait is implemented and in scope
    = note: the following traits define an item `zeroize_or_on_drop`, perhaps you need to implement one of them:
            candidate #1: `AssertZeroize`
            candidate #2: `AssertZeroizeOnDrop`
    = note: this error originates in the derive macro `ZeroizeOnDrop` (in Nightly builds, run with -Z macro-backtrace for more info)

error[E0599]: the method `zeroize` exists for mutable reference `&mut HashMap<std::string::String, SecretKey>`, but its trait bounds were not satisfied
  --> src/actors/hades/keys.rs:44:24
   |
44 | #[derive(Debug, Clone, Zeroize, ZeroizeOnDrop)]
   |                        ^^^^^^^ method cannot be called on `&mut HashMap<std::string::String, SecretKey>` due to unsatisfied trait bounds
   |
   = note: the following trait bounds were not satisfied:
           `HashMap<std::string::String, SecretKey>: DefaultIsZeroes`
           which is required by `HashMap<std::string::String, SecretKey>: Zeroize`
           `&mut HashMap<std::string::String, SecretKey>: DefaultIsZeroes`
           which is required by `&mut HashMap<std::string::String, SecretKey>: Zeroize`
   = note: this error originates in the derive macro `Zeroize` (in Nightly builds, run with -Z macro-backtrace for more info)

error[E0599]: the method `zeroize` exists for mutable reference `&mut HashMap<String, Instant>`, but its trait bounds were not satisfied
  --> src/actors/hades/keys.rs:44:24
   |
44 | #[derive(Debug, Clone, Zeroize, ZeroizeOnDrop)]
   |                        ^^^^^^^ method cannot be called on `&mut HashMap<String, Instant>` due to unsatisfied trait bounds
   |
   = note: the following trait bounds were not satisfied:
           `HashMap<std::string::String, std::time::Instant>: DefaultIsZeroes`
           which is required by `HashMap<std::string::String, std::time::Instant>: Zeroize`
           `&mut HashMap<std::string::String, std::time::Instant>: DefaultIsZeroes`
           which is required by `&mut HashMap<std::string::String, std::time::Instant>: Zeroize`
   = note: the full name for the type has been written to '/home/tdy/Documentos/rocky/target/debug/deps/olympus-0109394e87a9debd.long-type-5615772192999247463.txt'
   = note: consider using `--verbose` to print the full type name to the console
   = note: this error originates in the derive macro `Zeroize` (in Nightly builds, run with -Z macro-backtrace for more info)

error[E0599]: the method `zeroize_or_on_drop` exists for mutable reference `&mut HashMap<std::string::String, SecretKey>`, but its trait bounds were not satisfied
  --> src/actors/hades/keys.rs:44:33
   |
44 | #[derive(Debug, Clone, Zeroize, ZeroizeOnDrop)]
   |                                 ^^^^^^^^^^^^^ method cannot be called on `&mut HashMap<std::string::String, SecretKey>` due to unsatisfied trait bounds
   |
   = note: the following trait bounds were not satisfied:
           `HashMap<std::string::String, SecretKey>: Zeroize`
           which is required by `HashMap<std::string::String, SecretKey>: AssertZeroize`
           `HashMap<std::string::String, SecretKey>: ZeroizeOnDrop`
           which is required by `&&mut HashMap<std::string::String, SecretKey>: AssertZeroizeOnDrop`
           `&mut HashMap<std::string::String, SecretKey>: Zeroize`
           which is required by `&mut HashMap<std::string::String, SecretKey>: AssertZeroize`
   = note: this error originates in the derive macro `ZeroizeOnDrop` (in Nightly builds, run with -Z macro-backtrace for more info)

error[E0599]: the method `zeroize_or_on_drop` exists for mutable reference `&mut HashMap<String, Instant>`, but its trait bounds were not satisfied
  --> src/actors/hades/keys.rs:44:33
   |
44 | #[derive(Debug, Clone, Zeroize, ZeroizeOnDrop)]
   |                                 ^^^^^^^^^^^^^ method cannot be called on `&mut HashMap<String, Instant>` due to unsatisfied trait bounds
   |
   = note: the following trait bounds were not satisfied:
           `HashMap<std::string::String, std::time::Instant>: Zeroize`
           which is required by `HashMap<std::string::String, std::time::Instant>: AssertZeroize`
           `HashMap<std::string::String, std::time::Instant>: ZeroizeOnDrop`
           which is required by `&&mut HashMap<std::string::String, std::time::Instant>: AssertZeroizeOnDrop`
           `&mut HashMap<std::string::String, std::time::Instant>: Zeroize`
           which is required by `&mut HashMap<std::string::String, std::time::Instant>: AssertZeroize`
   = note: the full name for the type has been written to '/home/tdy/Documentos/rocky/target/debug/deps/olympus-0109394e87a9debd.long-type-5615772192999247463.txt'
   = note: consider using `--verbose` to print the full type name to the console
   = note: this error originates in the derive macro `ZeroizeOnDrop` (in Nightly builds, run with -Z macro-backtrace for more info)

error[E0277]: `EncryptionService` doesn't implement `std::fmt::Debug`
  --> src/actors/hades/mod.rs:36:5
   |
29 | #[derive(Debug)]
   |          ----- in this derive macro expansion
...
36 |     encryption: Arc<RwLock<EncryptionService>>,
   |     ^^^^^^^^^^^^^^^^^^^^^^^^^^^^^^^^^^^^^^^^^^ the trait `std::fmt::Debug` is not implemented for `EncryptionService`
   |
   = note: add `#[derive(Debug)]` to `EncryptionService` or manually `impl std::fmt::Debug for EncryptionService`
help: the trait `std::fmt::Debug` is implemented for `Arc<T, A>`
  --> /rustc/254b59607d4417e9dffbc307138ae5c86280fe4c/library/alloc/src/sync.rs:3700:1
help: consider annotating `EncryptionService` with `#[derive(Debug)]`
  --> src/actors/hades/encryption.rs:60:1
   |
60 + #[derive(Debug)]
61 | pub struct EncryptionService {
   |

error[E0277]: the trait bound `audit::ExportFormat: serde::Serialize` is not satisfied
    --> src/actors/hades/mod.rs:62:19
     |
  62 |     ExportAudit { format: ExportFormat },
     |                   ^^^^^^ unsatisfied trait bound
     |
help: the trait `actors::_::_serde::Serialize` is not implemented for `audit::ExportFormat`
    --> src/actors/hades/audit.rs:473:1
     |
 473 | pub enum ExportFormat {
     | ^^^^^^^^^^^^^^^^^^^^^
     = note: for local types consider adding `#[derive(serde::Serialize)]` to your `audit::ExportFormat` type
     = note: for types from other crates check whether the crate offers a `serde` feature flag
     = help: the following other types implement trait `actors::_::_serde::Serialize`:
               &'a T
               &'a mut T
               ()
               (T,)
               (T0, T1)
               (T0, T1, T2)
               (T0, T1, T2, T3)
               (T0, T1, T2, T3, T4)
             and 920 others
note: required by a bound in `actors::_::_serde::ser::SerializeStructVariant::serialize_field`
    --> /home/tdy/.cargo/registry/src/index.crates.io-1949cf8c6b5b557f/serde_core-1.0.228/src/ser/mod.rs:1987:21
     |
1985 |     fn serialize_field<T>(&mut self, key: &'static str, value: &T...
     |        --------------- required by a bound in this associated function
1986 |     where
1987 |         T: ?Sized + Serialize;
     |                     ^^^^^^^^^ required by this bound in `SerializeStructVariant::serialize_field`
     = note: the full name for the type has been written to '/home/tdy/Documentos/rocky/target/debug/deps/olympus-0109394e87a9debd.long-type-17847805925918550907.txt'
     = note: consider using `--verbose` to print the full type name to the console

error[E0277]: the trait bound `audit::ExportFormat: serde::Deserialize<'de>` is not satisfied
    --> src/actors/hades/mod.rs:62:27
     |
  62 |     ExportAudit { format: ExportFormat },
     |                           ^^^^^^^^^^^^ unsatisfied trait bound
     |
help: the trait `actors::_::_serde::Deserialize<'_>` is not implemented for `audit::ExportFormat`
    --> src/actors/hades/audit.rs:473:1
     |
 473 | pub enum ExportFormat {
     | ^^^^^^^^^^^^^^^^^^^^^
     = note: for local types consider adding `#[derive(serde::Deserialize)]` to your `audit::ExportFormat` type
     = note: for types from other crates check whether the crate offers a `serde` feature flag
     = help: the following other types implement trait `actors::_::_serde::Deserialize<'de>`:
               `&'a [u8]` implements `actors::_::_serde::Deserialize<'de>`
               `&'a serde_json::value::RawValue` implements `actors::_::_serde::Deserialize<'de>`
               `&'a str` implements `actors::_::_serde::Deserialize<'de>`
               `()` implements `actors::_::_serde::Deserialize<'de>`
               `(T,)` implements `actors::_::_serde::Deserialize<'de>`
               `(T0, T1)` implements `actors::_::_serde::Deserialize<'de>`
               `(T0, T1, T2)` implements `actors::_::_serde::Deserialize<'de>`
               `(T0, T1, T2, T3)` implements `actors::_::_serde::Deserialize<'de>`
             and 894 others
note: required by a bound in `next_element`
    --> /home/tdy/.cargo/registry/src/index.crates.io-1949cf8c6b5b557f/serde_core-1.0.228/src/de/mod.rs:1771:12
     |
1769 |     fn next_element<T>(&mut self) -> Result<Option<T>, Self::Error>
     |        ------------ required by a bound in this associated function
1770 |     where
1771 |         T: Deserialize<'de>,
     |            ^^^^^^^^^^^^^^^^ required by this bound in `SeqAccess::next_element`
     = note: the full name for the type has been written to '/home/tdy/Documentos/rocky/target/debug/deps/olympus-0109394e87a9debd.long-type-17641251081328997572.txt'
     = note: consider using `--verbose` to print the full type name to the console

error[E0277]: the trait bound `audit::ExportFormat: serde::Deserialize<'de>` is not satisfied
    --> src/actors/hades/mod.rs:62:27
     |
  62 |     ExportAudit { format: ExportFormat },
     |                           ^^^^^^^^^^^^ unsatisfied trait bound
     |
help: the trait `actors::_::_serde::Deserialize<'_>` is not implemented for `audit::ExportFormat`
    --> src/actors/hades/audit.rs:473:1
     |
 473 | pub enum ExportFormat {
     | ^^^^^^^^^^^^^^^^^^^^^
     = note: for local types consider adding `#[derive(serde::Deserialize)]` to your `audit::ExportFormat` type
     = note: for types from other crates check whether the crate offers a `serde` feature flag
     = help: the following other types implement trait `actors::_::_serde::Deserialize<'de>`:
               `&'a [u8]` implements `actors::_::_serde::Deserialize<'de>`
               `&'a serde_json::value::RawValue` implements `actors::_::_serde::Deserialize<'de>`
               `&'a str` implements `actors::_::_serde::Deserialize<'de>`
               `()` implements `actors::_::_serde::Deserialize<'de>`
               `(T,)` implements `actors::_::_serde::Deserialize<'de>`
               `(T0, T1)` implements `actors::_::_serde::Deserialize<'de>`
               `(T0, T1, T2)` implements `actors::_::_serde::Deserialize<'de>`
               `(T0, T1, T2, T3)` implements `actors::_::_serde::Deserialize<'de>`
             and 894 others
note: required by a bound in `next_value`
    --> /home/tdy/.cargo/registry/src/index.crates.io-1949cf8c6b5b557f/serde_core-1.0.228/src/de/mod.rs:1916:12
     |
1914 |     fn next_value<V>(&mut self) -> Result<V, Self::Error>
     |        ---------- required by a bound in this associated function
1915 |     where
1916 |         V: Deserialize<'de>,
     |            ^^^^^^^^^^^^^^^^ required by this bound in `MapAccess::next_value`
     = note: the full name for the type has been written to '/home/tdy/Documentos/rocky/target/debug/deps/olympus-0109394e87a9debd.long-type-17641251081328997572.txt'
     = note: consider using `--verbose` to print the full type name to the console

error[E0277]: the trait bound `audit::ExportFormat: serde::Deserialize<'de>` is not satisfied
   --> src/actors/hades/mod.rs:46:35
    |
 46 | #[derive(Debug, Clone, Serialize, Deserialize)]
    |                                   ^^^^^^^^^^^ unsatisfied trait bound
    |
help: the trait `actors::_::_serde::Deserialize<'_>` is not implemented for `audit::ExportFormat`
   --> src/actors/hades/audit.rs:473:1
    |
473 | pub enum ExportFormat {
    | ^^^^^^^^^^^^^^^^^^^^^
    = note: for local types consider adding `#[derive(serde::Deserialize)]` to your `audit::ExportFormat` type
    = note: for types from other crates check whether the crate offers a `serde` feature flag
    = help: the following other types implement trait `actors::_::_serde::Deserialize<'de>`:
              `&'a [u8]` implements `actors::_::_serde::Deserialize<'de>`
              `&'a serde_json::value::RawValue` implements `actors::_::_serde::Deserialize<'de>`
              `&'a str` implements `actors::_::_serde::Deserialize<'de>`
              `()` implements `actors::_::_serde::Deserialize<'de>`
              `(T,)` implements `actors::_::_serde::Deserialize<'de>`
              `(T0, T1)` implements `actors::_::_serde::Deserialize<'de>`
              `(T0, T1, T2)` implements `actors::_::_serde::Deserialize<'de>`
              `(T0, T1, T2, T3)` implements `actors::_::_serde::Deserialize<'de>`
            and 894 others
note: required by a bound in `actors::_::_serde::__private228::de::missing_field`
   --> /home/tdy/.cargo/registry/src/index.crates.io-1949cf8c6b5b557f/serde-1.0.228/src/private/de.rs:26:8
    |
 24 | pub fn missing_field<'de, V, E>(field: &'static str) -> Result<V, E>
    |        ------------- required by a bound in this function
 25 | where
 26 |     V: Deserialize<'de>,
    |        ^^^^^^^^^^^^^^^^ required by this bound in `missing_field`
    = note: the full name for the type has been written to '/home/tdy/Documentos/rocky/target/debug/deps/olympus-0109394e87a9debd.long-type-17641251081328997572.txt'
    = note: consider using `--verbose` to print the full type name to the console
    = note: this error originates in the derive macro `Deserialize` (in Nightly builds, run with -Z macro-backtrace for more info)

error[E0599]: no method named `handle_command` found for mutable reference `&mut Hades` in the current scope
   --> src/actors/hades/mod.rs:244:50
    |
244 | ...=> self.handle_command(cmd).await,
    |            ^^^^^^^^^^^^^^ method not found in `&mut Hades`

error[E0599]: no method named `handle_query` found for mutable reference `&mut Hades` in the current scope
   --> src/actors/hades/mod.rs:245:50
    |
245 | ... => self.handle_query(query).await,
    |             ^^^^^^^^^^^^ method not found in `&mut Hades`

error[E0599]: no method named `handle_event` found for mutable reference `&mut Hades` in the current scope
   --> src/actors/hades/mod.rs:246:50
    |
246 | ... => self.handle_event(event).await,
    |             ^^^^^^^^^^^^ method not found in `&mut Hades`

error[E0599]: no variant or associated item named `Custom` found for enum `CommandPayload` in the current scope
   --> src/actors/hades/mod.rs:253:29
    |
253 |             CommandPayload::Custom(data) => {
    |                             ^^^^^^ variant or associated item not found in `CommandPayload`
    |
   ::: src/traits/message.rs:84:1
    |
 84 | pub enum CommandPayload {
    | ----------------------- variant or associated item `Custom` not found for this enum

error[E0599]: no variant or associated item named `GetStats` found for enum `QueryPayload` in the current scope
   --> src/actors/hades/mod.rs:272:27
    |
272 |             QueryPayload::GetStats => {
    |                           ^^^^^^^^ variant or associated item not found in `QueryPayload`
    |
   ::: src/traits/message.rs:137:1
    |
137 | pub enum QueryPayload {
    | --------------------- variant or associated item `GetStats` not found for this enum

error[E0599]: no variant or associated item named `Custom` found for enum `QueryPayload` in the current scope
   --> src/actors/hades/mod.rs:299:27
    |
299 |             QueryPayload::Custom(data) => {
    |                           ^^^^^^ variant or associated item not found in `QueryPayload`
    |
   ::: src/traits/message.rs:137:1
    |
137 | pub enum QueryPayload {
    | --------------------- variant or associated item `Custom` not found for this enum

error[E0282]: type annotations needed
   --> src/actors/hades/mod.rs:300:76
    |
300 | ...").and_then(|v| v.as_str()) {
    |                 ^  - type must be known at this point
    |
help: consider giving this closure parameter an explicit type
    |
300 |                 if let Some(query_type) = data.get("query_type").and_then(|v: /* Type */| v.as_str()) {
    |                                                                             ++++++++++++

error[E0282]: type annotations needed
   --> src/actors/hades/mod.rs:304:69
    |
304 | ...").and_then(|v| v.as_u64()).unwrap_or(100) as usize;
    |                 ^  - type must be known at this point
    |
help: consider giving this closure parameter an explicit type
    |
304 |                             let limit = data.get("limit").and_then(|v: /* Type */| v.as_u64()).unwrap_or(100) as usize;
    |                                                                      ++++++++++++

error[E0599]: no variant or associated item named `Critical` found for enum `ActorStatus` in the current scope
   --> src/actors/hades/mod.rs:378:26
    |
378 |             ActorStatus::Critical
    |                          ^^^^^^^^ variant or associated item not found in `ActorStatus`
    |
   ::: src/traits/actor_trait.rs:28:1
    |
 28 | pub enum ActorStatus {
    | -------------------- variant or associated item `Critical` not found for this enum

error[E0308]: mismatched types
  --> src/infrastructure/surreal.rs:42:24
   |
42 |             namespace: "olympus",
   |                        ^^^^^^^^^ expected `String`, found `&str`
   |
help: try using a conversion method
   |
42 |             namespace: "olympus".to_string(),
   |                                 ++++++++++++

error[E0308]: mismatched types
  --> src/infrastructure/surreal.rs:43:23
   |
43 |             database: "v13",
   |                       ^^^^^ expected `String`, found `&str`
   |
help: try using a conversion method
   |
43 |             database: "v13".to_string(),
   |                            ++++++++++++

error[E0507]: cannot move out of `*child` which is behind a shared reference
   --> src/actors/zeus/supervisor.rs:403:33
    |
403 |                     result.push(*child);
    |                                 ^^^^^^ move occurs because `*child` has type `GodName`, which does not implement the `Copy` trait
    |
help: consider cloning the value if the performance cost is acceptable
    |
403 -                     result.push(*child);
403 +                     result.push(child.clone());
    |

error[E0507]: cannot move out of `*child` which is behind a shared reference
   --> src/actors/zeus/supervisor.rs:404:52
    |
404 |                     self.collect_descendants(deps, *child, result);
    |                                                    ^^^^^^ move occurs because `*child` has type `GodName`, which does not implement the `Copy` trait
    |
help: consider cloning the value if the performance cost is acceptable
    |
404 -                     self.collect_descendants(deps, *child, result);
404 +                     self.collect_descendants(deps, child.clone(), result);
    |

warning: unused variable: `rev_deps`
   --> src/actors/zeus/supervisor.rs:414:13
    |
414 |         let rev_deps = self.reverse_deps.read().await;
    |             ^^^^^^^^ help: if this is intentional, prefix it with an underscore: `_rev_deps`
    |
    = note: `#[warn(unused_variables)]` (part of `#[warn(unused)]`) on by default

warning: unused variable: `max_restarts`
   --> src/actors/zeus/supervisor.rs:594:13
    |
594 |         let max_restarts = self.max_restarts;
    |             ^^^^^^^^^^^^ help: if this is intentional, prefix it with an underscore: `_max_restarts`

warning: unused variable: `now`
   --> src/actors/zeus/metrics.rs:397:13
    |
397 |         let now = Utc::now();
    |             ^^^ help: if this is intentional, prefix it with an underscore: `_now`

error[E0507]: cannot move out of `self.actor` which is behind a shared reference
   --> src/actors/zeus/governance.rs:325:20
    |
325 |             actor: self.actor,
    |                    ^^^^^^^^^^ move occurs because `self.actor` has type `GodName`, which does not implement the `Copy` trait
    |
help: consider cloning the value if the performance cost is acceptable
    |
325 |             actor: self.actor.clone(),
    |                              ++++++++

warning: unused variable: `healthy`
   --> src/actors/zeus/mod.rs:368:21
    |
368 |                 let healthy = health.healthy_count;
    |                     ^^^^^^^ help: if this is intentional, prefix it with an underscore: `_healthy`

error[E0382]: use of partially moved value: `event`
   --> src/actors/zeus/mod.rs:554:36
    |
549 | ...mergencyShutdown { reason, .. } => ThunderEvent::Emergency { re...
    |                       ------ value partially moved here
...
554 | ...nt_tx.send(event);
    |               ^^^^^ value used here after partial move
    |
    = note: partial move occurs because value has type `std::string::String`, which does not implement the `Copy` trait
help: borrow this binding in the pattern to avoid moving the value
    |
549 |             ZeusEvent::EmergencyShutdown { ref reason, .. } => ThunderEvent::Emergency { reason, severity: ThunderSeverity::Critical },
    |                                            +++

error: lifetime may not live long enough
   --> src/actors/poseidon/flow_control.rs:387:30
    |
382 |     pub fn try_acquire(&self) -> Option<FlowPermitImmediate> {
    |                        - let's call the lifetime of this reference `'1`
...
387 |                     _permit: permit,
    |                              ^^^^^^ this usage requires that `'1` must outlive `'static`

error[E0382]: borrow of moved value: `diagnosis`
  --> src/actors/athena/scales.rs:58:17
   |
20 |         let (severity, diagnosis, recommendation) = match score {
   |                        --------- move occurs because `diagnosis` has type `std::string::String`, which does not implement the `Copy` trait
...
51 |             diagnosis,
   |             --------- value moved here
...
58 |                 diagnosis.clone(),
   |                 ^^^^^^^^^ value borrowed here after move
   |
help: consider cloning the value if the performance cost is acceptable
   |
51 |             diagnosis: diagnosis.clone(),
   |                      +++++++++++++++++++

error[E0382]: borrow of moved value: `recommendation`
  --> src/actors/athena/scales.rs:59:17
   |
20 |         let (severity, diagnosis, recommendation) = match score {
   |                                   -------------- move occurs because `recommendation` has type `std::string::String`, which does not implement the `Copy` trait
...
52 |             recommendation,
   |             -------------- value moved here
...
59 |                 recommendation.clone(),
   |                 ^^^^^^^^^^^^^^ value borrowed here after move
   |
help: consider cloning the value if the performance cost is acceptable
   |
52 |             recommendation: recommendation.clone(),
   |                           ++++++++++++++++++++++++

error[E0382]: borrow of moved value: `severity`
   --> src/actors/athena/scales.rs:253:17
    |
219 |         let (severity, recommendation) = match score {
    |              -------- move occurs because `severity` has type `std::string::String`, which does not implement the `Copy` trait
...
233 |             severity,
    |             -------- value moved here
...
253 |                 severity.clone(),
    |                 ^^^^^^^^ value borrowed here after move
    |
help: consider cloning the value if the performance cost is acceptable
    |
233 |             severity: severity.clone(),
    |                     ++++++++++++++++++

error[E0382]: borrow of moved value: `recommendation`
   --> src/actors/athena/scales.rs:254:17
    |
219 |         let (severity, recommendation) = match score {
    |                        -------------- move occurs because `recommendation` has type `std::string::String`, which does not implement the `Copy` trait
...
234 |             recommendation,
    |             -------------- value moved here
...
254 |                 recommendation.clone(),
    |                 ^^^^^^^^^^^^^^ value borrowed here after move
    |
help: consider cloning the value if the performance cost is acceptable
    |
234 |             recommendation: recommendation.clone(),
    |                           ++++++++++++++++++++++++

warning: unused variable: `msg`
   --> src/actors/hermes/mod.rs:301:27
    |
301 |         let deliver_fn = |msg: ActorMessage, to: GodName| async mo...
    |                           ^^^ help: if this is intentional, prefix it with an underscore: `_msg`

warning: unused variable: `to`
   --> src/actors/hermes/mod.rs:301:46
    |
301 | ...fn = |msg: ActorMessage, to: GodName| async move {
    |                             ^^ help: if this is intentional, prefix it with an underscore: `_to`

warning: unused variable: `pattern`
   --> src/actors/hestia/memory_store.rs:265:13
    |
265 |         let pattern = format!("{}:*", self.prefix);
    |             ^^^^^^^ help: if this is intentional, prefix it with an underscore: `_pattern`

error[E0382]: borrow of moved value: `error`
  --> src/actors/hestia/async_buffer.rs:91:19
   |
84 |     pub fn mark_attempt(&mut self, error: Option<String>) {
   |                                    ----- move occurs because `error` has type `std::option::Option<std::string::String>`, which does not implement the `Copy` trait
...
87 |         self.error_message = error;
   |                              ----- value moved here
...
91 |         } else if error.is_some() {
   |                   ^^^^^ value borrowed here after move
   |
help: consider cloning the value if the performance cost is acceptable
   |
87 |         self.error_message = error.clone();
   |                                   ++++++++

warning: unused variable: `table`
   --> src/actors/hestia/sync.rs:524:38
    |
524 | ...fn list_backups(&self, table: &str) -> Vec<BackupMetadata> {
    |                           ^^^^^ help: if this is intentional, prefix it with an underscore: `_table`

warning: unused variable: `l3_value`
   --> src/actors/hestia/sync.rs:688:9
    |
688 |         l3_value: &serde_json::Value,
    |         ^^^^^^^^ help: if this is intentional, prefix it with an underscore: `_l3_value`

warning: unused variable: `direction`
   --> src/actors/hestia/mod.rs:799:35
    |
799 |             HestiaCommand::Sync { direction, keys } => {
    |                                   ^^^^^^^^^ help: try ignoring the field: `direction: _`

Some errors have detailed explanations: E0053, E0061, E0277, E0282, E0308, E0381, E0382, E0407, E0408...
For more information about an error, try `rustc --explain E0053`.
warning: `olympus` (lib) generated 101 warnings
error: could not compile `olympus` (lib) due to 234 previous errors; 101 warnings emitted
